2025-01-17 10:54:11Epoch 1 ended
 y\x  0  1  2  3  4  5  6  7  8  9 10 
 11: -----------------------
 10: |  |  |  |  |  |  |  |  |* |N |  |
  9: |  |  |  |  |  |  |  |  |  |  |E |
  8: |  |  |  |  |  |  |  |  |  |  |  |
  7: |  |  |  |* |NE|  |  |  |  |  |  |
  6: |  |  |  |  |  |* |  |  |  |  |* |
  5: |* |  |* |* |SE|  |* |* |  |* |* |
  4: |  |  |  |  |N |  |  |* |  |  |* |
  3: |N |  |  |  |  |  |  |E |  |  |  |
  2: |  |  |N |SW|  |SW|  |* |  |  |  |
  1: |  |  |  |  |  |  |  |  |  |  |SW|
  0: |  |  |  |  |  |  |  |  |  |  |  |
 -1: -----------------------

2025-01-17 10:54:11Epoch 2 ended
 y\x  0  1  2  3  4  5  6  7  8  9 10 
 11: -----------------------
 10: |  |  |  |  |  |  |  |  |W |NW|  |
  9: |  |  |  |  |  |  |  |  |  |  |  |
  8: |  |  |  |  |  |  |  |  |  |  |  |
  7: |  |  |  |* |  |E |  |  |  |  |  |
  6: |  |* |  |  |  |* |  |  |  |  |* |
  5: |* |  |* |W |  |  |* |* |  |* |* |
  4: |  |  |  |  |* |E |  |N |  |* |* |
  3: |  |  |  |  |  |  |  |  |  |  |W |
  2: |  |  |  |E |  |  |  |* |  |  |* |
  1: |  |  |  |SE|SE|  |  |  |  |  |  |
  0: |SE|  |  |  |  |  |  |  |  |  |  |
 -1: -----------------------

2025-01-17 10:54:11Epoch 3 ended
 y\x  0  1  2  3  4  5  6  7  8  9 10 
 11: -----------------------
 10: |  |  |  |  |  |  |  |  |  |S |  |
  9: |  |  |  |  |  |  |  |  |  |  |  |
  8: |  |  |  |  |NW|  |  |  |  |  |  |
  7: |  |  |  |* |  |  |  |  |  |  |  |
  6: |  |* |* |N |  |* |  |  |  |  |* |
  5: |* |  |* |* |  |  |* |* |  |* |* |
  4: |* |  |  |  |W |  |  |* |  |* |* |
  3: |E |  |  |N |  |  |  |  |SE|  |  |
  2: |  |  |  |  |NE|NE|  |* |  |  |* |
  1: |  |  |  |W |  |  |* |  |  |  |  |
  0: |  |NW|  |  |  |  |  |  |  |  |  |
 -1: -----------------------

2025-01-17 10:54:11Epoch 4 ended
 y\x  0  1  2  3  4  5  6  7  8  9 10 
 11: -----------------------
 10: |  |  |  |  |  |  |  |  |SE|S |  |
  9: |  |  |  |  |  |NE|  |  |  |  |  |
  8: |  |  |  |  |  |  |  |  |  |  |  |
  7: |  |  |  |* |  |  |  |  |  |  |  |
  6: |  |* |* |  |E |* |  |  |  |  |* |
  5: |* |* |* |* |  |  |* |* |  |* |* |
  4: |* |  |* |* |* |E |  |* |  |* |* |
  3: |  |  |  |  |  |  |  |* |  |  |  |
  2: |S |  |  |S |NE|  |E |* |S |  |* |
  1: |  |  |NE|  |  |  |* |  |  |  |  |
  0: |  |  |  |  |  |  |  |  |  |  |  |
 -1: -----------------------

2025-01-17 10:54:11Epoch 5 ended
 y\x  0  1  2  3  4  5  6  7  8  9 10 
 11: -----------------------
 10: |  |  |  |  |  |  |  |SE|  |  |  |
  9: |  |  |  |  |  |  |  |  |  |S |  |
  8: |  |  |  |  |  |  |SE|  |  |  |  |
  7: |  |  |  |* |  |  |  |  |  |  |  |
  6: |* |* |* |  |* |E |  |* |  |  |* |
  5: |* |* |* |* |  |  |* |* |* |* |* |
  4: |* |  |* |* |* |* |  |* |  |* |* |
  3: |N |  |NW|  |  |  |SE|* |  |  |  |
  2: |  |  |  |  |  |  |  |E |  |  |* |
  1: |  |  |  |E |SE|* |* |SW|  |  |  |
  0: |  |  |  |  |  |  |  |  |  |  |  |
 -1: -----------------------

2025-01-17 10:54:11Epoch 6 ended
 y\x  0  1  2  3  4  5  6  7  8  9 10 
 11: -----------------------
 10: |  |  |  |  |  |  |  |  |  |  |  |
  9: |  |  |  |  |  |  |  |  |W |  |  |
  8: |  |* |  |  |  |  |  |  |  |  |  |
  7: |  |  |  |* |  |  |S |  |  |  |  |
  6: |* |* |* |  |* |  |  |* |  |* |* |
  5: |* |* |* |* |SW|  |* |* |* |* |* |
  4: |N |NW|* |* |* |* |  |* |* |* |* |
  3: |  |  |  |  |  |  |NW|* |  |  |  |
  2: |  |  |NW|  |  |NE|NW|SE|  |  |* |
  1: |  |  |  |  |  |* |* |  |  |  |  |
  0: |  |  |  |  |  |SE|  |  |  |  |  |
 -1: -----------------------

2025-01-17 10:54:11Epoch 7 ended
 y\x  0  1  2  3  4  5  6  7  8  9 10 
 11: -----------------------
 10: |  |  |  |  |  |  |  |  |  |NE|  |
  9: |  |  |  |  |  |  |  |  |  |  |  |
  8: |  |* |  |  |* |  |  |  |  |SE|  |
  7: |  |  |  |* |  |  |  |  |  |  |  |
  6: |* |* |* |  |N |SW|  |* |  |* |* |
  5: |* |* |NE|* |* |  |* |* |* |* |* |
  4: |* |  |* |* |* |NW|  |* |* |* |W |
  3: |  |  |  |  |NW|  |  |* |  |  |  |
  2: |  |  |  |  |  |  |  |  |  |  |* |
  1: |  |SW|  |  |  |SW|SW|  |  |  |  |
  0: |  |  |  |  |W |  |  |  |  |  |  |
 -1: -----------------------

2025-01-17 10:54:11Epoch 8 ended
 y\x  0  1  2  3  4  5  6  7  8  9 10 
 11: -----------------------
 10: |  |  |  |  |  |  |  |  |  |  |  |
  9: |  |  |  |  |  |  |  |  |  |S |  |
  8: |  |* |  |  |* |  |  |  |  |  |  |
  7: |  |  |  |* |  |  |  |  |  |S |  |
  6: |* |NW|* |  |* |E |E |* |  |* |* |
  5: |* |* |* |* |* |  |* |* |* |* |* |
  4: |E |* |* |* |* |* |  |* |* |* |* |
  3: |  |  |  |  |  |E |SE|* |  |  |  |
  2: |  |  |  |  |  |N |  |NE|  |  |* |
  1: |* |  |  |  |  |  |  |  |  |  |  |
  0: |SW|  |  |  |N |  |  |  |  |  |  |
 -1: -----------------------

2025-01-17 10:54:11Epoch 9 ended
 y\x  0  1  2  3  4  5  6  7  8  9 10 
 11: -----------------------
 10: |  |  |  |  |  |  |  |  |  |  |  |
  9: |  |  |  |  |  |  |  |  |W |  |  |
  8: |  |* |  |  |* |  |  |  |  |N |  |
  7: |  |  |  |* |  |  |  |  |  |  |  |
  6: |* |  |* |* |* |  |  |* |  |* |* |
  5: |* |* |SE|* |* |S |S |* |* |* |* |
  4: |* |* |* |* |* |* |  |* |* |* |* |
  3: |S |  |* |  |  |  |NE|* |  |  |  |
  2: |  |  |  |  |SW|  |S |  |  |  |* |
  1: |* |  |  |  |  |  |SW|  |  |  |NW|
  0: |  |  |  |NE|  |  |  |  |  |  |  |
 -1: -----------------------

2025-01-17 10:54:11Epoch 10 ended
 y\x  0  1  2  3  4  5  6  7  8  9 10 
 11: -----------------------
 10: |  |  |  |  |  |  |  |  |  |  |  |
  9: |  |* |  |  |  |  |  |  |  |N |  |
  8: |  |* |  |  |* |  |  |  |  |  |  |
  7: |  |  |  |* |  |  |  |  |  |  |  |
  6: |* |  |* |* |* |  |* |* |  |* |* |
  5: |* |W |  |* |* |W |  |* |* |* |* |
  4: |N |* |* |* |* |S |  |* |* |* |* |
  3: |  |  |* |  |N |  |  |E |  |  |  |
  2: |  |  |  |  |  |  |  |  |  |  |N |
  1: |* |  |  |  |  |W |S |  |  |  |  |
  0: |  |  |W |  |  |  |  |  |  |  |  |
 -1: -----------------------

2025-01-17 10:54:11Epoch 11 ended
 y\x  0  1  2  3  4  5  6  7  8  9 10 
 11: -----------------------
 10: |  |  |  |  |  |  |  |  |  |  |  |
  9: |  |* |  |  |* |  |  |  |  |  |E |
  8: |  |* |  |  |* |  |  |  |  |  |  |
  7: |  |  |  |* |  |  |  |  |  |  |  |
  6: |* |  |* |* |NW|* |* |* |  |* |* |
  5: |N |  |  |* |NW|* |* |* |* |* |* |
  4: |  |* |* |* |* |  |  |* |* |* |* |
  3: |  |  |* |  |  |  |  |  |  |  |  |
  2: |  |  |  |SW|  |  |  |NE|  |  |  |
  1: |* |  |  |  |W |  |  |  |  |SW|  |
  0: |  |W |  |  |  |  |  |  |  |  |  |
 -1: -----------------------

2025-01-17 10:54:11Epoch 12 ended
 y\x  0  1  2  3  4  5  6  7  8  9 10 
 11: -----------------------
 10: |  |  |  |  |  |  |* |  |  |NW|N |
  9: |  |* |  |  |* |  |  |  |  |  |  |
  8: |  |* |  |  |* |  |  |  |  |  |  |
  7: |  |  |  |* |N |  |  |  |  |  |  |
  6: |N |  |* |* |  |* |* |* |* |* |* |
  5: |* |* |  |* |* |E |* |* |* |* |W |
  4: |  |* |* |* |* |* |  |* |* |* |* |
  3: |  |  |* |  |  |  |  |  |NE|  |  |
  2: |  |  |  |  |N |  |  |  |E |  |  |
  1: |* |  |NE|  |SE|  |  |  |  |  |  |
  0: |  |  |  |  |  |  |  |  |  |  |SE|
 -1: -----------------------

2025-01-17 10:54:11Epoch 13 ended
 y\x  0  1  2  3  4  5  6  7  8  9 10 
 11: -----------------------
 10: |  |  |  |  |  |  |* |  |  |S |  |
  9: |SE|* |  |  |* |  |  |  |  |  |  |
  8: |  |* |  |  |* |  |  |  |  |  |  |
  7: |  |  |  |* |  |  |  |  |  |  |  |
  6: |* |* |* |SW|  |* |* |* |* |* |W |
  5: |E |* |  |* |* |  |* |* |* |* |* |
  4: |  |* |* |* |* |S |* |* |* |* |* |
  3: |  |  |* |  |  |  |  |  |  |  |  |
  2: |  |NW|  |  |  |  |  |SW|  |  |  |
  1: |* |  |  |W |S |  |  |SW|  |* |  |
  0: |  |  |  |  |  |  |  |  |  |  |  |
 -1: -----------------------

2025-01-17 10:54:11Epoch 14 ended
 y\x  0  1  2  3  4  5  6  7  8  9 10 
 11: -----------------------
 10: |  |  |  |  |  |  |* |  |  |S |  |
  9: |  |* |  |  |* |  |  |  |  |  |  |
  8: |  |* |  |  |* |  |  |  |  |  |SW|
  7: |  |  |NW|* |  |  |  |  |  |  |  |
  6: |E |* |* |* |  |* |* |* |* |* |  |
  5: |  |* |  |* |* |  |* |* |* |* |* |
  4: |S |* |* |* |W |  |* |* |* |* |* |
  3: |  |  |* |  |  |  |  |  |  |  |  |
  2: |  |  |  |  |N |  |W |  |  |  |  |
  1: |NE|S |* |  |  |  |W |  |  |* |  |
  0: |  |  |  |  |  |  |  |  |  |  |  |
 -1: -----------------------

2025-01-17 10:54:11Epoch 15 ended
 y\x  0  1  2  3  4  5  6  7  8  9 10 
 11: -----------------------
 10: |  |  |  |  |  |  |* |  |* |  |  |
  9: |NE|* |  |  |* |  |  |  |  |S |  |
  8: |  |* |  |NE|* |  |  |  |  |  |  |
  7: |  |  |  |* |  |  |  |  |  |  |  |
  6: |* |* |* |* |* |* |* |* |* |* |* |
  5: |N |* |  |* |* |  |* |* |* |* |SW|
  4: |* |* |* |W |* |  |* |* |* |* |* |
  3: |  |  |* |  |  |NE|  |  |  |  |  |
  2: |  |  |NE|  |  |NW|  |  |  |  |  |
  1: |  |E |* |  |S |  |  |  |  |* |  |
  0: |  |  |  |  |  |  |  |  |  |  |  |
 -1: -----------------------

2025-01-17 10:54:11Epoch 16 ended
 y\x  0  1  2  3  4  5  6  7  8  9 10 
 11: -----------------------
 10: |  |NE|  |  |  |  |* |  |* |  |  |
  9: |  |* |  |  |* |  |  |  |W |  |  |
  8: |  |* |  |  |E |  |  |  |  |  |  |
  7: |  |  |  |* |  |  |  |  |  |  |  |
  6: |N |* |* |* |* |* |* |* |* |* |* |
  5: |* |* |  |* |NE|  |* |* |* |* |  |
  4: |* |* |* |  |* |  |NE|* |* |SW|* |
  3: |  |  |* |NE|  |  |NE|  |  |  |  |
  2: |NW|  |  |  |  |NE|  |  |  |  |  |
  1: |  |  |* |  |  |  |SE|  |  |* |* |
  0: |  |  |  |  |  |  |  |  |  |  |  |
 -1: -----------------------

2025-01-17 10:54:11Epoch 17 ended
 y\x  0  1  2  3  4  5  6  7  8  9 10 
 11: -----------------------
 10: |SE|  |  |  |  |  |* |  |* |  |  |
  9: |  |* |  |  |* |  |  |  |  |  |  |
  8: |  |* |  |  |  |  |  |  |  |SE|  |
  7: |  |  |  |* |  |SE|  |  |  |  |  |
  6: |* |* |* |* |* |* |* |* |* |* |W |
  5: |* |* |  |* |* |  |* |* |NW|* |* |
  4: |* |* |* |* |S |NW|* |* |* |  |* |
  3: |  |  |* |  |NW|  |  |SE|  |  |  |
  2: |  |  |  |S |  |  |  |  |  |  |  |
  1: |  |  |* |  |  |  |  |  |  |* |SW|
  0: |  |* |  |  |  |  |  |SE|  |  |  |
 -1: -----------------------

2025-01-17 10:54:11Epoch 18 ended
 y\x  0  1  2  3  4  5  6  7  8  9 10 
 11: -----------------------
 10: |  |  |  |  |  |  |* |* |* |  |W |
  9: |  |* |  |  |* |  |  |  |  |  |  |
  8: |  |* |  |  |  |N |  |  |  |  |  |
  7: |  |  |  |* |  |  |  |  |  |S |  |
  6: |E |* |* |* |* |* |* |* |* |* |* |
  5: |* |* |  |* |* |  |* |* |  |* |* |
  4: |* |* |* |W |  |* |E |SW|* |  |* |
  3: |  |  |* |  |  |E |  |  |  |  |  |
  2: |  |  |  |  |E |  |  |  |  |  |  |
  1: |  |  |* |  |  |  |NW|  |  |* |  |
  0: |  |* |  |  |  |  |  |  |  |SW|  |
 -1: -----------------------

2025-01-17 10:54:11Epoch 19 ended
 y\x  0  1  2  3  4  5  6  7  8  9 10 
 11: -----------------------
 10: |  |  |  |  |  |  |* |* |* |  |S |
  9: |  |* |  |  |* |  |  |  |  |  |  |
  8: |  |* |  |  |  |  |E |  |  |N |  |
  7: |  |  |  |* |  |  |  |* |  |  |  |
  6: |  |* |* |* |* |* |* |* |* |* |* |
  5: |S |* |* |N |* |  |* |* |NE|* |* |
  4: |* |* |* |  |  |* |* |* |* |* |* |
  3: |  |  |* |NW|  |  |  |SE|  |  |  |
  2: |  |  |  |  |SW|  |N |  |  |  |  |
  1: |  |  |* |  |  |  |  |  |NW|* |  |
  0: |  |* |  |  |  |  |  |  |  |  |  |
 -1: -----------------------

2025-01-17 10:54:11Epoch 20 ended
 y\x  0  1  2  3  4  5  6  7  8  9 10 
 11: -----------------------
 10: |  |  |  |  |  |  |* |* |* |  |S |
  9: |  |* |  |  |* |  |  |  |  |N |  |
  8: |  |* |  |  |  |  |  |  |* |  |  |
  7: |  |  |  |* |  |  |S |* |  |  |  |
  6: |N |* |* |N |* |* |* |* |* |* |* |
  5: |* |* |* |* |* |* |* |* |  |* |* |
  4: |* |* |* |  |  |* |* |* |S |* |* |
  3: |  |  |* |  |N |  |N |  |  |  |  |
  2: |  |  |  |S |  |  |  |S |N |  |  |
  1: |  |  |* |  |  |  |  |  |  |* |  |
  0: |  |* |  |  |  |  |  |  |  |  |  |
 -1: -----------------------

2025-01-17 10:54:11Epoch 21 ended
 y\x  0  1  2  3  4  5  6  7  8  9 10 
 11: -----------------------
 10: |  |  |  |  |  |  |* |* |* |  |  |
  9: |  |* |* |  |* |  |  |  |  |  |S |
  8: |  |* |  |  |  |  |  |  |* |  |  |
  7: |N |  |  |* |  |  |  |* |  |  |  |
  6: |* |* |* |* |* |SW|* |* |* |* |* |
  5: |* |* |* |* |SE|* |* |* |  |* |* |
  4: |* |* |* |* |* |* |* |* |  |* |* |
  3: |  |  |* |  |  |  |  |  |S |  |  |
  2: |  |  |  |  |  |SW|  |  |  |  |  |
  1: |  |  |* |  |  |  |  |SW|  |* |  |
  0: |  |* |  |  |  |  |  |  |  |  |  |
 -1: -----------------------

2025-01-17 10:54:11Epoch 22 ended
 y\x  0  1  2  3  4  5  6  7  8  9 10 
 11: -----------------------
 10: |  |  |  |  |  |  |* |* |* |  |  |
  9: |E |* |* |  |* |  |  |  |  |  |  |
  8: |  |* |  |  |  |  |  |  |* |  |  |
  7: |  |  |  |* |  |  |  |* |  |  |W |
  6: |* |* |* |* |W |  |* |* |* |* |* |
  5: |* |* |* |W |* |* |* |* |* |* |* |
  4: |* |* |* |* |* |* |* |* |  |* |* |
  3: |* |  |* |  |  |  |  |W |  |  |  |
  2: |  |  |  |  |  |  |  |  |  |  |  |
  1: |  |  |* |  |SW|  |W |  |  |* |  |
  0: |  |* |  |  |  |  |  |  |SE|  |  |
 -1: -----------------------

2025-01-17 10:54:11Epoch 23 ended
 y\x  0  1  2  3  4  5  6  7  8  9 10 
 11: -----------------------
 10: |  |  |  |  |  |  |* |* |* |  |  |
  9: |  |* |* |  |* |  |  |  |  |  |  |
  8: |  |* |  |  |  |  |  |  |* |  |SW|
  7: |E |  |  |* |  |  |  |* |  |  |  |
  6: |* |* |* |N |* |* |* |* |* |* |* |
  5: |* |* |* |* |* |SE|* |* |* |* |* |
  4: |* |* |* |* |* |* |* |* |  |* |* |
  3: |* |  |* |  |  |* |  |  |  |  |  |
  2: |  |  |  |  |  |NE|  |S |  |  |  |
  1: |  |  |* |  |  |  |  |E |  |* |  |
  0: |  |* |  |  |  |  |  |  |  |NW|  |
 -1: -----------------------

2025-01-17 10:54:11Epoch 24 ended
 y\x  0  1  2  3  4  5  6  7  8  9 10 
 11: -----------------------
 10: |  |  |  |  |  |  |* |* |* |  |  |
  9: |  |* |* |  |* |  |  |  |  |NW|  |
  8: |  |* |  |  |  |  |  |  |* |  |  |
  7: |  |  |  |* |  |  |  |* |  |  |  |
  6: |S |* |* |  |E |* |* |* |* |* |* |
  5: |* |* |* |* |* |* |* |* |* |* |* |
  4: |* |* |* |* |SW|* |* |* |  |* |* |
  3: |* |  |* |* |  |* |  |N |  |  |  |
  2: |  |  |  |  |  |  |E |  |  |  |  |
  1: |  |  |* |  |  |  |W |  |  |* |NE|
  0: |  |* |  |  |  |  |  |  |  |  |  |
 -1: -----------------------

2025-01-17 10:54:11Epoch 25 ended
 y\x  0  1  2  3  4  5  6  7  8  9 10 
 11: -----------------------
 10: |  |  |  |  |  |  |* |* |* |  |  |
  9: |  |* |* |  |* |  |  |  |  |  |  |
  8: |  |* |  |  |  |  |  |  |* |  |SE|
  7: |N |  |  |* |* |  |  |* |  |  |  |
  6: |* |* |* |* |* |E |* |* |* |* |* |
  5: |* |* |* |NW|* |* |* |* |* |* |* |
  4: |* |* |* |* |* |* |* |* |  |* |* |
  3: |* |  |* |* |  |* |  |  |  |  |  |
  2: |  |  |  |  |  |NW|  |E |SE|  |  |
  1: |E |  |* |  |  |  |  |  |  |* |  |
  0: |  |* |  |  |  |  |  |  |  |  |  |
 -1: -----------------------

2025-01-17 10:54:11Epoch 26 ended
 y\x  0  1  2  3  4  5  6  7  8  9 10 
 11: -----------------------
 10: |  |  |  |  |  |  |* |* |* |  |  |
  9: |  |* |* |  |* |  |  |  |  |  |  |
  8: |N |* |  |  |  |  |  |  |* |  |  |
  7: |SE|  |  |* |* |  |  |* |  |  |  |
  6: |* |* |* |N |* |* |* |* |* |* |* |
  5: |* |* |* |* |SW|* |* |* |* |* |* |
  4: |* |* |* |* |* |* |* |* |  |* |* |
  3: |* |  |* |* |NW|* |NW|  |  |  |  |
  2: |  |  |  |  |  |  |  |  |  |  |NW|
  1: |  |  |* |  |  |  |  |  |  |SE|  |
  0: |* |* |  |  |  |  |  |  |  |  |  |
 -1: -----------------------

2025-01-17 10:54:11Epoch 27 ended
 y\x  0  1  2  3  4  5  6  7  8  9 10 
 11: -----------------------
 10: |  |  |  |  |  |  |* |* |* |  |  |
  9: |  |* |* |  |* |  |  |  |  |  |  |
  8: |  |NE|  |  |  |  |  |  |* |  |W |
  7: |  |  |  |* |NE|  |  |* |  |  |  |
  6: |* |* |* |* |N |* |* |* |* |* |* |
  5: |* |* |* |* |* |* |* |* |* |* |* |
  4: |* |* |* |* |* |NE|* |* |* |* |* |
  3: |* |  |* |* |  |* |  |  |  |  |  |
  2: |  |  |  |  |  |  |  |  |  |  |  |
  1: |  |  |* |  |  |  |  |  |  |SW|  |
  0: |* |* |* |  |  |  |  |* |SW|  |  |
 -1: -----------------------

2025-01-17 10:54:11Epoch 28 ended
 y\x  0  1  2  3  4  5  6  7  8  9 10 
 11: -----------------------
 10: |  |  |  |  |  |  |* |* |* |  |  |
  9: |  |* |* |  |* |  |  |  |  |  |  |
  8: |E |  |  |  |  |  |  |  |* |  |  |
  7: |  |S |  |W |  |* |  |* |  |  |  |
  6: |* |* |* |* |  |E |* |* |* |* |* |
  5: |* |* |* |* |* |* |* |* |* |* |* |
  4: |* |* |* |* |* |  |* |* |* |* |* |
  3: |* |  |* |* |SW|* |SE|  |  |  |  |
  2: |  |  |  |  |  |* |  |  |  |  |  |
  1: |  |  |* |  |  |  |  |  |  |  |  |
  0: |* |* |* |  |  |  |  |* |SW|NW|  |
 -1: -----------------------

2025-01-17 10:54:11Epoch 29 ended
 y\x  0  1  2  3  4  5  6  7  8  9 10 
 11: -----------------------
 10: |  |* |  |  |  |  |* |* |* |  |  |
  9: |  |* |* |  |* |  |  |  |  |  |  |
  8: |  |  |  |N |  |  |  |  |* |  |  |
  7: |W |  |  |  |* |* |  |* |  |  |  |
  6: |* |* |* |* |* |* |* |* |* |* |* |
  5: |* |* |* |* |* |S |* |* |* |* |* |
  4: |* |* |* |* |* |NE|* |* |* |* |* |
  3: |* |  |* |* |  |* |  |  |  |  |  |
  2: |  |  |  |  |  |* |S |  |  |  |  |
  1: |  |  |* |  |  |  |  |NW|  |  |  |
  0: |* |* |* |  |  |  |  |* |  |  |NW|
 -1: -----------------------

2025-01-17 10:54:11Epoch 30 ended
 y\x  0  1  2  3  4  5  6  7  8  9 10 
 11: -----------------------
 10: |  |* |  |  |  |* |* |* |* |  |  |
  9: |  |* |* |  |* |  |  |  |  |  |  |
  8: |N |  |  |  |E |  |  |  |* |  |  |
  7: |  |E |  |  |* |* |  |* |  |  |  |
  6: |* |* |* |* |* |* |* |* |* |* |* |
  5: |* |* |* |* |* |* |* |* |* |* |* |
  4: |* |* |* |* |* |S |E |* |* |* |* |
  3: |* |  |* |* |  |* |  |  |  |  |  |
  2: |  |  |  |  |  |* |  |N |  |  |  |
  1: |  |  |* |  |  |  |S |  |  |  |  |
  0: |E |* |* |  |  |  |  |* |  |  |* |
 -1: -----------------------

2025-01-17 10:54:11Epoch 31 ended
 y\x  0  1  2  3  4  5  6  7  8  9 10 
 11: -----------------------
 10: |  |* |  |  |  |* |* |* |* |  |  |
  9: |N |* |* |  |* |  |  |  |  |  |  |
  8: |  |  |  |  |  |  |  |  |* |  |  |
  7: |  |  |E |  |* |SE|  |* |  |  |  |
  6: |* |* |* |* |* |* |* |* |* |* |* |
  5: |* |* |* |* |NW|* |* |* |* |* |* |
  4: |* |* |* |* |* |* |* |E |* |* |* |
  3: |* |  |* |* |  |* |* |  |  |  |  |
  2: |  |  |  |  |  |* |  |NE|  |  |  |
  1: |  |  |* |  |  |  |SW|  |  |  |  |
  0: |  |E |* |* |  |  |  |* |  |  |* |
 -1: -----------------------

2025-01-17 10:54:11Epoch 32 ended
 y\x  0  1  2  3  4  5  6  7  8  9 10 
 11: -----------------------
 10: |  |* |  |  |  |* |* |* |* |  |  |
  9: |  |* |* |  |* |  |  |  |  |  |W |
  8: |  |  |N |  |  |  |  |  |* |  |  |
  7: |  |  |  |  |* |  |  |* |  |  |  |
  6: |* |* |* |* |* |S |* |* |* |* |* |
  5: |* |* |* |* |* |E |* |* |* |* |* |
  4: |* |* |* |* |* |* |* |  |* |* |* |
  3: |* |  |* |* |  |* |* |S |NE|  |  |
  2: |  |  |  |  |  |* |  |  |  |  |  |
  1: |  |  |* |  |  |  |  |  |  |  |  |
  0: |  |N |* |* |* |  |  |SE|  |  |* |
 -1: -----------------------

2025-01-17 10:54:11Epoch 33 ended
 y\x  0  1  2  3  4  5  6  7  8  9 10 
 11: -----------------------
 10: |  |* |  |  |  |* |* |* |* |  |  |
  9: |E |* |* |  |* |  |  |  |  |  |  |
  8: |  |  |  |  |  |  |* |  |* |  |  |
  7: |  |  |  |SE|* |  |NE|* |  |  |  |
  6: |* |* |* |* |* |* |* |* |* |* |* |
  5: |* |* |* |* |* |  |* |* |* |* |* |
  4: |* |* |* |* |* |S |* |N |* |* |* |
  3: |* |  |* |* |  |* |* |  |  |  |  |
  2: |  |  |  |  |  |* |  |SW|  |  |  |
  1: |  |  |* |  |  |  |  |  |  |  |  |
  0: |W |  |* |* |* |  |  |  |NW|  |* |
 -1: -----------------------

2025-01-17 10:54:11Epoch 34 ended
 y\x  0  1  2  3  4  5  6  7  8  9 10 
 11: -----------------------
 10: |  |* |  |  |  |* |* |* |* |  |  |
  9: |  |* |* |  |* |  |  |  |  |  |  |
  8: |S |  |  |  |  |  |* |  |* |  |  |
  7: |  |  |  |  |* |* |* |* |  |  |  |
  6: |* |* |SW|* |* |* |* |SE|* |* |* |
  5: |* |* |* |* |* |  |* |* |* |* |* |
  4: |* |* |* |* |W |* |* |* |* |* |* |
  3: |* |  |* |* |  |* |* |S |  |  |  |
  2: |  |  |  |  |  |* |W |  |  |  |  |
  1: |  |  |* |  |  |  |  |  |  |NE|  |
  0: |  |E |* |* |* |  |  |  |  |  |* |
 -1: -----------------------

2025-01-17 10:54:11Epoch 35 ended
 y\x  0  1  2  3  4  5  6  7  8  9 10 
 11: -----------------------
 10: |  |* |  |  |  |* |* |* |* |  |  |
  9: |N |* |* |  |* |  |  |  |  |  |  |
  8: |  |  |  |  |  |  |* |  |* |  |  |
  7: |  |  |  |NE|* |* |* |* |  |  |  |
  6: |* |* |* |* |* |* |* |* |* |* |* |
  5: |* |* |* |* |* |* |SW|* |* |* |* |
  4: |* |* |* |W |  |* |* |* |* |* |* |
  3: |* |  |* |* |  |* |* |  |  |  |* |
  2: |  |  |  |  |  |W |SW|  |  |  |  |
  1: |  |  |* |  |  |  |  |  |  |  |E |
  0: |NE|  |* |* |* |  |  |  |  |  |* |
 -1: -----------------------

2025-01-17 10:54:11Epoch 36 ended
 y\x  0  1  2  3  4  5  6  7  8  9 10 
 11: -----------------------
 10: |N |* |  |  |  |* |* |* |* |  |  |
  9: |  |* |* |  |* |  |  |  |  |  |  |
  8: |  |  |  |  |NE|  |* |  |* |  |  |
  7: |  |  |  |  |* |* |* |* |  |  |  |
  6: |* |* |* |* |* |* |* |* |* |* |* |
  5: |* |* |* |* |NE|W |* |* |* |* |* |
  4: |* |* |* |  |  |* |* |* |* |* |* |
  3: |* |  |* |* |  |* |* |  |* |  |* |
  2: |  |  |  |  |  |  |  |  |  |NW|  |
  1: |  |NE|* |  |  |SW|SE|  |  |  |  |
  0: |  |  |* |* |* |  |  |  |  |  |* |
 -1: -----------------------

2025-01-17 10:54:11Epoch 37 ended
 y\x  0  1  2  3  4  5  6  7  8  9 10 
 11: -----------------------
 10: |  |* |  |  |  |* |* |* |* |  |W |
  9: |  |* |* |NW|* |  |* |  |  |  |  |
  8: |  |  |  |  |  |  |* |  |* |  |  |
  7: |  |  |* |  |* |* |* |* |  |  |  |
  6: |* |* |* |* |NW|* |* |* |* |* |* |
  5: |* |* |* |* |* |* |* |* |* |* |* |
  4: |* |* |* |* |S |* |* |* |* |* |* |
  3: |* |  |* |* |  |* |* |  |* |  |* |
  2: |  |  |  |  |NW|  |  |  |  |  |  |
  1: |  |  |* |  |  |  |  |  |SW|  |  |
  0: |  |  |SE|* |* |  |  |SE|  |  |* |
 -1: -----------------------

2025-01-17 10:54:11Epoch 38 ended
 y\x  0  1  2  3  4  5  6  7  8  9 10 
 11: -----------------------
 10: |E |* |  |  |  |* |* |* |* |  |  |
  9: |  |* |* |  |E |  |* |  |  |  |  |
  8: |  |  |  |  |  |  |* |* |* |  |  |
  7: |  |  |* |  |* |* |* |* |  |  |  |
  6: |* |* |* |* |  |* |* |* |* |* |* |
  5: |* |* |* |* |S |* |* |* |* |* |* |
  4: |* |* |* |W |* |* |* |* |* |* |* |
  3: |* |  |* |* |  |* |* |  |* |  |* |
  2: |  |  |  |  |  |  |  |  |  |* |  |
  1: |  |  |* |NE|  |SE|NW|  |  |  |  |
  0: |  |  |  |* |* |  |  |SW|  |  |* |
 -1: -----------------------

2025-01-17 10:54:11Epoch 39 ended
 y\x  0  1  2  3  4  5  6  7  8  9 10 
 11: -----------------------
 10: |  |* |  |* |  |* |* |* |* |  |  |
  9: |S |* |* |* |  |  |* |  |  |  |  |
  8: |  |  |  |  |S |  |* |* |* |  |* |
  7: |  |  |* |  |* |* |* |* |  |  |  |
  6: |* |* |* |* |  |* |* |* |* |* |* |
  5: |* |* |* |W |* |* |* |* |* |* |* |
  4: |* |* |* |* |* |* |* |* |* |* |* |
  3: |* |  |* |* |  |* |* |  |* |  |* |
  2: |  |  |  |  |NW|  |N |  |  |* |  |
  1: |  |  |* |  |  |  |NW|  |  |  |  |
  0: |  |  |SW|* |* |  |  |  |  |  |* |
 -1: -----------------------

2025-01-17 10:54:11Epoch 40 ended
 y\x  0  1  2  3  4  5  6  7  8  9 10 
 11: -----------------------
 10: |N |* |  |* |  |* |* |* |* |  |  |
  9: |  |* |* |* |N |  |* |  |  |  |  |
  8: |  |  |  |  |  |  |* |* |* |  |* |
  7: |* |  |* |  |* |* |* |* |  |  |  |
  6: |* |* |* |N |  |* |* |* |* |* |* |
  5: |* |* |* |  |* |* |* |* |* |* |* |
  4: |* |* |* |* |* |* |* |* |* |* |* |
  3: |* |  |* |* |N |* |N |  |* |  |* |
  2: |  |  |  |  |* |  |N |  |  |* |  |
  1: |  |  |N |  |  |  |  |  |  |  |  |
  0: |  |  |  |* |* |  |  |  |  |  |* |
 -1: -----------------------

2025-01-17 10:54:11Epoch 41 ended
 y\x  0  1  2  3  4  5  6  7  8  9 10 
 11: -----------------------
 10: |S |* |  |* |N |* |* |* |* |  |  |
  9: |  |* |* |* |  |* |* |  |  |  |  |
  8: |  |  |  |  |  |  |* |* |* |  |* |
  7: |* |  |* |  |NE|* |* |* |  |  |  |
  6: |* |* |* |* |* |* |* |* |* |* |* |
  5: |* |* |* |  |SE|* |* |* |* |* |* |
  4: |* |* |* |* |N |* |* |* |* |* |* |
  3: |* |  |* |* |  |* |  |  |* |  |* |
  2: |  |  |N |  |* |SW|  |  |  |* |  |
  1: |  |  |  |  |  |SW|  |  |  |  |  |
  0: |  |  |  |* |* |  |  |  |  |  |* |
 -1: -----------------------

2025-01-17 10:54:11Epoch 42 ended
 y\x  0  1  2  3  4  5  6  7  8  9 10 
 11: -----------------------
 10: |  |E |  |W |  |* |* |* |* |  |  |
  9: |  |* |* |* |  |* |* |  |  |  |  |
  8: |  |  |  |  |  |  |* |* |* |  |* |
  7: |* |  |* |  |  |E |* |* |  |  |  |
  6: |* |* |* |* |* |* |* |* |* |* |* |
  5: |* |* |* |W |  |* |* |* |* |* |* |
  4: |* |* |* |* |  |E |* |* |* |* |* |
  3: |* |  |* |* |  |* |  |  |* |  |* |
  2: |  |  |  |E |* |  |  |  |  |* |  |
  1: |  |  |  |  |SW|  |  |  |  |  |  |
  0: |  |  |  |* |* |  |SE|  |  |  |* |
 -1: -----------------------

2025-01-17 10:54:11Epoch 43 ended
 y\x  0  1  2  3  4  5  6  7  8  9 10 
 11: -----------------------
 10: |W |* |  |  |SW|* |* |* |* |  |  |
  9: |  |* |* |* |* |* |* |  |  |  |  |
  8: |  |  |* |  |NW|  |* |* |* |  |* |
  7: |* |  |* |  |  |  |* |* |  |  |  |
  6: |* |* |* |N |* |* |* |* |* |* |* |
  5: |* |* |* |* |  |* |* |* |* |* |* |
  4: |* |* |* |* |W |* |* |* |* |* |* |
  3: |* |  |* |N |  |* |  |  |* |  |* |
  2: |  |  |  |  |* |NE|  |  |  |* |  |
  1: |  |  |  |  |  |  |  |  |  |  |  |
  0: |  |  |  |* |* |  |  |NW|  |  |* |
 -1: -----------------------

2025-01-17 10:54:11Epoch 44 ended
 y\x  0  1  2  3  4  5  6  7  8  9 10 
 11: -----------------------
 10: |S |* |  |SE|  |* |* |* |* |  |  |
  9: |  |* |* |* |* |NE|* |  |  |  |  |
  8: |* |  |* |  |  |  |* |* |* |  |* |
  7: |* |  |* |  |  |  |* |* |  |  |  |
  6: |* |* |* |  |E |* |* |* |* |* |* |
  5: |* |* |* |* |* |* |* |* |* |* |* |
  4: |* |* |* |* |* |E |* |* |* |* |* |
  3: |* |  |* |  |  |* |  |  |* |  |* |
  2: |  |  |  |S |* |  |E |  |  |* |  |
  1: |  |  |  |  |  |  |  |  |NE|  |  |
  0: |  |  |  |* |* |  |  |  |  |  |* |
 -1: -----------------------

2025-01-17 10:54:11Epoch 45 ended
 y\x  0  1  2  3  4  5  6  7  8  9 10 
 11: -----------------------
 10: |S |* |SE|  |  |* |* |* |* |  |  |
  9: |  |* |* |* |* |  |* |  |  |  |  |
  8: |* |  |* |  |  |  |SE|* |* |  |* |
  7: |* |  |* |  |  |  |* |* |  |  |  |
  6: |* |* |* |* |* |E |* |* |* |* |* |
  5: |* |* |* |* |* |* |* |* |* |* |* |
  4: |* |* |* |* |* |* |* |* |* |* |* |
  3: |* |  |NW|  |  |* |SE|  |* |  |* |
  2: |  |  |  |  |* |  |  |E |  |* |  |
  1: |  |  |* |  |  |  |* |  |  |E |  |
  0: |  |  |  |* |* |  |  |  |  |  |* |
 -1: -----------------------

2025-01-17 10:54:11Epoch 46 ended
 y\x  0  1  2  3  4  5  6  7  8  9 10 
 11: -----------------------
 10: |  |* |  |  |  |* |* |* |* |  |  |
  9: |S |* |* |SE|* |  |* |  |  |  |  |
  8: |* |  |* |  |  |  |  |* |* |  |* |
  7: |* |  |* |  |  |  |S |* |  |  |  |
  6: |* |* |* |* |* |  |* |* |* |* |* |
  5: |* |* |* |* |SW|* |* |* |* |* |* |
  4: |* |NW|* |* |* |* |* |* |* |* |* |
  3: |* |  |* |  |  |* |NW|  |* |  |* |
  2: |  |  |  |  |* |  |  |SE|NW|* |  |
  1: |  |  |* |  |  |  |* |  |  |  |  |
  0: |* |  |  |* |* |  |  |  |  |  |* |
 -1: -----------------------

2025-01-17 10:54:11Epoch 47 ended
 y\x  0  1  2  3  4  5  6  7  8  9 10 
 11: -----------------------
 10: |  |* |  |  |NE|* |* |* |* |  |  |
  9: |  |E |* |  |* |  |* |  |  |  |  |
  8: |* |  |* |  |  |  |  |* |* |  |* |
  7: |* |  |* |  |  |  |  |* |  |  |  |
  6: |* |* |* |* |N |SW|* |* |* |* |* |
  5: |* |* |NE|* |* |* |* |* |* |* |* |
  4: |* |* |* |* |* |NW|* |* |* |* |* |
  3: |* |  |* |  |  |* |  |  |* |  |* |
  2: |  |  |  |  |* |  |  |  |  |* |  |
  1: |  |  |* |* |  |  |SW|SW|  |  |  |
  0: |* |  |  |* |* |  |  |  |  |  |* |
 -1: -----------------------

2025-01-17 10:54:11Epoch 48 ended
 y\x  0  1  2  3  4  5  6  7  8  9 10 
 11: -----------------------
 10: |  |* |  |  |  |* |* |* |* |  |  |
  9: |W |  |* |  |S |  |* |  |  |  |  |
  8: |* |  |* |  |  |  |  |* |* |  |* |
  7: |* |  |* |  |  |  |  |* |  |  |  |
  6: |* |NW|* |* |* |E |E |* |* |* |* |
  5: |* |* |* |* |* |* |* |* |* |* |* |
  4: |* |* |* |* |* |  |* |* |* |* |* |
  3: |* |  |* |  |  |* |SE|* |* |  |* |
  2: |  |  |  |  |* |  |  |NE|  |* |  |
  1: |  |  |* |* |  |  |  |  |  |  |  |
  0: |* |  |  |* |* |  |SW|  |  |  |* |
 -1: -----------------------

2025-01-17 10:54:11Epoch 49 ended
 y\x  0  1  2  3  4  5  6  7  8  9 10 
 11: -----------------------
 10: |N |* |  |  |  |* |* |* |* |  |  |
  9: |  |  |* |W |  |  |* |  |  |  |  |
  8: |* |  |* |  |  |  |  |* |* |  |* |
  7: |* |  |* |  |  |  |  |* |  |  |  |
  6: |* |  |* |* |* |* |  |* |* |* |* |
  5: |* |* |SE|* |* |S |S |* |* |* |* |
  4: |* |* |* |* |* |  |* |* |* |* |* |
  3: |* |  |* |  |* |* |  |* |* |  |* |
  2: |  |  |  |  |* |  |S |  |  |* |  |
  1: |  |  |* |* |  |NW|SW|  |  |  |  |
  0: |* |  |  |* |* |  |  |  |  |  |* |
 -1: -----------------------

2025-01-17 10:54:11Epoch 50 ended
 y\x  0  1  2  3  4  5  6  7  8  9 10 
 11: -----------------------
 10: |  |* |  |  |  |* |* |* |* |  |  |
  9: |S |  |* |  |E |* |* |  |  |  |  |
  8: |* |  |* |  |  |  |  |* |* |  |* |
  7: |* |  |* |  |  |  |  |* |  |  |  |
  6: |* |* |* |* |* |* |  |* |* |* |* |
  5: |* |W |  |* |* |W |* |* |* |* |* |
  4: |* |* |* |* |* |S |* |* |* |* |* |
  3: |* |  |* |  |* |* |  |* |* |  |* |
  2: |  |  |  |  |* |N |  |  |  |* |  |
  1: |  |  |* |* |  |W |S |  |  |  |  |
  0: |* |  |  |* |* |  |  |  |  |  |* |
 -1: -----------------------

2025-01-17 10:54:11Epoch 51 ended
 y\x  0  1  2  3  4  5  6  7  8  9 10 
 11: -----------------------
 10: |  |* |  |  |  |* |* |* |* |  |  |
  9: |  |  |* |  |  |E |* |  |  |  |  |
  8: |S |  |* |  |  |  |  |* |* |  |* |
  7: |* |  |* |  |  |  |  |* |  |  |  |
  6: |* |* |* |* |NW|* |  |* |* |* |* |
  5: |W |* |* |* |NW|  |* |* |* |* |* |
  4: |* |* |* |* |* |* |* |* |* |* |* |
  3: |* |  |* |  |* |* |  |* |* |  |* |
  2: |  |  |  |  |* |  |  |NE|  |* |  |
  1: |  |  |* |* |W |* |  |  |  |  |  |
  0: |* |  |  |* |* |  |  |  |  |  |* |
 -1: -----------------------

2025-01-17 10:54:11Epoch 52 ended
 y\x  0  1  2  3  4  5  6  7  8  9 10 
 11: -----------------------
 10: |  |* |  |  |  |N |* |* |* |  |  |
  9: |  |  |* |  |  |  |* |  |  |  |  |
  8: |  |E |* |  |  |  |  |* |* |  |* |
  7: |* |  |* |* |N |  |  |* |  |  |  |
  6: |N |* |* |* |* |* |  |* |* |* |* |
  5: |  |* |* |* |* |E |* |* |* |* |* |
  4: |* |* |* |* |* |* |* |* |* |* |* |
  3: |* |  |* |  |* |* |  |* |NE|  |* |
  2: |  |  |  |  |N |  |  |  |  |* |  |
  1: |  |  |* |* |  |* |  |  |  |  |  |
  0: |* |  |  |* |* |SE|  |  |  |  |* |
 -1: -----------------------

2025-01-17 10:54:11Epoch 53 ended
 y\x  0  1  2  3  4  5  6  7  8  9 10 
 11: -----------------------
 10: |  |* |  |  |  |  |* |* |* |  |  |
  9: |  |  |* |  |  |  |SE|  |  |  |  |
  8: |W |  |* |  |  |  |  |* |* |  |* |
  7: |* |  |* |* |  |  |  |* |  |  |  |
  6: |* |* |* |SW|* |* |  |* |* |* |W |
  5: |* |* |* |* |* |* |* |* |* |* |* |
  4: |* |* |* |* |* |S |* |* |* |* |* |
  3: |* |  |* |  |* |* |  |* |  |  |* |
  2: |  |  |  |  |  |  |  |SW|  |* |  |
  1: |  |  |* |* |S |* |  |  |  |  |  |
  0: |* |* |  |* |* |  |NW|  |  |  |* |
 -1: -----------------------

2025-01-17 10:54:11Epoch 54 ended
 y\x  0  1  2  3  4  5  6  7  8  9 10 
 11: -----------------------
 10: |  |* |  |  |  |  |* |* |* |  |  |
  9: |N |  |* |  |  |  |  |  |  |  |  |
  8: |  |  |* |  |  |SW|  |* |* |  |* |
  7: |* |  |NW|* |  |  |  |* |  |  |  |
  6: |E |* |* |* |* |* |* |* |* |* |* |
  5: |* |* |* |* |* |* |* |* |* |* |* |
  4: |* |* |* |* |W |* |* |* |* |* |* |
  3: |* |  |* |  |* |* |  |* |* |  |* |
  2: |  |  |  |  |N |  |W |  |  |* |  |
  1: |  |  |* |* |  |* |  |NE|  |  |  |
  0: |* |* |  |* |* |  |  |  |  |  |* |
 -1: -----------------------

2025-01-17 10:54:11Epoch 55 ended
 y\x  0  1  2  3  4  5  6  7  8  9 10 
 11: -----------------------
 10: |  |* |  |  |  |  |* |* |* |  |  |
  9: |  |  |* |  |  |  |NE|  |  |  |  |
  8: |S |  |* |NE|  |  |  |* |* |  |* |
  7: |* |  |  |* |  |  |  |* |  |  |  |
  6: |  |* |* |* |* |* |* |* |* |* |* |
  5: |* |* |* |* |* |* |* |* |* |* |SW|
  4: |* |* |* |W |* |* |* |* |* |* |* |
  3: |* |  |* |  |* |NE|  |* |* |  |* |
  2: |  |  |  |  |  |W |  |  |  |* |  |
  1: |  |  |* |* |* |* |  |  |E |  |  |
  0: |* |* |  |* |* |  |  |* |  |  |* |
 -1: -----------------------

2025-01-17 10:54:11Epoch 56 ended
 y\x  0  1  2  3  4  5  6  7  8  9 10 
 11: -----------------------
 10: |  |* |  |  |  |  |* |NE|* |  |  |
  9: |  |  |* |  |  |  |  |  |  |  |  |
  8: |  |  |* |  |E |  |  |* |* |  |* |
  7: |S |  |  |* |  |  |  |* |  |  |  |
  6: |  |* |* |* |* |* |* |* |* |* |* |
  5: |* |* |* |* |NE|* |* |* |* |* |* |
  4: |* |* |* |* |* |* |NE|* |* |SW|* |
  3: |* |  |* |  |* |  |  |* |* |  |* |
  2: |  |  |  |  |  |  |  |NW|  |* |  |
  1: |  |  |* |* |* |* |SE|  |  |* |  |
  0: |* |* |  |* |* |  |  |* |  |  |* |
 -1: -----------------------

2025-01-17 10:54:11Epoch 57 ended
 y\x  0  1  2  3  4  5  6  7  8  9 10 
 11: -----------------------
 10: |  |* |  |  |  |  |SE|  |* |  |  |
  9: |  |  |* |  |  |  |  |  |  |  |  |
  8: |  |  |* |* |  |  |  |* |* |  |* |
  7: |  |E |  |* |  |SE|  |* |  |  |  |
  6: |* |* |* |* |* |* |* |* |* |* |* |
  5: |* |* |* |* |  |* |* |* |NW|* |* |
  4: |* |* |* |* |S |* |  |* |* |* |* |
  3: |* |  |* |  |* |  |  |SE|* |  |* |
  2: |  |  |  |  |  |  |  |  |  |* |  |
  1: |  |  |* |* |* |* |SW|  |  |* |  |
  0: |* |* |  |* |* |  |  |SE|  |  |* |
 -1: -----------------------

2025-01-17 10:54:11Epoch 58 ended
 y\x  0  1  2  3  4  5  6  7  8  9 10 
 11: -----------------------
 10: |  |* |  |  |  |W |  |  |* |  |  |
  9: |  |  |* |  |  |  |  |  |  |  |  |
  8: |  |  |* |* |  |N |  |* |* |  |* |
  7: |W |  |  |* |  |  |  |* |  |  |  |
  6: |* |* |* |* |* |* |* |* |* |* |* |
  5: |* |* |* |* |* |* |* |* |* |* |* |
  4: |* |* |* |W |* |* |NW|SW|* |* |* |
  3: |* |  |* |  |* |  |  |  |* |  |* |
  2: |  |  |  |  |  |  |  |  |* |* |  |
  1: |  |  |* |* |* |* |NW|  |  |* |  |
  0: |* |* |  |* |* |SW|  |  |  |  |* |
 -1: -----------------------

2025-01-17 10:54:11Epoch 59 ended
 y\x  0  1  2  3  4  5  6  7  8  9 10 
 11: -----------------------
 10: |  |* |  |  |  |S |  |  |* |  |  |
  9: |  |  |* |  |  |  |  |  |  |  |  |
  8: |N |  |* |* |  |  |E |* |* |  |* |
  7: |  |  |  |* |  |  |  |* |  |  |  |
  6: |* |* |* |* |* |* |* |* |* |* |* |
  5: |* |* |* |N |* |* |* |* |NE|* |* |
  4: |* |* |* |  |* |* |* |* |* |* |* |
  3: |* |  |* |  |* |  |  |SE|* |  |* |
  2: |  |  |  |  |  |  |N |* |* |* |  |
  1: |  |  |* |* |NW|* |  |  |  |* |  |
  0: |* |* |  |* |* |  |  |  |  |  |* |
 -1: -----------------------

2025-01-17 10:54:11Epoch 60 ended
 y\x  0  1  2  3  4  5  6  7  8  9 10 
 11: -----------------------
 10: |  |* |  |  |  |S |  |  |* |  |  |
  9: |  |  |* |  |  |  |  |  |  |  |  |
  8: |  |  |* |* |  |  |  |* |* |  |* |
  7: |S |  |  |* |  |  |S |* |  |  |  |
  6: |* |* |* |N |* |* |* |* |* |* |* |
  5: |* |* |* |  |* |* |* |* |* |* |* |
  4: |* |* |* |* |* |* |* |* |S |* |* |
  3: |* |  |* |  |* |  |N |  |* |  |* |
  2: |  |  |  |  |N |  |  |S |* |* |  |
  1: |  |* |* |* |  |* |  |  |  |* |  |
  0: |* |* |  |* |* |  |  |  |  |  |* |
 -1: -----------------------

2025-01-17 10:54:11Epoch 61 ended
 y\x  0  1  2  3  4  5  6  7  8  9 10 
 11: -----------------------
 10: |  |* |  |  |* |  |  |  |* |  |  |
  9: |  |  |* |  |  |S |  |  |  |  |  |
  8: |  |  |* |* |  |  |  |* |* |  |* |
  7: |  |  |  |* |  |  |  |* |  |  |  |
  6: |S |* |* |* |* |SW|* |* |* |* |* |
  5: |* |* |* |  |SE|* |* |* |* |* |* |
  4: |* |* |* |* |* |* |* |* |* |* |* |
  3: |* |  |* |  |* |  |  |  |S |  |* |
  2: |  |  |  |  |  |SW|  |  |* |* |  |
  1: |  |* |* |SW|  |* |  |S |  |* |  |
  0: |* |* |  |* |* |  |  |  |  |  |* |
 -1: -----------------------

2025-01-17 10:54:11Epoch 62 ended
 y\x  0  1  2  3  4  5  6  7  8  9 10 
 11: -----------------------
 10: |  |* |  |  |* |  |  |  |* |  |  |
  9: |  |  |* |  |  |  |E |  |  |  |  |
  8: |  |  |* |* |  |  |  |* |* |  |* |
  7: |  |  |  |* |  |  |  |* |  |  |  |
  6: |* |E |* |* |W |* |* |* |* |* |* |
  5: |* |* |* |W |* |* |* |* |* |* |* |
  4: |* |* |* |* |* |* |* |* |* |* |* |
  3: |* |  |* |  |* |  |* |W |  |  |* |
  2: |  |  |  |  |  |  |  |  |* |* |  |
  1: |  |* |* |  |SW|* |W |  |  |* |  |
  0: |* |* |  |* |SE|  |  |  |  |  |* |
 -1: -----------------------

2025-01-17 10:54:11Epoch 63 ended
 y\x  0  1  2  3  4  5  6  7  8  9 10 
 11: -----------------------
 10: |  |* |  |  |* |  |  |  |* |  |  |
  9: |  |  |* |  |  |  |  |  |  |  |  |
  8: |  |  |* |* |  |SW|  |* |* |  |* |
  7: |  |  |  |* |  |  |  |* |  |  |  |
  6: |W |* |* |N |  |* |* |* |* |* |* |
  5: |* |* |* |  |* |SE|* |* |* |* |* |
  4: |* |* |* |* |* |* |* |* |* |* |* |
  3: |* |  |* |  |* |  |* |  |  |  |* |
  2: |  |  |  |  |  |NE|  |S |* |* |  |
  1: |  |* |* |  |  |* |  |E |  |* |  |
  0: |* |* |  |* |  |NW|  |  |* |  |* |
 -1: -----------------------

2025-01-17 10:54:11Epoch 64 ended
 y\x  0  1  2  3  4  5  6  7  8  9 10 
 11: -----------------------
 10: |  |* |  |  |* |  |  |  |* |  |  |
  9: |  |  |* |  |NW|  |  |  |  |  |  |
  8: |  |  |* |* |  |  |  |* |* |  |* |
  7: |N |  |  |* |  |  |  |* |  |  |  |
  6: |* |* |* |* |E |* |* |* |* |* |* |
  5: |* |* |* |* |* |* |* |* |* |* |* |
  4: |* |* |* |* |SW|* |* |* |* |* |* |
  3: |* |  |* |  |* |  |* |N |  |  |* |
  2: |  |  |  |  |  |* |E |  |* |* |  |
  1: |  |* |* |  |  |* |W |  |  |* |  |
  0: |* |* |  |* |  |  |  |  |* |  |* |
 -1: -----------------------

2025-01-17 10:54:11Epoch 65 ended
 y\x  0  1  2  3  4  5  6  7  8  9 10 
 11: -----------------------
 10: |  |* |  |  |* |  |  |  |* |  |  |
  9: |  |  |* |  |  |  |  |  |  |  |  |
  8: |  |  |* |* |  |SE|  |* |* |  |* |
  7: |  |  |  |* |  |  |  |* |  |  |  |
  6: |S |* |* |* |  |E |* |* |* |* |* |
  5: |* |* |* |NW|* |* |* |* |* |* |* |
  4: |* |* |* |* |* |* |* |* |* |* |* |
  3: |* |  |* |  |* |  |* |  |  |  |* |
  2: |  |  |  |  |  |NW|  |E |SE|* |  |
  1: |  |* |* |  |  |* |* |E |  |* |  |
  0: |* |* |  |* |  |  |  |  |* |  |* |
 -1: -----------------------

2025-01-17 10:54:11Epoch 66 ended
 y\x  0  1  2  3  4  5  6  7  8  9 10 
 11: -----------------------
 10: |  |* |  |  |* |  |  |  |* |  |  |
  9: |  |  |* |  |  |  |  |  |  |  |  |
  8: |  |* |* |* |  |  |  |* |* |  |* |
  7: |  |  |  |* |  |  |SE|* |  |  |  |
  6: |* |* |* |N |  |* |* |* |* |* |* |
  5: |S |* |* |* |SW|* |* |* |* |* |* |
  4: |* |* |* |* |* |* |* |* |* |* |* |
  3: |* |  |* |  |NW|  |NW|  |  |  |* |
  2: |  |  |  |  |  |  |NW|  |  |* |  |
  1: |  |* |* |  |  |* |* |  |  |SE|  |
  0: |* |* |  |* |  |  |  |  |* |  |* |
 -1: -----------------------

2025-01-17 10:54:11Epoch 67 ended
 y\x  0  1  2  3  4  5  6  7  8  9 10 
 11: -----------------------
 10: |  |* |  |  |* |  |  |  |* |  |  |
  9: |  |  |* |  |  |  |  |  |  |* |  |
  8: |  |* |* |* |  |  |  |NE|* |  |* |
  7: |  |  |  |* |NE|  |  |* |  |  |  |
  6: |* |* |* |  |N |* |* |* |* |* |* |
  5: |  |E |* |* |* |* |* |* |* |* |* |
  4: |* |* |* |* |* |NE|* |* |* |* |* |
  3: |* |  |* |  |  |  |  |  |  |  |* |
  2: |  |  |  |  |  |  |  |  |  |* |  |
  1: |  |* |* |  |  |SW|* |  |  |  |  |
  0: |* |* |  |* |  |  |  |  |SW|  |* |
 -1: -----------------------

2025-01-17 10:54:11Epoch 68 ended
 y\x  0  1  2  3  4  5  6  7  8  9 10 
 11: -----------------------
 10: |  |* |  |  |* |  |  |  |* |  |  |
  9: |  |  |* |  |  |  |  |  |  |* |  |
  8: |  |* |* |* |  |  |  |  |* |  |* |
  7: |  |  |  |W |  |  |* |S |  |  |  |
  6: |* |* |* |* |* |E |* |* |* |* |* |
  5: |W |* |* |* |* |* |* |* |* |* |* |
  4: |* |* |* |* |* |* |* |* |* |* |* |
  3: |* |  |* |  |SW|  |SE|  |  |  |* |
  2: |  |  |  |  |  |  |  |  |  |* |  |
  1: |  |* |* |  |  |  |* |  |  |  |  |
  0: |* |* |  |* |SW|  |  |  |  |NW|* |
 -1: -----------------------

2025-01-17 10:54:11Epoch 69 ended
 y\x  0  1  2  3  4  5  6  7  8  9 10 
 11: -----------------------
 10: |  |* |  |  |* |  |  |  |* |  |  |
  9: |  |  |* |  |* |  |  |  |  |* |  |
  8: |  |* |* |N |  |  |  |  |* |  |* |
  7: |  |  |  |  |  |  |W |  |  |  |  |
  6: |N |* |* |* |* |* |* |* |* |* |* |
  5: |  |* |* |* |* |S |* |* |* |* |* |
  4: |* |* |* |* |* |NE|* |* |* |* |* |
  3: |* |  |* |  |  |  |  |  |  |  |* |
  2: |  |  |  |  |  |  |S |  |  |* |  |
  1: |  |* |* |NW|  |  |* |  |  |  |  |
  0: |* |* |  |* |  |  |  |  |  |  |NW|
 -1: -----------------------

2025-01-17 10:54:11Epoch 70 ended
 y\x  0  1  2  3  4  5  6  7  8  9 10 
 11: -----------------------
 10: |  |* |  |  |* |  |  |  |* |  |  |
  9: |  |  |* |  |* |  |  |  |  |* |  |
  8: |  |* |* |  |E |  |  |  |* |  |* |
  7: |  |  |  |  |  |  |  |E |  |  |  |
  6: |* |* |* |* |* |* |* |* |* |* |* |
  5: |S |* |* |* |* |* |* |* |* |* |* |
  4: |* |* |* |* |* |S |E |* |* |* |* |
  3: |* |  |* |  |  |  |  |  |  |  |* |
  2: |  |  |  |N |  |  |  |  |  |* |  |
  1: |* |* |* |  |  |  |S |  |  |  |  |
  0: |E |* |  |* |  |  |  |  |  |  |  |
 -1: -----------------------

2025-01-17 10:54:11Epoch 71 ended
 y\x  0  1  2  3  4  5  6  7  8  9 10 
 11: -----------------------
 10: |  |* |  |  |* |  |  |  |* |  |  |
  9: |  |  |* |  |* |  |  |  |  |* |  |
  8: |  |* |* |  |  |  |  |  |* |  |* |
  7: |  |  |  |  |  |SE|  |  |E |  |* |
  6: |* |* |* |* |* |* |* |* |* |* |* |
  5: |* |* |* |* |NW|* |* |* |* |* |* |
  4: |S |* |* |* |* |* |  |E |* |* |* |
  3: |* |  |* |  |  |  |  |  |  |  |* |
  2: |  |  |  |  |  |  |  |NE|  |* |  |
  1: |* |* |SW|  |  |  |  |  |  |  |  |
  0: |  |E |  |* |  |  |  |  |  |  |  |
 -1: -----------------------

2025-01-17 10:54:11Epoch 72 ended
 y\x  0  1  2  3  4  5  6  7  8  9 10 
 11: -----------------------
 10: |  |* |  |  |* |  |  |  |* |  |  |
  9: |  |  |* |  |* |  |  |  |  |* |  |
  8: |  |* |* |  |  |  |  |  |N |  |* |
  7: |  |* |  |  |  |  |  |  |  |  |* |
  6: |* |* |* |* |* |S |* |* |* |* |* |
  5: |* |* |* |* |  |E |* |* |* |* |* |
  4: |* |E |* |* |* |* |* |* |* |* |* |
  3: |* |  |* |  |  |  |  |S |NE|  |* |
  2: |  |  |  |  |  |  |  |  |  |* |  |
  1: |* |* |  |  |  |  |  |  |  |  |  |
  0: |  |N |  |SE|  |  |  |  |  |  |  |
 -1: -----------------------

2025-01-17 10:54:11Epoch 73 ended
 y\x  0  1  2  3  4  5  6  7  8  9 10 
 11: -----------------------
 10: |  |* |  |  |* |  |  |  |* |  |  |
  9: |  |  |* |* |* |  |  |  |  |* |  |
  8: |  |* |* |  |  |  |  |  |  |  |* |
  7: |  |* |  |  |  |  |NE|  |  |SE|* |
  6: |* |* |* |* |* |* |* |* |* |* |* |
  5: |* |* |* |* |  |* |* |* |* |* |* |
  4: |W |* |* |* |* |S |* |N |* |* |* |
  3: |* |  |* |  |  |  |  |  |  |  |* |
  2: |  |  |  |  |  |  |  |SW|  |* |  |
  1: |* |* |  |  |  |  |  |  |  |  |  |
  0: |W |  |  |  |NW|  |  |  |  |  |  |
 -1: -----------------------

2025-01-17 10:54:11Epoch 74 ended
 y\x  0  1  2  3  4  5  6  7  8  9 10 
 11: -----------------------
 10: |  |* |  |  |* |  |  |  |* |  |  |
  9: |  |  |* |* |* |  |  |  |  |* |  |
  8: |  |* |* |  |  |  |  |  |  |  |* |
  7: |  |* |  |  |  |  |  |* |  |  |* |
  6: |* |* |* |* |* |* |* |SE|SW|* |* |
  5: |N |* |* |* |  |* |* |* |* |* |* |
  4: |  |* |* |* |W |* |* |  |* |* |* |
  3: |* |  |* |  |  |  |  |S |  |  |* |
  2: |  |  |  |  |  |  |W |  |  |* |  |
  1: |* |* |  |  |  |NE|  |  |  |  |  |
  0: |  |E |  |  |  |  |  |  |  |  |  |
 -1: -----------------------

2025-01-17 10:54:11Epoch 75 ended
 y\x  0  1  2  3  4  5  6  7  8  9 10 
 11: -----------------------
 10: |  |* |  |  |* |  |  |  |* |  |  |
  9: |  |  |* |* |* |  |  |  |  |* |  |
  8: |  |* |* |  |  |* |  |  |  |  |* |
  7: |  |* |  |  |  |  |  |* |  |NE|* |
  6: |* |* |* |* |* |* |* |* |  |* |* |
  5: |  |* |* |* |* |* |SW|* |* |* |* |
  4: |S |* |* |W |* |* |* |  |* |* |* |
  3: |* |  |* |  |  |  |  |  |  |  |* |
  2: |  |  |  |  |  |W |SW|  |  |* |  |
  1: |* |* |  |  |  |  |E |  |  |  |  |
  0: |NE|  |  |  |  |  |  |  |  |  |  |
 -1: -----------------------

2025-01-17 10:54:11Epoch 76 ended
 y\x  0  1  2  3  4  5  6  7  8  9 10 
 11: -----------------------
 10: |  |* |  |  |* |  |  |  |* |  |  |
  9: |  |  |* |* |* |  |  |  |  |* |  |
  8: |  |* |* |  |  |* |  |  |  |  |NE|
  7: |  |* |* |  |  |  |  |* |  |  |* |
  6: |* |* |* |* |* |* |* |* |  |* |* |
  5: |  |* |* |* |NE|W |  |* |* |* |* |
  4: |  |* |* |* |* |* |* |* |* |* |* |
  3: |S |  |* |  |  |  |  |  |  |  |* |
  2: |  |  |  |  |  |NW|  |  |  |* |  |
  1: |* |NE|  |  |  |SW|SE|  |  |  |  |
  0: |  |  |  |  |  |  |  |  |  |  |  |
 -1: -----------------------

2025-01-17 10:54:11Epoch 77 ended
 y\x  0  1  2  3  4  5  6  7  8  9 10 
 11: -----------------------
 10: |  |* |  |  |* |  |  |  |* |  |  |
  9: |  |  |* |* |* |  |  |  |  |NW|* |
  8: |  |* |* |  |  |* |  |  |  |  |  |
  7: |  |* |* |  |  |  |  |* |  |  |* |
  6: |* |* |* |* |NW|* |* |* |* |* |* |
  5: |  |* |* |* |* |* |  |* |* |* |* |
  4: |* |* |* |* |S |* |* |* |* |* |* |
  3: |  |E |* |  |  |  |  |  |  |  |* |
  2: |  |  |  |  |NW|  |  |  |  |* |  |
  1: |* |  |  |  |SW|  |  |  |  |  |  |
  0: |  |  |SE|  |  |  |  |SE|  |  |  |
 -1: -----------------------

2025-01-17 10:54:11Epoch 78 ended
 y\x  0  1  2  3  4  5  6  7  8  9 10 
 11: -----------------------
 10: |  |* |  |  |* |  |  |  |* |  |  |
  9: |  |  |* |* |* |  |  |  |  |  |E |
  8: |  |* |* |  |  |* |  |  |  |  |  |
  7: |  |* |* |  |  |  |  |* |  |  |* |
  6: |* |* |* |* |* |* |* |* |* |* |* |
  5: |* |* |* |* |S |* |* |* |* |* |* |
  4: |* |* |* |W |  |* |* |* |* |* |* |
  3: |W |  |* |  |  |  |  |  |  |  |* |
  2: |  |  |  |* |  |  |  |  |  |* |  |
  1: |* |  |  |NE|  |SE|NW|  |  |  |  |
  0: |  |  |  |SW|  |  |  |  |  |  |  |
 -1: -----------------------

2025-01-17 10:54:11Epoch 79 ended
 y\x  0  1  2  3  4  5  6  7  8  9 10 
 11: -----------------------
 10: |  |* |  |  |* |  |  |  |* |  |  |
  9: |  |  |* |* |* |  |  |  |  |  |  |
  8: |  |* |* |  |  |* |  |  |  |  |S |
  7: |  |* |* |  |  |  |  |* |  |  |* |
  6: |* |* |* |* |* |* |* |* |* |* |* |
  5: |* |* |* |W |* |* |* |* |* |* |* |
  4: |N |* |* |* |  |* |* |* |* |* |* |
  3: |* |  |* |  |  |  |  |  |  |  |* |
  2: |  |  |  |* |NW|  |N |  |  |* |  |
  1: |* |  |NW|  |  |  |  |  |  |  |  |
  0: |  |  |SW|  |  |  |  |  |  |  |  |
 -1: -----------------------

2025-01-17 10:54:11Epoch 80 ended
 y\x  0  1  2  3  4  5  6  7  8  9 10 
 11: -----------------------
 10: |  |* |  |  |* |  |  |  |* |  |  |
  9: |  |  |* |* |* |  |  |  |  |  |N |
  8: |  |* |* |  |  |* |  |  |  |  |  |
  7: |  |* |* |  |  |  |  |* |  |  |* |
  6: |* |* |* |N |* |* |* |* |* |* |* |
  5: |* |* |* |* |* |* |* |* |* |* |* |
  4: |  |* |* |* |  |* |* |* |* |* |* |
  3: |S |  |* |* |N |  |N |  |  |  |* |
  2: |  |  |N |* |  |  |  |  |  |* |  |
  1: |* |  |N |  |* |  |  |  |  |  |  |
  0: |  |  |  |  |  |  |  |  |  |  |  |
 -1: -----------------------

2025-01-17 10:54:11Epoch 81 ended
 y\x  0  1  2  3  4  5  6  7  8  9 10 
 11: -----------------------
 10: |  |* |  |  |* |  |  |  |* |  |N |
  9: |  |  |* |* |* |  |  |  |  |  |  |
  8: |  |* |* |  |  |* |  |  |  |  |  |
  7: |  |* |* |  |NE|  |  |* |* |  |* |
  6: |* |* |* |  |* |* |* |* |* |* |* |
  5: |* |* |* |* |SE|* |* |* |* |* |* |
  4: |  |* |* |* |N |* |* |* |* |* |* |
  3: |  |  |* |* |  |  |  |  |  |  |* |
  2: |S |  |N |* |  |  |  |  |  |* |  |
  1: |* |SW|  |  |* |  |  |  |  |  |  |
  0: |  |  |  |  |  |  |  |  |  |  |  |
 -1: -----------------------

2025-01-17 10:54:11Epoch 82 ended
 y\x  0  1  2  3  4  5  6  7  8  9 10 
 11: -----------------------
 10: |  |* |  |  |* |  |  |  |* |W |  |
  9: |  |  |* |* |* |  |  |  |  |  |  |
  8: |  |* |* |  |  |* |  |  |  |  |  |
  7: |  |* |* |  |  |E |  |* |* |  |* |
  6: |* |* |* |* |* |* |* |* |* |* |* |
  5: |* |* |* |W |* |* |* |* |* |* |* |
  4: |  |* |* |* |* |E |* |* |* |* |* |
  3: |  |  |* |* |  |  |  |  |  |  |* |
  2: |  |E |  |E |  |  |  |  |  |* |  |
  1: |* |  |  |  |* |  |* |  |  |  |  |
  0: |  |  |SE|  |  |  |  |  |  |  |  |
 -1: -----------------------

2025-01-17 10:54:11Epoch 83 ended
 y\x  0  1  2  3  4  5  6  7  8  9 10 
 11: -----------------------
 10: |  |* |  |  |* |  |  |  |* |  |SW|
  9: |  |  |* |* |* |  |* |  |  |* |  |
  8: |  |* |* |  |NW|* |  |  |  |  |  |
  7: |  |* |* |  |  |  |  |* |* |  |* |
  6: |* |* |* |N |* |* |* |* |* |* |* |
  5: |* |* |* |* |* |* |* |* |* |* |* |
  4: |  |* |* |* |W |* |* |* |* |* |* |
  3: |  |  |* |N |  |  |  |  |  |  |* |
  2: |W |  |  |  |  |  |  |  |  |* |  |
  1: |* |  |  |  |* |  |* |  |  |  |  |
  0: |  |  |  |NW|  |  |  |  |  |  |  |
 -1: -----------------------

2025-01-17 10:54:11Epoch 84 ended
 y\x  0  1  2  3  4  5  6  7  8  9 10 
 11: -----------------------
 10: |  |* |  |  |* |  |  |  |* |SE|  |
  9: |  |  |* |* |* |NE|* |  |  |* |  |
  8: |  |* |* |  |  |* |  |  |  |  |  |
  7: |  |* |* |  |  |  |  |* |* |  |* |
  6: |* |* |* |* |E |* |* |* |* |* |* |
  5: |* |* |* |* |* |* |* |* |* |* |* |
  4: |  |* |* |* |* |E |* |* |* |* |* |
  3: |N |  |* |  |  |  |  |* |  |  |* |
  2: |  |  |  |S |  |  |  |  |  |* |  |
  1: |* |  |  |  |NE|  |* |  |  |  |  |
  0: |  |  |  |  |  |  |  |  |  |  |  |
 -1: -----------------------

2025-01-17 10:54:11Epoch 85 ended
 y\x  0  1  2  3  4  5  6  7  8  9 10 
 11: -----------------------
 10: |* |* |  |  |* |  |  |  |SE|  |  |
  9: |  |  |* |* |* |  |* |  |  |* |  |
  8: |  |* |* |  |  |* |SE|  |  |  |  |
  7: |  |* |* |  |  |  |  |* |* |  |* |
  6: |* |* |* |* |  |E |* |* |* |* |* |
  5: |* |* |* |* |* |* |* |* |* |* |* |
  4: |  |* |* |* |* |* |* |* |* |* |* |
  3: |  |  |NW|* |  |  |SE|* |  |  |* |
  2: |S |  |  |  |  |  |  |  |  |* |  |
  1: |* |  |  |  |  |E |* |  |  |  |  |
  0: |  |  |  |  |  |  |  |  |  |  |  |
 -1: -----------------------

2025-01-17 10:54:11Epoch 86 ended
 y\x  0  1  2  3  4  5  6  7  8  9 10 
 11: -----------------------
 10: |* |* |  |  |* |  |  |  |  |  |  |
  9: |  |  |* |* |* |  |* |  |  |SE|  |
  8: |  |* |* |  |  |* |  |  |  |  |  |
  7: |  |* |* |  |  |  |S |* |* |  |* |
  6: |* |* |* |* |  |  |* |* |* |* |* |
  5: |* |* |* |* |SW|* |* |* |* |* |* |
  4: |* |NW|* |* |* |* |* |* |* |* |* |
  3: |  |  |  |* |  |  |  |* |  |  |* |
  2: |  |  |  |  |NW|  |  |SE|  |* |  |
  1: |S |  |  |  |  |  |* |* |  |  |  |
  0: |  |  |  |  |  |  |  |  |  |  |  |
 -1: -----------------------

2025-01-17 10:54:11Epoch 87 ended
 y\x  0  1  2  3  4  5  6  7  8  9 10 
 11: -----------------------
 10: |* |* |  |  |* |  |  |  |  |  |NE|
  9: |  |  |* |* |* |  |* |  |  |  |  |
  8: |  |* |* |  |  |* |  |  |  |  |  |
  7: |  |* |* |  |  |  |  |* |* |  |* |
  6: |* |* |* |* |N |SW|* |* |* |* |* |
  5: |* |* |NE|* |* |* |* |* |* |* |* |
  4: |* |* |* |* |* |* |* |* |* |* |* |
  3: |  |  |  |* |  |  |  |* |  |  |* |
  2: |  |  |  |  |  |  |  |  |  |* |  |
  1: |  |E |  |SW|  |  |SW|* |  |  |  |
  0: |  |  |  |  |  |* |  |  |  |  |  |
 -1: -----------------------

2025-01-17 10:54:11Epoch 88 ended
 y\x  0  1  2  3  4  5  6  7  8  9 10 
 11: -----------------------
 10: |* |* |* |  |* |  |  |  |  |  |  |
  9: |  |  |* |* |* |  |* |  |  |  |S |
  8: |  |* |* |  |  |* |  |  |  |  |  |
  7: |  |* |* |  |  |  |  |* |* |  |* |
  6: |* |NW|* |* |* |E |E |* |* |* |* |
  5: |* |* |  |* |* |* |* |* |* |* |* |
  4: |* |* |* |* |* |* |* |* |* |* |* |
  3: |  |  |  |* |  |  |  |* |  |  |* |
  2: |  |  |  |  |  |  |  |NE|  |* |  |
  1: |W |  |  |  |  |  |  |* |  |  |  |
  0: |  |  |SW|  |  |* |  |  |  |  |  |
 -1: -----------------------

2025-01-17 10:54:11Epoch 89 ended
 y\x  0  1  2  3  4  5  6  7  8  9 10 
 11: -----------------------
 10: |* |* |* |  |* |  |  |  |  |  |  |
  9: |  |* |* |* |* |  |* |  |  |W |  |
  8: |  |* |* |  |  |* |  |  |  |  |  |
  7: |  |* |* |  |  |  |  |* |* |  |* |
  6: |* |* |* |* |* |* |* |* |* |* |* |
  5: |* |* |SE|* |* |S |S |* |* |* |* |
  4: |* |* |* |* |* |* |* |* |* |* |* |
  3: |  |  |  |* |  |  |  |* |  |  |* |
  2: |N |  |* |  |  |  |  |  |  |* |  |
  1: |  |NW|  |  |  |  |SW|* |  |  |  |
  0: |  |  |  |  |  |* |  |  |  |  |  |
 -1: -----------------------

2025-01-17 10:54:11Epoch 90 ended
 y\x  0  1  2  3  4  5  6  7  8  9 10 
 11: -----------------------
 10: |* |* |* |  |* |  |  |  |  |  |  |
  9: |  |* |* |* |* |  |* |  |  |  |E |
  8: |  |* |* |  |  |* |  |  |  |  |  |
  7: |  |* |* |  |  |  |  |* |* |  |* |
  6: |* |* |* |* |* |* |* |* |* |* |* |
  5: |* |W |  |* |* |W |* |* |* |* |* |
  4: |* |* |* |* |* |S |* |* |* |* |* |
  3: |  |  |  |* |  |  |  |* |  |  |* |
  2: |  |N |* |  |  |  |  |  |  |* |  |
  1: |S |  |* |  |  |W |  |* |  |  |  |
  0: |  |  |  |  |  |* |  |  |  |  |  |
 -1: -----------------------

2025-01-17 10:54:11Epoch 91 ended
 y\x  0  1  2  3  4  5  6  7  8  9 10 
 11: -----------------------
 10: |* |* |* |  |* |  |  |  |  |  |  |
  9: |E |* |* |* |* |  |* |  |  |  |  |
  8: |  |* |* |  |  |* |  |  |  |  |  |
  7: |  |* |* |  |  |  |  |* |* |  |* |
  6: |* |* |* |* |NW|* |* |* |* |* |* |
  5: |W |  |* |* |NW|  |* |* |* |* |* |
  4: |* |* |* |* |* |* |* |* |* |* |* |
  3: |  |* |  |* |  |  |  |* |  |  |* |
  2: |  |  |* |  |  |  |  |  |  |* |  |
  1: |SW|  |* |  |W |  |  |* |  |  |  |
  0: |S |  |  |  |  |* |  |  |  |  |  |
 -1: -----------------------

2025-01-17 10:54:11Epoch 92 ended
 y\x  0  1  2  3  4  5  6  7  8  9 10 
 11: -----------------------
 10: |N |* |* |  |* |  |  |  |  |  |  |
  9: |  |* |* |* |* |  |* |  |  |  |  |
  8: |  |* |* |  |* |* |  |  |  |  |  |
  7: |  |* |* |  |N |  |  |* |* |  |* |
  6: |N |* |* |* |* |* |* |* |* |* |* |
  5: |* |  |* |* |* |E |* |* |* |* |* |
  4: |* |* |* |* |* |* |* |* |* |* |* |
  3: |  |* |  |* |  |  |  |* |  |  |* |
  2: |  |  |* |  |N |  |  |  |  |* |  |
  1: |  |  |* |  |  |  |  |* |  |  |  |
  0: |  |E |  |  |  |* |  |  |  |  |  |
 -1: -----------------------

2025-01-17 10:54:11Epoch 93 ended
 y\x  0  1  2  3  4  5  6  7  8  9 10 
 11: -----------------------
 10: |  |* |* |  |* |  |  |  |  |  |  |
  9: |  |SE|* |* |* |  |* |  |  |  |  |
  8: |  |* |* |  |* |* |  |  |  |  |  |
  7: |  |* |* |  |  |  |  |* |* |  |* |
  6: |  |* |* |SW|* |* |* |* |* |* |W |
  5: |* |* |* |* |* |* |* |* |* |* |* |
  4: |* |* |* |* |* |S |* |* |* |* |* |
  3: |  |* |  |* |  |  |  |* |  |  |* |
  2: |* |  |* |  |  |  |  |  |  |* |  |
  1: |  |  |* |  |S |  |  |* |  |  |  |
  0: |W |  |NW|  |  |* |  |  |  |  |  |
 -1: -----------------------

2025-01-17 10:54:11Epoch 94 ended
 y\x  0  1  2  3  4  5  6  7  8  9 10 
 11: -----------------------
 10: |  |* |* |  |* |  |  |  |  |  |  |
  9: |  |  |* |* |* |  |* |  |  |  |  |
  8: |SW|* |* |  |* |* |  |  |  |  |  |
  7: |  |* |NW|  |  |  |  |* |* |  |* |
  6: |E |* |* |  |* |* |* |* |* |* |* |
  5: |* |* |* |* |* |* |* |* |* |* |* |
  4: |* |* |* |* |W |* |* |* |* |* |* |
  3: |  |* |  |* |  |  |  |* |  |  |* |
  2: |* |  |* |  |N |  |  |  |  |* |  |
  1: |N |* |* |NE|  |  |  |* |  |  |  |
  0: |  |  |  |  |  |* |  |  |  |  |  |
 -1: -----------------------

2025-01-17 10:54:11Epoch 95 ended
 y\x  0  1  2  3  4  5  6  7  8  9 10 
 11: -----------------------
 10: |  |* |* |  |* |  |  |  |  |  |  |
  9: |  |NE|* |* |* |  |* |  |  |  |  |
  8: |  |* |* |NE|* |* |  |  |  |  |  |
  7: |  |* |* |  |  |  |  |* |* |  |* |
  6: |* |* |* |  |* |* |* |* |* |* |* |
  5: |* |* |* |* |* |* |* |* |* |* |SW|
  4: |* |* |* |W |* |* |* |* |* |* |* |
  3: |  |* |  |* |  |NE|  |* |  |  |* |
  2: |* |  |* |  |  |  |  |  |  |* |  |
  1: |  |* |* |  |E |  |  |* |  |  |  |
  0: |S |  |  |  |  |* |  |  |  |  |  |
 -1: -----------------------

2025-01-17 10:54:11Epoch 96 ended
 y\x  0  1  2  3  4  5  6  7  8  9 10 
 11: -----------------------
 10: |  |* |NE|  |* |  |  |  |  |  |  |
  9: |  |  |* |* |* |  |* |  |  |  |  |
  8: |  |* |* |  |E |* |  |  |  |  |  |
  7: |  |* |* |  |  |  |  |* |* |  |* |
  6: |* |* |* |  |* |* |* |* |* |* |* |
  5: |* |* |* |* |NE|* |* |* |* |* |* |
  4: |* |* |* |* |* |* |NE|* |* |SW|* |
  3: |  |* |  |* |  |  |  |* |  |  |* |
  2: |* |  |* |NW|  |  |  |  |  |* |  |
  1: |* |* |* |  |  |  |  |* |  |  |  |
  0: |N |  |  |  |  |* |  |  |  |  |  |
 -1: -----------------------

2025-01-17 10:54:11Epoch 97 ended
 y\x  0  1  2  3  4  5  6  7  8  9 10 
 11: -----------------------
 10: |  |SE|  |  |* |  |  |  |  |  |  |
  9: |  |  |* |* |* |  |* |  |  |  |  |
  8: |  |* |* |  |  |* |  |  |  |  |  |
  7: |  |* |* |  |* |SE|  |* |* |  |* |
  6: |* |* |* |  |* |* |* |* |* |* |* |
  5: |* |* |* |* |* |* |* |* |NW|* |* |
  4: |* |* |* |* |S |* |* |* |* |  |* |
  3: |  |* |  |* |  |  |  |SE|  |  |* |
  2: |* |  |* |  |  |  |  |  |  |* |  |
  1: |* |* |SW|  |  |  |  |* |  |  |  |
  0: |  |  |  |  |  |* |  |  |  |  |W |
 -1: -----------------------

2025-01-17 10:54:11Epoch 98 ended
 y\x  0  1  2  3  4  5  6  7  8  9 10 
 11: -----------------------
 10: |W |  |  |  |* |  |  |  |  |  |  |
  9: |  |  |* |* |* |  |* |  |  |  |  |
  8: |  |* |* |  |  |N |  |  |  |  |  |
  7: |  |* |* |  |* |  |  |* |* |  |* |
  6: |* |* |* |* |* |* |* |* |* |* |* |
  5: |* |* |* |* |* |* |* |* |* |* |* |
  4: |* |* |* |W |* |* |NW|SW|* |* |* |
  3: |  |* |  |* |  |  |  |  |  |  |* |
  2: |* |  |* |  |  |  |  |  |  |* |  |
  1: |* |* |  |* |  |  |  |* |  |  |  |
  0: |E |SW|  |  |  |* |  |  |  |  |  |
 -1: -----------------------

2025-01-17 10:54:11Epoch 99 ended
 y\x  0  1  2  3  4  5  6  7  8  9 10 
 11: -----------------------
 10: |S |  |  |  |* |* |  |  |  |  |  |
  9: |  |  |* |* |* |  |* |  |  |  |  |
  8: |  |* |* |  |  |  |E |  |  |  |  |
  7: |  |* |* |  |* |  |  |* |* |  |* |
  6: |* |* |* |* |* |* |* |* |* |* |* |
  5: |* |* |* |N |* |* |* |* |NE|* |* |
  4: |* |* |* |* |* |* |* |  |* |* |* |
  3: |  |* |  |* |  |  |  |SE|  |  |* |
  2: |* |  |* |  |  |  |  |  |  |* |  |
  1: |NW|* |  |* |  |  |  |* |  |  |  |
  0: |N |  |  |  |  |* |  |  |  |  |  |
 -1: -----------------------

2025-01-17 10:54:11Epoch 100 ended
 y\x  0  1  2  3  4  5  6  7  8  9 10 
 11: -----------------------
 10: |S |  |  |  |* |* |  |  |  |  |  |
  9: |  |  |* |* |* |  |* |  |  |  |  |
  8: |  |* |* |  |  |  |  |  |  |  |  |
  7: |  |* |* |  |* |  |S |* |* |  |* |
  6: |* |* |* |N |* |* |* |* |* |* |* |
  5: |* |* |* |  |* |* |* |* |* |* |* |
  4: |* |* |* |* |* |* |* |* |S |* |* |
  3: |  |* |  |* |  |  |  |  |  |  |* |
  2: |N |  |* |  |  |  |* |S |  |* |  |
  1: |  |* |  |* |  |  |  |* |  |  |  |
  0: |N |  |  |  |  |* |  |  |  |  |  |
 -1: -----------------------

