(Map 4dba3699-6105-4543-ad4a-672e605fc0cb) Update #1: Epoch 1 ended
 y\x  0  1  2  3  4  5  6  7  8  9 10 
 11: -----------------------
 10: |1|* |  |  |  |  |  |  |  |  |  |
  9: |  |  |  |  |  |  |  |  |  |  |  |
  8: |  |  |  |  |  |  |1|  |6|5|6|
  7: |  |  |  |  |  |  |  |  |  |  |  |
  6: |* |  |* |* |  |6|  |* |7|  |  |
  5: |  |  |  |* |  |* |  |* |  |  |* |
  4: |* |  |  |* |  |  |1|  |  |  |  |
  3: |  |  |  |* |  |  |  |3|  |  |  |
  2: |  |  |  |  |  |  |5|4|  |  |  |
  1: |* |  |  |  |  |  |  |  |  |  |  |
  0: |  |  |  |  |  |  |  |  |  |  |  |
 -1: -----------------------
(Map 4dba3699-6105-4543-ad4a-672e605fc0cb) Update #2: Epoch 2 ended
 y\x  0  1  2  3  4  5  6  7  8  9 10 
 11: -----------------------
 10: |  |* |  |  |  |  |  |  |  |  |  |
  9: |  |4|  |  |  |  |  |  |  |8|  |
  8: |  |  |  |  |  |  |  |3|  |3|  |
  7: |  |  |  |  |  |  |  |8|6|2|  |
  6: |* |* |* |* |7|  |  |* |* |  |  |
  5: |  |  |  |* |  |* |  |2|  |* |* |
  4: |^ |  |  |* |  |  |  |  |  |  |  |
  3: |  |  |  |* |  |  |  |1|  |  |  |
  2: |  |  |  |  |  |7|  |5|  |  |  |
  1: |* |  |  |  |  |  |  |  |  |  |  |
  0: |  |  |  |  |  |  |  |  |  |  |  |
 -1: -----------------------
(Map 4dba3699-6105-4543-ad4a-672e605fc0cb) Update #3: Epoch 3 ended
 y\x  0  1  2  3  4  5  6  7  8  9 10 
 11: -----------------------
 10: |8|* |  |  |  |  |  |  |8|  |  |
  9: |  |  |  |  |  |  |  |  |  |  |  |
  8: |  |  |  |  |  |  |8|  |3|  |  |
  7: |  |  |  |  |  |  |  |* |  |5|  |
  6: |* |* |* |7|* |  |* |* |* |5|  |
  5: |  |  |  |* |  |* |  |  |3|* |* |
  4: |* |  |* |* |  |  |  |  |  |  |  |
  3: |  |  |  |* |8|  |  |  |  |  |  |
  2: |  |  |  |  |  |  |6|  |  |  |  |
  1: |* |  |* |  |  |  |6|  |  |  |  |
  0: |  |  |  |  |  |  |  |  |  |  |  |
 -1: -----------------------
(Map 4dba3699-6105-4543-ad4a-672e605fc0cb) Update #4: Epoch 4 ended
 y\x  0  1  2  3  4  5  6  7  8  9 10 
 11: -----------------------
 10: |  |* |  |  |  |  |  |  |  |  |  |
  9: |  |  |  |  |  |  |1|  |5|  |  |
  8: |  |  |  |* |  |  |  |  |  |3|  |
  7: |  |  |  |  |2|  |  |* |7|  |2|
  6: |* |* |* |* |* |  |* |8|* |* |  |
  5: |  |  |  |* |  |* |* |  |  |* |* |
  4: |* |  |^ |* |  |  |* |  |  |  |* |
  3: |  |  |  |* |  |8|  |  |  |  |  |
  2: |  |  |  |6|  |  |  |  |  |  |  |
  1: |* |  |* |  |  |7|  |  |  |  |  |
  0: |  |  |  |  |  |  |  |  |  |  |  |
 -1: -----------------------
(Map 4dba3699-6105-4543-ad4a-672e605fc0cb) Update #5: Epoch 5 ended
 y\x  0  1  2  3  4  5  6  7  8  9 10 
 11: -----------------------
 10: |  |* |  |  |  |  |1|  |  |  |  |
  9: |  |* |  |  |  |  |  |  |  |  |  |
  8: |2|  |  |* |  |  |  |6|  |  |  |
  7: |  |  |  |  |  |  |  |* |6|  |  |
  6: |* |* |* |* |5|  |* |  |* |4|  |
  5: |  |  |  |* |* |* |6|  |  |* |* |
  4: |* |  |^ |* |  |  |* |* |* |  |* |
  3: |  |  |  |* |  |  |  |  |  |  |  |
  2: |  |  |  |  |3|  |2|  |  |  |  |
  1: |* |  |* |  |  |  |  |  |  |  |  |
  0: |  |  |  |  |  |  |  |  |  |  |  |
 -1: -----------------------
(Map 4dba3699-6105-4543-ad4a-672e605fc0cb) Update #6: Epoch 6 ended
 y\x  0  1  2  3  4  5  6  7  8  9 10 
 11: -----------------------
 10: |  |* |  |  |  |7|  |  |  |  |  |
  9: |  |* |  |  |  |  |  |  |  |  |8|
  8: |  |  |  |* |  |  |  |  |3|  |  |
  7: |  |  |  |  |  |2|* |* |  |1|2|
  6: |* |* |* |* |* |  |* |6|* |  |* |
  5: |  |  |* |^ |* |* |* |  |  |* |^ |
  4: |* |  |^ |* |  |6|* |* |* |  |* |
  3: |  |  |  |^ |1|  |  |  |  |  |  |
  2: |  |  |  |7|  |  |  |  |  |  |  |
  1: |* |  |* |  |  |  |  |4|  |  |  |
  0: |  |  |  |  |  |  |  |  |  |  |  |
 -1: -----------------------
(Map 4dba3699-6105-4543-ad4a-672e605fc0cb) Update #7: Epoch 7 ended
 y\x  0  1  2  3  4  5  6  7  8  9 10 
 11: -----------------------
 10: |  |* |  |  |4|  |  |  |  |  |  |
  9: |3|* |  |  |  |  |  |  |  |7|  |
  8: |  |  |  |* |* |  |  |  |  |  |  |
  7: |3|  |  |  |  |  |8|* |5|  |  |
  6: |* |* |* |^ |* |* |* |  |6|  |^ |
  5: |  |* |^ |^ |^ |* |* |* |  |^ |* |
  4: |* |  |^ |* |7|  |* |* |* |  |^ |
  3: |  |  |  |1|  |  |  |  |  |  |  |
  2: |  |  |  |6|  |  |  |  |  |  |  |
  1: |* |  |* |  |  |  |  |  |  |  |  |
  0: |  |  |  |  |  |  |6|  |  |  |  |
 -1: -----------------------
(Map 4dba3699-6105-4543-ad4a-672e605fc0cb) Update #8: Epoch 8 ended
 y\x  0  1  2  3  4  5  6  7  8  9 10 
 11: -----------------------
 10: |  |* |  |  |  |  |  |  |  |  |  |
  9: |  |* |  |  |  |4|  |  |  |  |3|
  8: |  |  |  |* |* |8|  |  |  |  |8|
  7: |  |  |  |  |  |  |  |3|  |  |  |
  6: |* |* |^ |* |^ |* |* |  |5|  |^ |
  5: |  |^ |^ |8|^ |^ |* |* |  |^ |* |
  4: |* |  |^ |* |2|* |* |^ |* |  |* |
  3: |  |  |  |^ |  |  |  |  |  |  |  |
  2: |  |  |  |  |3|  |  |  |  |  |  |
  1: |* |  |* |  |  |  |  |  |  |  |  |
  0: |  |  |  |* |  |7|  |  |  |  |  |
 -1: -----------------------
