(Map 50407935-b825-4653-8462-edc4e7947701) Update #1: Epoch 1 ended
 y\x  0  1  2  3  4  5  6  7  8  9 10 
 11: -----------------------
 10: |  |  |  |  |  |  |  |  |  |  |  |
  9: |  |  |7|  |  |  |  |  |  |  |  |
  8: |  |  |6|2|  |  |  |  |  |  |* |
  7: |  |  |  |3|  |  |  |  |  |  |  |
  6: |  |* |* |  |* |* |  |  |* |  |  |
  5: |  |* |  |* |* |  |  |  |  |  |  |
  4: |  |* |* |  |  |  |* |  |  |  |* |
  3: |  |1|  |  |  |  |  |  |  |  |  |
  2: |  |  |  |  |  |* |  |  |  |2|  |
  1: |  |  |4|  |  |  |  |  |  |  |  |
  0: |  |  |4|  |  |  |  |6|3|  |  |
 -1: -----------------------
(Map 50407935-b825-4653-8462-edc4e7947701) Update #2: Epoch 2 ended
 y\x  0  1  2  3  4  5  6  7  8  9 10 
 11: -----------------------
 10: |  |  |  |2|  |  |  |  |  |  |  |
  9: |  |  |  |  |  |  |  |  |  |  |  |
  8: |  |  |7|  |  |  |  |  |  |  |* |
  7: |  |  |  |4|  |  |  |  |  |  |  |
  6: |  |* |* |  |4|* |  |  |* |  |  |
  5: |  |^ |  |* |* |  |  |  |  |* |* |
  4: |  |* |* |  |  |  |* |  |* |* |* |
  3: |  |  |3|  |  |  |  |  |  |  |  |
  2: |  |  |  |2|  |* |  |  |  |  |3|
  1: |* |  |  |2|  |  |8|  |  |  |  |
  0: |  |  |  |8|  |  |  |  |  |8|  |
 -1: -----------------------
(Map 50407935-b825-4653-8462-edc4e7947701) Update #3: Epoch 3 ended
 y\x  0  1  2  3  4  5  6  7  8  9 10 
 11: -----------------------
 10: |  |  |  |  |6|  |  |  |  |  |  |
  9: |  |  |  |  |  |  |  |  |  |  |  |
  8: |  |  |* |3|  |  |  |  |  |  |* |
  7: |  |  |  |8|  |  |  |  |  |  |  |
  6: |* |^ |* |5|  |* |  |  |* |  |* |
  5: |  |* |  |* |* |  |  |  |  |* |* |
  4: |  |^ |* |  |  |  |* |* |* |* |* |
  3: |  |  |  |  |  |  |  |  |  |  |  |
  2: |3|  |  |4|  |* |1|  |  |  |  |
  1: |* |  |8|  |4|  |  |  |  |  |  |
  0: |  |  |  |  |  |  |  |  |  |1|3|
 -1: -----------------------
(Map 50407935-b825-4653-8462-edc4e7947701) Update #4: Epoch 4 ended
 y\x  0  1  2  3  4  5  6  7  8  9 10 
 11: -----------------------
 10: |  |  |  |  |5|  |  |  |  |  |  |
  9: |  |  |  |  |  |  |  |  |  |  |  |
  8: |  |  |^ |  |  |  |  |  |  |  |* |
  7: |  |  |  |  |3|  |  |  |  |  |  |
  6: |^ |^ |^ |* |3|* |* |  |* |  |* |
  5: |* |* |  |* |* |  |  |  |* |* |* |
  4: |  |^ |^ |  |  |  |* |* |* |* |* |
  3: |  |  |  |1|  |  |  |  |  |  |  |
  2: |  |  |1|8|  |7|  |  |  |* |  |
  1: |* |4|  |3|  |  |  |  |  |8|  |
  0: |  |  |  |  |  |  |  |  |2|  |  |
 -1: -----------------------
(Map 50407935-b825-4653-8462-edc4e7947701) Update #5: Epoch 5 ended
 y\x  0  1  2  3  4  5  6  7  8  9 10 
 11: -----------------------
 10: |  |  |  |  |5|  |  |  |  |  |  |
  9: |  |  |  |  |  |  |  |  |  |  |  |
  8: |  |  |^ |  |1|  |  |  |  |  |* |
  7: |  |  |  |  |  |  |  |  |  |  |  |
  6: |^ |^ |^ |^ |  |4|* |  |* |  |* |
  5: |^ |* |  |* |5|  |* |  |* |* |* |
  4: |* |* |^ |  |2|  |* |* |* |* |* |
  3: |  |  |  |  |8|  |  |  |  |  |  |
  2: |  |  |  |  |3|  |  |  |  |1|  |
  1: |* |  |5|  |  |  |  |  |  |  |  |
  0: |  |  |4|  |  |  |  |2|  |  |  |
 -1: -----------------------
(Map 50407935-b825-4653-8462-edc4e7947701) Update #6: Epoch 6 ended
 y\x  0  1  2  3  4  5  6  7  8  9 10 
 11: -----------------------
 10: |  |  |  |  |  |3|  |  |  |  |  |
  9: |  |  |  |  |  |  |  |  |  |  |  |
  8: |  |  |^ |  |  |3|  |  |  |  |* |
  7: |  |  |  |  |  |  |  |  |  |  |  |
  6: |^ |* |^ |* |  |2|* |  |* |  |^ |
  5: |^ |* |  |^ |* |2|* |* |* |* |* |
  4: |^ |* |^ |  |  |  |* |* |* |* |* |
  3: |  |  |  |  |  |  |  |  |  |  |  |
  2: |* |8|  |  |5|  |  |  |  |  |3|
  1: |* |  |1|6|  |  |  |  |  |  |  |
  0: |  |  |1|  |  |  |  |1|  |  |  |
 -1: -----------------------
(Map 50407935-b825-4653-8462-edc4e7947701) Update #7: Epoch 7 ended
 y\x  0  1  2  3  4  5  6  7  8  9 10 
 11: -----------------------
 10: |  |  |  |  |  |  |  |  |  |  |  |
  9: |  |  |  |  |6|  |  |  |* |  |  |
  8: |  |  |^ |  |  |  |  |  |  |  |* |
  7: |  |  |  |  |8|  |4|  |  |  |  |
  6: |* |* |^ |* |  |  |2|  |* |  |^ |
  5: |^ |* |* |^ |^ |  |* |* |* |* |* |
  4: |* |* |^ |  |  |  |4|* |* |* |* |
  3: |8|  |  |  |  |  |  |  |  |  |  |
  2: |* |  |  |7|  |  |  |  |  |  |  |
  1: |4|7|  |2|  |  |  |  |  |  |  |
  0: |  |  |  |  |4|  |  |  |8|  |  |
 -1: -----------------------
(Map 50407935-b825-4653-8462-edc4e7947701) Update #8: Epoch 8 ended
 y\x  0  1  2  3  4  5  6  7  8  9 10 
 11: -----------------------
 10: |  |  |* |  |  |  |  |  |  |  |  |
  9: |  |  |  |  |  |  |  |  |* |  |  |
  8: |  |  |^ |6|1|8|  |  |  |  |* |
  7: |  |  |  |  |  |  |  |  |  |  |  |
  6: |* |* |^ |* |  |  |  |  |* |  |* |
  5: |^ |^ |^ |* |^ |6|* |* |* |^ |* |
  4: |* |* |^ |  |* |  |  |* |* |* |8|
  3: |  |  |8|  |  |  |5|  |  |  |  |
  2: |* |  |  |  |2|  |  |  |  |  |  |
  1: |  |  |  |  |  |  |  |  |  |2|7|
  0: |  |  |4|2|  |  |  |  |  |  |  |
 -1: -----------------------
(Map 50407935-b825-4653-8462-edc4e7947701) Update #9: Epoch 9 ended
 y\x  0  1  2  3  4  5  6  7  8  9 10 
 11: -----------------------
 10: |  |  |* |  |  |  |  |  |  |  |  |
  9: |  |  |  |1|  |  |  |  |* |  |  |
  8: |  |  |* |7|  |  |3|  |  |  |* |
  7: |  |  |  |  |  |  |  |  |  |  |  |
  6: |* |^ |^ |* |  |  |  |  |* |* |* |
  5: |* |^ |^ |* |7|* |* |* |^ |^ |1|
  4: |* |^ |^ |  |^ |  |  |2|* |^ |* |
  3: |  |  |  |  |  |  |  |  |  |  |  |
  2: |* |6|  |  |  |3|  |  |  |  |  |
  1: |  |8|  |  |  |  |  |  |7|  |  |
  0: |4|  |2|  |  |  |  |  |  |  |  |
 -1: -----------------------
(Map 50407935-b825-4653-8462-edc4e7947701) Update #10: Epoch 10 ended
 y\x  0  1  2  3  4  5  6  7  8  9 10 
 11: -----------------------
 10: |  |  |* |  |  |  |  |  |  |  |  |
  9: |  |  |  |1|  |  |1|  |* |  |  |
  8: |  |  |* |5|  |  |  |  |  |  |* |
  7: |  |  |  |  |  |  |  |  |  |  |  |
  6: |^ |^ |  |* |  |  |  |  |^ |^ |* |
  5: |* |* |^ |7|^ |^ |* |^ |^ |^ |^ |
  4: |* |* |* |  |^ |  |  |* |3|^ |5|
  3: |  |  |  |  |  |  |  |  |  |  |  |
  2: |7|  |  |  |  |  |3|  |  |  |  |
  1: |  |  |3|  |  |  |  |  |  |3|  |
  0: |1|  |1|  |* |  |  |  |  |  |  |
 -1: -----------------------
(Map 50407935-b825-4653-8462-edc4e7947701) Update #11: Epoch 11 ended
 y\x  0  1  2  3  4  5  6  7  8  9 10 
 11: -----------------------
 10: |  |  |* |  |  |  |  |  |  |  |  |
  9: |  |  |  |  |  |  |  |3|* |  |  |
  8: |  |  |6|  |3|  |  |  |  |  |* |
  7: |  |  |  |  |  |* |  |  |  |  |  |
  6: |^ |^ |8|^ |  |  |  |* |^ |* |* |
  5: |^ |* |^ |^ |* |^ |^ |^ |^ |8|^ |
  4: |* |* |^ |  |^ |  |  |^ |^ |3|^ |
  3: |  |  |  |  |  |  |  |  |  |  |  |
  2: |  |  |  |  |  |  |  |  |  |  |  |
  1: |  |4|  |  |  |  |  |4|  |  |  |
  0: |  |6|  |8|* |  |  |  |6|  |  |
 -1: -----------------------
(Map 50407935-b825-4653-8462-edc4e7947701) Update #12: Epoch 12 ended
 y\x  0  1  2  3  4  5  6  7  8  9 10 
 11: -----------------------
 10: |  |  |* |  |  |  |  |  |  |  |  |
  9: |  |  |  |  |  |  |  |  |^ |  |  |
  8: |  |  |  |  |  |  |  |  |4|  |* |
  7: |  |  |  |6|  |* |  |  |  |  |  |
  6: |^ |^ |^ |^ |  |* |  |^ |8|* |^ |
  5: |^ |* |^ |  |* |* |^ |* |^ |^ |^ |
  4: |^ |* |^ |  |^ |  |  |^ |^ |^ |^ |
  3: |  |  |  |  |  |  |  |  |  |5|  |
  2: |  |  |  |  |  |  |  |  |  |  |  |
  1: |  |* |  |  |  |  |  |  |1|  |  |
  0: |6|  |8|  |* |  |  |5|* |  |  |
 -1: -----------------------
(Map 50407935-b825-4653-8462-edc4e7947701) Update #13: Epoch 13 ended
 y\x  0  1  2  3  4  5  6  7  8  9 10 
 11: -----------------------
 10: |  |  |* |  |  |  |  |  |  |  |  |
  9: |  |  |  |  |  |  |  |8|^ |  |  |
  8: |  |* |  |  |  |  |  |  |  |  |* |
  7: |  |  |  |  |  |* |  |8|  |  |  |
  6: |^ |^ |6|5|  |^ |  |^ |^ |* |^ |
  5: |^ |* |^ |  |^ |* |* |* |^ |^ |  |
  4: |^ |* |^ |  |* |  |  |^ |^ |^ |^ |
  3: |  |  |  |  |  |* |  |  |  |  |  |
  2: |  |  |  |  |  |  |  |* |6|  |  |
  1: |  |* |  |  |  |  |  |  |  |3|  |
  0: |  |  |1|3|* |  |  |1|* |  |7|
 -1: -----------------------
(Map 50407935-b825-4653-8462-edc4e7947701) Update #14: Epoch 14 ended
 y\x  0  1  2  3  4  5  6  7  8  9 10 
 11: -----------------------
 10: |  |  |* |  |  |  |  |  |  |  |  |
  9: |  |  |  |  |  |  |  |  |3|  |  |
  8: |  |* |  |  |  |  |  |1|  |  |* |
  7: |  |  |1|  |  |^ |  |  |  |  |  |
  6: |^ |* |^ |^ |3|^ |  |^ |^ |* |^ |
  5: |^ |^ |* |  |^ |* |* |* |^ |* |  |
  4: |^ |* |^ |  |* |  |  |^ |* |^ |  |
  3: |  |  |  |  |  |* |  |  |  |  |  |
  2: |* |  |  |  |  |  |  |* |8|3|  |
  1: |  |* |8|  |  |  |  |  |2|  |  |
  0: |  |  |1|  |8|  |  |  |* |  |1|
 -1: -----------------------
(Map 50407935-b825-4653-8462-edc4e7947701) Update #15: Epoch 15 ended
 y\x  0  1  2  3  4  5  6  7  8  9 10 
 11: -----------------------
 10: |* |  |* |  |  |  |  |  |1|  |  |
  9: |  |  |  |  |  |  |  |  |^ |  |  |
  8: |  |* |  |  |  |  |  |  |  |  |* |
  7: |  |  |  |  |  |^ |  |5|  |  |  |
  6: |^ |^ |5|* |  |^ |  |^ |* |* |^ |
  5: |^ |^ |^ |  |5|* |* |* |  |* |  |
  4: |^ |^ |^ |  |^ |  |  |^ |* |* |  |
  3: |  |  |  |  |  |* |  |  |  |  |  |
  2: |* |  |1|  |  |  |  |* |  |2|  |
  1: |2|* |  |  |  |  |  |  |  |4|4|
  0: |  |  |  |8|  |3|  |  |* |  |  |
 -1: -----------------------
(Map 50407935-b825-4653-8462-edc4e7947701) Update #16: Epoch 16 ended
 y\x  0  1  2  3  4  5  6  7  8  9 10 
 11: -----------------------
 10: |* |  |* |  |  |  |  |  |  |3|  |
  9: |  |  |  |  |  |  |  |  |^ |  |  |
  8: |  |* |  |  |  |  |8|  |  |  |* |
  7: |  |  |  |  |  |^ |  |  |  |  |  |
  6: |  |^ |* |3|  |2|  |^ |^ |^ |* |
  5: |* |^ |^ |  |^ |^ |* |^ |  |* |  |
  4: |^ |* |^ |  |^ |  |  |^ |^ |^ |  |
  3: |  |  |  |  |  |* |  |  |  |  |  |
  2: |* |  |  |3|  |  |  |* |  |  |3|
  1: |  |* |  |  |  |  |  |  |7|  |7|
  0: |4|  |  |  |2|  |* |  |^ |  |  |
 -1: -----------------------
(Map 50407935-b825-4653-8462-edc4e7947701) Update #17: Epoch 17 ended
 y\x  0  1  2  3  4  5  6  7  8  9 10 
 11: -----------------------
 10: |* |  |* |  |  |  |  |  |  |  |  |
  9: |  |  |  |  |  |8|  |  |^ |  |4|
  8: |  |* |  |  |  |  |  |  |  |  |* |
  7: |  |  |  |  |8|^ |  |  |  |  |  |
  6: |* |^ |* |  |  |^ |  |* |^ |^ |* |
  5: |^ |^ |6|* |^ |^ |^ |^ |  |* |  |
  4: |^ |* |  |  |^ |  |  |  |^ |^ |  |
  3: |  |  |  |  |  |* |  |* |  |  |  |
  2: |* |  |  |  |  |  |  |* |  |2|1|
  1: |4|* |  |8|4|  |  |  |  |  |  |
  0: |  |  |  |  |  |  |* |  |^ |  |  |
 -1: -----------------------
(Map 50407935-b825-4653-8462-edc4e7947701) Update #18: Epoch 18 ended
 y\x  0  1  2  3  4  5  6  7  8  9 10 
 11: -----------------------
 10: |^ |  |* |  |8|  |  |  |  |8|  |
  9: |  |  |  |  |  |  |  |  |  |  |  |
  8: |  |* |  |  |1|  |  |  |  |  |* |
  7: |  |  |  |  |  |^ |  |  |  |  |  |
  6: |^ |^ |* |  |  |^ |  |^ |^ |^ |^ |
  5: |^ |^ |* |^ |* |^ |^ |^ |  |* |  |
  4: |  |6|  |  |^ |* |  |* |^ |^ |  |
  3: |2|  |  |  |  |* |  |* |  |  |  |
  2: |* |  |  |  |2|  |  |* |  |  |  |
  1: |  |* |  |7|  |  |  |  |  |  |4|
  0: |3|4|  |6|  |  |* |  |^ |  |  |
 -1: -----------------------
(Map 50407935-b825-4653-8462-edc4e7947701) Update #19: Epoch 19 ended
 y\x  0  1  2  3  4  5  6  7  8  9 10 
 11: -----------------------
 10: |^ |* |* |  |5|  |  |  |  |  |3|
  9: |  |  |  |  |  |  |  |  |  |  |  |
  8: |  |* |  |7|* |  |  |  |  |  |* |
  7: |  |  |  |  |  |^ |  |  |  |  |  |
  6: |^ |^ |* |  |  |  |  |* |^ |^ |^ |
  5: |^ |1|* |^ |^ |^ |* |^ |  |* |  |
  4: |  |^ |  |  |* |* |  |^ |^ |^ |8|
  3: |  |  |  |  |  |* |  |* |  |  |  |
  2: |* |  |  |  |  |  |  |* |  |  |1|
  1: |  |* |  |6|2|  |  |  |  |  |8|
  0: |  |1|  |  |4|  |* |  |^ |  |  |
 -1: -----------------------
(Map 50407935-b825-4653-8462-edc4e7947701) Update #20: Epoch 20 ended
 y\x  0  1  2  3  4  5  6  7  8  9 10 
 11: -----------------------
 10: |^ |^ |* |  |5|  |  |  |  |  |5|
  9: |  |  |  |1|  |  |  |  |  |  |  |
  8: |  |* |  |  |* |  |  |  |  |  |* |
  7: |  |  |  |  |  |  |  |  |  |  |  |
  6: |* |* |* |  |* |  |  |* |^ |^ |^ |
  5: |^ |  |* |^ |^ |^ |* |^ |  |* |1|
  4: |  |5|  |  |* |* |  |^ |^ |^ |  |
  3: |  |  |  |  |  |^ |  |^ |  |  |  |
  2: |* |  |  |1|  |  |  |* |  |* |1|
  1: |  |1|  |  |  |  |  |  |  |  |5|
  0: |  |  |  |  |1|  |* |  |^ |  |  |
 -1: -----------------------
(Map 50407935-b825-4653-8462-edc4e7947701) Update #21: Epoch 21 ended
 y\x  0  1  2  3  4  5  6  7  8  9 10 
 11: -----------------------
 10: |^ |^ |^ |4|  |  |  |  |  |7|  |
  9: |  |  |  |  |  |  |  |  |  |  |  |
  8: |  |* |6|  |* |  |  |  |  |  |* |
  7: |* |  |  |  |  |  |  |  |  |  |  |
  6: |* |^ |* |  |^ |* |* |* |* |^ |^ |
  5: |^ |* |^ |^ |^ |^ |* |^ |  |^ |  |
  4: |  |* |3|  |^ |* |  |^ |^ |6|  |
  3: |  |  |  |  |  |^ |  |^ |  |  |1|
  2: |* |  |2|  |  |  |  |^ |  |8|  |
  1: |  |  |  |8|4|  |  |  |  |  |  |
  0: |  |  |  |  |  |3|* |  |^ |  |  |
 -1: -----------------------
(Map 50407935-b825-4653-8462-edc4e7947701) Update #22: Epoch 22 ended
 y\x  0  1  2  3  4  5  6  7  8  9 10 
 11: -----------------------
 10: |^ |^ |^ |  |  |  |  |  |4|  |  |
  9: |  |  |  |  |4|  |  |  |  |  |  |
  8: |  |* |  |  |* |  |  |  |  |  |* |
  7: |^ |  |  |4|  |  |  |  |  |  |  |
  6: |* |^ |* |  |* |* |^ |* |^ |  |^ |
  5: |^ |^ |^ |* |^ |  |* |  |8|^ |  |
  4: |  |* |  |  |^ |* |  |^ |  |  |* |
  3: |3|6|  |  |  |^ |  |^ |  |  |  |
  2: |* |  |  |3|  |2|  |^ |  |  |3|
  1: |  |  |  |* |  |  |  |  |  |  |  |
  0: |  |  |6|  |  |  |8|  |  |  |  |
 -1: -----------------------
(Map 50407935-b825-4653-8462-edc4e7947701) Update #23: Epoch 23 ended
 y\x  0  1  2  3  4  5  6  7  8  9 10 
 11: -----------------------
 10: |^ |^ |^ |  |  |  |  |4|  |  |  |
  9: |  |  |  |  |  |  |  |  |  |  |  |
  8: |  |* |  |  |* |4|  |  |  |  |* |
  7: |^ |  |  |  |  |  |  |  |  |  |  |
  6: |* |^ |* |5|* |* |* |* |1|* |^ |
  5: |  |^ |^ |* |* |  |^ |  |  |^ |  |
  4: |  |^ |  |  |^ |* |  |* |  |  |* |
  3: |  |  |  |  |  |^ |  |^ |  |  |  |
  2: |6|4|  |  |3|  |  |^ |  |  |  |
  1: |  |  |  |* |  |  |4|  |  |  |5|
  0: |  |  |  |3|  |* |  |3|  |  |  |
 -1: -----------------------
(Map 50407935-b825-4653-8462-edc4e7947701) Update #24: Epoch 24 ended
 y\x  0  1  2  3  4  5  6  7  8  9 10 
 11: -----------------------
 10: |  |^ |^ |  |  |  |7|  |  |  |  |
  9: |  |  |  |  |  |  |  |  |  |  |  |
  8: |  |* |  |  |* |  |  |  |  |  |* |
  7: |^ |  |  |  |  |5|  |  |  |  |  |
  6: |^ |* |^ |  |3|* |* |7|^ |^ |  |
  5: |  |^ |^ |^ |* |  |^ |* |  |^ |  |
  4: |  |^ |* |  |^ |* |  |* |* |  |* |
  3: |1|1|  |* |  |^ |  |^ |  |  |  |
  2: |2|  |  |  |  |8|  |^ |  |  |  |
  1: |  |  |  |* |  |4|8|  |  |  |  |
  0: |  |  |7|  |  |* |  |  |  |  |  |
 -1: -----------------------
(Map 50407935-b825-4653-8462-edc4e7947701) Update #25: Epoch 25 ended
 y\x  0  1  2  3  4  5  6  7  8  9 10 
 11: -----------------------
 10: |  |^ |^ |  |  |  |  |  |* |  |  |
  9: |  |  |  |  |  |  |5|  |  |  |  |
  8: |  |* |  |  |* |1|  |  |  |  |* |
  7: |^ |  |  |  |  |  |8|  |  |  |  |
  6: |^ |* |^ |  |* |* |* |^ |^ |^ |  |
  5: |  |^ |^ |^ |5|  |^ |^ |  |^ |  |
  4: |  |^ |2|* |^ |^ |  |* |* |  |* |
  3: |  |  |  |* |  |^ |  |^ |  |  |  |
  2: |5|  |  |  |  |  |1|^ |  |  |  |
  1: |  |  |  |2|  |  |  |  |  |  |6|
  0: |  |  |  |  |  |* |4|  |  |  |  |
 -1: -----------------------
(Map 50407935-b825-4653-8462-edc4e7947701) Update #26: Epoch 26 ended
 y\x  0  1  2  3  4  5  6  7  8  9 10 
 11: -----------------------
 10: |  |  |^ |  |  |  |  |  |* |  |  |
  9: |  |  |  |  |  |7|  |  |  |  |  |
  8: |  |* |  |  |* |  |  |  |  |  |* |
  7: |^ |  |  |  |  |  |4|  |  |  |  |
  6: |^ |* |^ |  |* |2|5|^ |* |^ |* |
  5: |  |* |^ |2|* |* |^ |^ |  |^ |  |
  4: |  |^ |^ |^ |^ |^ |  |* |^ |  |* |
  3: |  |  |  |* |  |  |  |  |  |  |  |
  2: |  |3|  |  |  |  |  |3|  |  |1|
  1: |  |  |  |* |  |6|  |  |  |  |  |
  0: |  |  |  |5|  |* |1|  |  |  |  |
 -1: -----------------------
(Map 50407935-b825-4653-8462-edc4e7947701) Update #27: Epoch 27 ended
 y\x  0  1  2  3  4  5  6  7  8  9 10 
 11: -----------------------
 10: |  |  |  |  |8|  |  |  |* |  |  |
  9: |  |  |  |  |  |  |  |  |  |  |  |
  8: |  |* |  |  |* |  |  |  |  |  |* |
  7: |^ |  |  |  |8|  |  |  |  |  |  |
  6: |^ |^ |^ |  |^ |7|^ |4|* |^ |* |
  5: |  |* |  |^ |* |^ |^ |* |  |  |  |
  4: |  |^ |^ |* |4|^ |  |* |^ |  |* |
  3: |  |  |  |^ |  |  |* |  |  |  |  |
  2: |  |  |  |  |  |  |  |  |  |  |  |
  1: |6|  |  |* |  |  |  |2|4|  |  |
  0: |  |  |  |  |3|* |4|  |  |  |  |
 -1: -----------------------
(Map 50407935-b825-4653-8462-edc4e7947701) Update #28: Epoch 28 ended
 y\x  0  1  2  3  4  5  6  7  8  9 10 
 11: -----------------------
 10: |  |  |  |  |  |  |  |  |* |  |  |
  9: |  |  |  |  |  |4|  |  |  |  |  |
  8: |  |* |  |  |1|  |  |  |  |  |* |
  7: |  |  |  |  |8|  |  |  |  |  |  |
  6: |^ |* |^ |  |^ |  |* |* |^ |^ |* |
  5: |  |^ |  |^ |* |^ |^ |* |4|  |  |
  4: |  |* |^ |* |* |^ |  |* |^ |  |* |
  3: |  |  |  |^ |5|  |* |  |  |  |  |
  2: |  |  |  |  |  |  |  |  |2|  |  |
  1: |  |  |  |8|  |  |  |7|  |  |  |
  0: |  |  |  |  |  |2|  |  |* |  |6|
 -1: -----------------------
(Map 50407935-b825-4653-8462-edc4e7947701) Update #29: Epoch 29 ended
 y\x  0  1  2  3  4  5  6  7  8  9 10 
 11: -----------------------
 10: |  |  |  |  |  |  |  |  |* |  |  |
  9: |  |  |  |  |7|  |  |  |  |  |  |
  8: |  |* |  |7|  |  |* |  |  |  |* |
  7: |  |  |  |  |  |  |  |  |  |  |  |
  6: |* |* |^ |6|^ |  |^ |* |^ |^ |* |
  5: |  |* |* |^ |* |^ |  |* |  |  |  |
  4: |  |^ |^ |* |^ |2|  |* |5|  |* |
  3: |  |  |  |^ |  |  |* |  |  |  |  |
  2: |  |  |  |  |  |  |  |  |  |3|  |
  1: |  |  |  |  |  |  |  |  |  |  |1|
  0: |3|  |  |  |2|  |  |  |4|  |  |
 -1: -----------------------
(Map 50407935-b825-4653-8462-edc4e7947701) Update #30: Epoch 30 ended
 y\x  0  1  2  3  4  5  6  7  8  9 10 
 11: -----------------------
 10: |  |  |  |  |  |  |  |  |* |  |  |
  9: |  |  |  |1|  |  |  |  |  |  |  |
  8: |  |* |  |  |5|  |* |  |  |  |* |
  7: |  |  |  |  |  |  |  |  |  |  |  |
  6: |^ |* |7|  |^ |* |^ |^ |^ |  |* |
  5: |  |* |^ |* |* |^ |  |* |1|* |  |
  4: |  |* |^ |* |^ |* |3|* |^ |  |* |
  3: |  |  |  |^ |  |  |* |  |  |  |  |
  2: |  |  |  |  |  |  |  |  |  |  |3|
  1: |  |  |  |  |  |  |  |  |  |  |  |
  0: |  |  |  |7|1|  |  |  |1|  |7|
 -1: -----------------------
(Map 50407935-b825-4653-8462-edc4e7947701) Update #31: Epoch 31 ended
 y\x  0  1  2  3  4  5  6  7  8  9 10 
 11: -----------------------
 10: |* |  |  |  |  |  |  |  |* |  |  |
  9: |  |  |  |  |  |  |  |  |  |  |  |
  8: |  |* |6|7|* |  |* |  |  |  |* |
  7: |  |  |  |  |  |  |  |  |  |  |  |
  6: |^ |* |* |  |^ |^ |^ |* |^ |  |* |
  5: |  |* |^ |4|^ |^ |  |^ |  |* |  |
  4: |  |* |  |* |^ |* |* |3|^ |4|* |
  3: |  |  |  |^ |  |  |* |  |  |  |  |
  2: |  |  |  |  |  |  |  |  |  |  |  |
  1: |2|  |  |  |2|  |  |  |  |  |  |
  0: |3|  |  |  |  |8|  |  |  |3|  |
 -1: -----------------------
(Map 50407935-b825-4653-8462-edc4e7947701) Update #32: Epoch 32 ended
 y\x  0  1  2  3  4  5  6  7  8  9 10 
 11: -----------------------
 10: |* |  |  |  |  |  |  |  |* |  |  |
  9: |  |  |8|* |  |  |  |  |  |  |  |
  8: |  |* |  |  |^ |  |* |  |  |  |* |
  7: |  |  |  |4|  |  |  |  |  |  |  |
  6: |^ |* |* |  |^ |^ |^ |* |^ |  |* |
  5: |  |* |^ |^ |^ |^ |  |* |  |* |* |
  4: |  |* |6|^ |* |* |^ |^ |  |  |* |
  3: |  |  |  |^ |  |  |* |5|  |  |4|
  2: |  |  |  |8|  |  |  |  |  |  |  |
  1: |  |  |  |  |  |  |  |  |  |  |  |
  0: |5|  |  |  |2|  |  |  |  |  |8|
 -1: -----------------------
(Map 50407935-b825-4653-8462-edc4e7947701) Update #33: Epoch 33 ended
 y\x  0  1  2  3  4  5  6  7  8  9 10 
 11: -----------------------
 10: |* |  |  |  |  |  |  |  |* |  |  |
  9: |  |  |  |* |  |  |  |  |  |  |  |
  8: |  |* |  |4|^ |  |* |  |  |  |* |
  7: |  |  |  |  |  |  |  |  |  |  |  |
  6: |^ |^ |* |5|  |^ |^ |* |^ |  |* |
  5: |  |* |^ |^ |* |  |* |* |* |* |* |
  4: |  |7|  |^ |* |* |* |^ |  |  |* |
  3: |  |  |  |  |  |  |^ |  |  |  |  |
  2: |4|  |  |  |  |  |6|  |  |  |  |
  1: |2|  |  |5|  |  |  |  |  |  |  |
  0: |1|  |  |* |  |8|  |  |  |  |7|
 -1: -----------------------
(Map 50407935-b825-4653-8462-edc4e7947701) Update #34: Epoch 34 ended
 y\x  0  1  2  3  4  5  6  7  8  9 10 
 11: -----------------------
 10: |* |  |  |  |  |  |  |  |* |  |  |
  9: |  |  |  |* |  |  |* |* |  |  |  |
  8: |  |* |7|  |^ |  |* |  |  |  |* |
  7: |  |  |  |  |  |  |  |  |  |  |  |
  6: |^ |^ |* |  |3|* |^ |* |  |  |* |
  5: |  |^ |^ |^ |* |  |^ |* |^ |* |* |
  4: |  |^ |* |^ |* |* |* |^ |* |  |* |
  3: |  |5|  |  |  |  |^ |  |  |  |  |
  2: |  |  |  |1|  |  |  |3|  |  |  |
  1: |5|2|  |  |  |  |  |  |  |  |8|
  0: |5|  |  |* |  |  |8|  |  |  |  |
 -1: -----------------------
(Map 50407935-b825-4653-8462-edc4e7947701) Update #35: Epoch 35 ended
 y\x  0  1  2  3  4  5  6  7  8  9 10 
 11: -----------------------
 10: |* |  |  |  |  |  |  |  |* |  |  |
  9: |  |  |  |* |  |  |* |* |  |  |  |
  8: |  |* |  |  |^ |  |* |  |  |  |* |
  7: |  |  |5|  |  |  |  |  |  |  |  |
  6: |^ |^ |* |  |  |* |  |* |  |  |* |
  5: |  |^ |^ |^ |5|* |^ |* |^ |^ |* |
  4: |* |  |* |^ |^ |* |* |^ |^ |  |* |
  3: |  |  |  |  |  |  |^ |  |  |  |  |
  2: |1|  |2|  |  |  |  |  |  |  |1|
  1: |1|  |  |  |4|  |  |  |4|  |  |
  0: |  |* |  |* |  |  |  |3|  |  |  |
 -1: -----------------------
(Map 50407935-b825-4653-8462-edc4e7947701) Update #36: Epoch 36 ended
 y\x  0  1  2  3  4  5  6  7  8  9 10 
 11: -----------------------
 10: |* |  |  |  |  |  |  |  |* |  |  |
  9: |  |  |  |* |  |  |* |* |  |  |  |
  8: |  |* |  |  |^ |  |* |  |  |  |* |
  7: |  |7|  |  |  |  |  |  |  |  |  |
  6: |  |^ |* |* |  |2|* |^ |* |  |* |
  5: |  |^ |  |^ |* |^ |^ |* |^ |^ |^ |
  4: |* |  |* |^ |^ |* |* |* |^ |  |* |
  3: |  |  |  |  |  |  |^ |  |  |  |  |
  2: |3|3|  |3|  |  |  |  |  |  |  |
  1: |  |4|  |7|  |  |  |  |  |  |7|
  0: |3|* |* |* |  |  |2|  |  |4|  |
 -1: -----------------------
(Map 50407935-b825-4653-8462-edc4e7947701) Update #37: Epoch 37 ended
 y\x  0  1  2  3  4  5  6  7  8  9 10 
 11: -----------------------
 10: |* |  |  |  |  |  |  |  |* |  |  |
  9: |  |  |  |* |  |  |* |* |* |  |  |
  8: |8|* |  |  |^ |  |* |  |  |  |* |
  7: |  |  |  |  |8|  |  |  |  |  |  |
  6: |  |^ |* |* |  |  |^ |^ |^ |  |^ |
  5: |  |^ |  |  |* |^ |^ |^ |^ |^ |^ |
  4: |* |* |* |* |^ |^ |* |^ |^ |  |^ |
  3: |  |  |  |  |  |  |^ |  |  |  |  |
  2: |2|  |  |  |  |  |  |  |  |  |  |
  1: |  |5|  |  |4|8|  |  |  |  |  |
  0: |  |* |4|5|  |  |  |  |2|  |  |
 -1: -----------------------
(Map 50407935-b825-4653-8462-edc4e7947701) Update #38: Epoch 38 ended
 y\x  0  1  2  3  4  5  6  7  8  9 10 
 11: -----------------------
 10: |* |  |  |  |  |  |  |  |* |  |  |
  9: |  |  |  |* |  |  |* |* |* |  |  |
  8: |  |* |  |  |1|  |* |  |  |  |^ |
  7: |  |4|  |  |  |  |* |  |  |  |  |
  6: |  |^ |* |* |  |  |* |^ |^ |* |^ |
  5: |  |^ |  |  |* |^ |* |^ |^ |^ |^ |
  4: |* |^ |* |^ |^ |^ |^ |^ |^ |  |^ |
  3: |  |2|  |  |  |  |^ |  |  |  |  |
  2: |  |  |  |  |  |  |2|  |  |  |  |
  1: |7|  |  |  |2|  |  |  |  |  |  |
  0: |6|* |  |8|  |4|  |  |  |3|  |
 -1: -----------------------
(Map 50407935-b825-4653-8462-edc4e7947701) Update #39: Epoch 39 ended
 y\x  0  1  2  3  4  5  6  7  8  9 10 
 11: -----------------------
 10: |* |  |  |  |  |  |  |  |* |  |  |
  9: |  |  |  |* |  |  |* |* |* |  |  |
  8: |  |* |  |7|* |  |* |  |  |  |^ |
  7: |7|* |  |  |  |  |^ |  |  |  |  |
  6: |  |  |* |* |  |* |* |^ |^ |^ |^ |
  5: |  |^ |  |  |* |^ |* |^ |* |^ |^ |
  4: |^ |^ |* |^ |^ |^ |^ |^ |^ |  |^ |
  3: |  |  |  |* |  |  |  |  |  |  |  |
  2: |  |5|  |  |  |  |  |  |  |  |  |
  1: |  |  |  |1|  |6|  |  |8|  |  |
  0: |1|8|  |6|  |1|  |  |  |  |  |
 -1: -----------------------
(Map 50407935-b825-4653-8462-edc4e7947701) Update #40: Epoch 40 ended
 y\x  0  1  2  3  4  5  6  7  8  9 10 
 11: -----------------------
 10: |* |* |  |  |  |  |  |  |* |  |* |
  9: |  |  |  |1|  |  |* |* |* |  |  |
  8: |  |* |  |  |* |  |^ |  |  |  |^ |
  7: |  |* |  |  |  |  |^ |  |  |  |  |
  6: |5|  |* |* |  |* |* |^ |^ |^ |^ |
  5: |  |  |  |  |* |^ |^ |^ |^ |^ |* |
  4: |^ |* |* |^ |^ |^ |^ |^ |^ |  |^ |
  3: |  |1|  |^ |  |  |  |  |  |  |  |
  2: |  |  |  |  |  |1|  |  |1|  |  |
  1: |  |1|  |1|  |1|  |  |  |  |  |
  0: |1|1|  |5|  |  |  |  |  |  |  |
 -1: -----------------------
(Map 50407935-b825-4653-8462-edc4e7947701) Update #41: Epoch 41 ended
 y\x  0  1  2  3  4  5  6  7  8  9 10 
 11: -----------------------
 10: |* |* |  |  |  |  |  |  |* |  |* |
  9: |  |  |  |  |  |  |^ |* |* |  |  |
  8: |  |* |6|  |* |  |^ |  |  |  |^ |
  7: |  |* |  |  |  |  |^ |  |  |  |  |
  6: |  |* |* |* |  |* |* |^ |^ |^ |7|
  5: |  |  |  |  |* |^ |^ |^ |^ |  |* |
  4: |^ |* |^ |* |  |* |^ |* |  |  |^ |
  3: |7|  |  |^ |  |  |  |  |1|  |  |
  2: |  |  |  |  |  |  |2|  |  |  |  |
  1: |  |  |8|  |  |  |4|  |  |  |  |
  0: |6|8|3|  |4|  |  |  |  |  |  |
 -1: -----------------------
(Map 50407935-b825-4653-8462-edc4e7947701) Update #42: Epoch 42 ended
 y\x  0  1  2  3  4  5  6  7  8  9 10 
 11: -----------------------
 10: |* |* |  |  |  |  |  |  |* |  |* |
  9: |  |  |  |  |  |  |^ |^ |* |  |  |
  8: |  |* |  |  |* |  |^ |  |  |  |^ |
  7: |  |* |  |4|  |  |^ |  |  |8|  |
  6: |  |^ |* |* |* |* |* |  |^ |^ |* |
  5: |  |  |  |  |* |* |^ |^ |^ |  |^ |
  4: |^ |2|^ |* |  |* |^ |* |  |* |^ |
  3: |  |  |  |^ |  |  |  |  |  |3|  |
  2: |  |8|  |  |  |  |  |3|  |  |* |
  1: |  |  |  |  |  |2|^ |  |  |  |8|
  0: |  |  |3|8|  |  |  |  |  |  |  |
 -1: -----------------------
(Map 50407935-b825-4653-8462-edc4e7947701) Update #43: Epoch 43 ended
 y\x  0  1  2  3  4  5  6  7  8  9 10 
 11: -----------------------
 10: |* |* |  |  |  |  |  |  |* |  |* |
  9: |  |  |  |  |  |  |^ |^ |^ |  |  |
  8: |  |* |  |  |* |* |^ |  |  |  |^ |
  7: |  |^ |  |  |  |  |^ |  |  |  |  |
  6: |  |* |* |5|* |* |^ |  |  |^ |4|
  5: |  |  |2|  |* |^ |^ |  |^ |  |* |
  4: |^ |^ |^ |* |  |^ |^ |^ |  |* |  |
  3: |8|  |  |^ |  |  |  |  |  |  |  |
  2: |  |  |  |  |  |  |  |  |3|  |1|
  1: |  |  |  |  |7|  |^ |  |  |  |  |
  0: |  |  |1|  |3|  |  |  |  |  |  |
 -1: -----------------------
(Map 50407935-b825-4653-8462-edc4e7947701) Update #44: Epoch 44 ended
 y\x  0  1  2  3  4  5  6  7  8  9 10 
 11: -----------------------
 10: |* |* |  |  |  |  |  |  |^ |  |* |
  9: |  |  |  |  |  |  |^ |^ |^ |  |  |
  8: |  |^ |  |  |^ |^ |^ |  |  |  |  |
  7: |  |^ |  |  |  |  |^ |  |  |  |  |
  6: |  |* |^ |* |3|* |* |* |  |7|^ |
  5: |  |  |  |  |^ |^ |^ |  |^ |  |* |
  4: |1|  |5|^ |  |^ |  |^ |  |* |  |
  3: |  |  |  |^ |  |  |  |  |  |  |1|
  2: |  |  |  |  |  |  |  |  |  |7|  |
  1: |  |  |  |8|  |3|^ |  |  |4|  |
  0: |  |2|  |  |  |  |  |  |  |* |  |
 -1: -----------------------
(Map 50407935-b825-4653-8462-edc4e7947701) Update #45: Epoch 45 ended
 y\x  0  1  2  3  4  5  6  7  8  9 10 
 11: -----------------------
 10: |* |* |  |  |  |  |  |  |^ |  |* |
  9: |  |  |  |  |  |  |^ |^ |^ |  |  |
  8: |  |^ |  |  |^ |^ |^ |  |  |  |  |
  7: |  |^ |  |  |  |  |  |  |  |  |  |
  6: |  |* |^ |* |* |* |* |^ |  |  |^ |
  5: |* |* |1|  |5|* |^ |  |^ |5|* |
  4: |2|  |* |^ |  |^ |* |^ |  |* |  |
  3: |5|  |  |^ |  |  |  |  |8|  |  |
  2: |  |  |  |1|  |  |  |  |  |  |  |
  1: |  |  |  |  |  |  |^ |  |  |  |  |
  0: |2|  |* |  |6|  |  |  |  |* |4|
 -1: -----------------------
(Map 50407935-b825-4653-8462-edc4e7947701) Update #46: Epoch 46 ended
 y\x  0  1  2  3  4  5  6  7  8  9 10 
 11: -----------------------
 10: |* |* |  |  |  |  |  |  |^ |  |* |
  9: |  |  |* |  |  |  |^ |^ |^ |  |  |
  8: |  |^ |  |  |^ |^ |  |  |  |  |  |
  7: |  |^ |  |  |  |  |  |  |  |  |  |
  6: |  |* |^ |* |* |2|* |^ |  |  |^ |
  5: |* |7|  |* |^ |* |* |  |7|  |* |
  4: |  |* |* |^ |  |* |^ |^ |  |* |8|
  3: |  |  |  |  |  |  |  |  |  |  |  |
  2: |  |  |  |  |3|  |  |  |5|  |  |
  1: |  |  |  |  |1|  |^ |  |  |  |  |
  0: |1|  |* |  |  |  |  |  |  |* |1|
 -1: -----------------------
(Map 50407935-b825-4653-8462-edc4e7947701) Update #47: Epoch 47 ended
 y\x  0  1  2  3  4  5  6  7  8  9 10 
 11: -----------------------
 10: |* |* |  |  |  |  |  |  |^ |  |* |
  9: |  |  |* |  |  |  |  |^ |^ |  |  |
  8: |  |^ |  |  |^ |^ |  |  |  |* |  |
  7: |  |^ |  |  |8|  |  |  |  |  |  |
  6: |* |* |2|* |* |^ |* |8|  |  |^ |
  5: |^ |^ |  |^ |^ |* |* |  |  |8|* |
  4: |* |^ |4|^ |  |* |^ |* |  |* |  |
  3: |  |  |  |  |  |  |  |  |  |  |  |
  2: |  |  |  |  |  |  |  |7|  |  |  |
  1: |2|  |  |7|  |4|^ |  |  |  |  |
  0: |  |8|* |  |  |  |  |  |  |* |  |
 -1: -----------------------
(Map 50407935-b825-4653-8462-edc4e7947701) Update #48: Epoch 48 ended
 y\x  0  1  2  3  4  5  6  7  8  9 10 
 11: -----------------------
 10: |* |* |  |  |  |  |  |  |^ |  |* |
  9: |  |  |* |  |  |  |  |  |^ |  |  |
  8: |  |^ |  |  |1|^ |  |  |  |* |  |
  7: |  |^ |  |2|  |* |  |  |  |  |* |
  6: |^ |^ |^ |* |* |^ |* |^ |8|  |^ |
  5: |^ |^ |  |^ |^ |* |* |  |4|* |^ |
  4: |^ |* |^ |^ |  |* |^ |* |  |* |  |
  3: |  |  |5|  |  |  |8|  |  |  |  |
  2: |  |2|  |  |  |  |  |  |  |  |  |
  1: |  |  |2|  |7|  |  |  |  |  |  |
  0: |  |  |* |  |4|  |  |  |  |* |  |
 -1: -----------------------
(Map 50407935-b825-4653-8462-edc4e7947701) Update #49: Epoch 49 ended
 y\x  0  1  2  3  4  5  6  7  8  9 10 
 11: -----------------------
 10: |* |* |  |  |  |  |  |  |^ |  |* |
  9: |  |  |* |  |  |  |  |  |  |* |  |
  8: |  |^ |  |7|^ |^ |  |  |  |* |  |
  7: |  |  |  |  |  |^ |  |  |1|  |* |
  6: |^ |^ |^ |5|^ |^ |^ |^ |* |  |* |
  5: |^ |^ |  |^ |* |^ |* |7|  |^ |^ |
  4: |^ |* |^ |2|  |^ |^ |* |  |* |  |
  3: |  |  |  |  |  |  |^ |  |  |  |  |
  2: |  |  |3|  |  |  |  |  |  |  |  |
  1: |  |7|  |8|  |  |  |  |  |  |  |
  0: |  |  |* |  |  |4|  |  |  |* |  |
 -1: -----------------------
(Map 50407935-b825-4653-8462-edc4e7947701) Update #50: Epoch 50 ended
 y\x  0  1  2  3  4  5  6  7  8  9 10 
 11: -----------------------
 10: |* |* |  |  |  |  |  |  |  |  |* |
  9: |  |  |* |1|  |  |  |  |* |* |  |
  8: |  |  |  |  |  |  |  |  |  |* |  |
  7: |  |  |  |1|  |^ |  |  |  |  |^ |
  6: |^ |^ |  |^ |^ |^ |^ |^ |5|  |* |
  5: |^ |^ |  |^ |^ |^ |* |* |* |^ |^ |
  4: |^ |* |^ |  |3|^ |^ |5|  |* |  |
  3: |  |  |  |  |  |  |^ |  |  |  |  |
  2: |  |  |  |3|  |  |  |  |  |  |  |
  1: |  |  |3|  |3|  |  |  |  |  |  |
  0: |  |  |* |  |  |1|  |  |  |* |  |
 -1: -----------------------
(Map 50407935-b825-4653-8462-edc4e7947701) Update #51: Epoch 51 ended
 y\x  0  1  2  3  4  5  6  7  8  9 10 
 11: -----------------------
 10: |* |* |  |  |  |  |  |  |  |  |* |
  9: |  |  |* |  |  |  |  |  |* |* |  |
  8: |* |  |6|  |  |  |  |  |  |* |  |
  7: |  |  |7|  |  |^ |  |8|  |  |^ |
  6: |^ |^ |  |^ |^ |^ |^ |  |^ |  |* |
  5: |* |^ |  |^ |^ |^ |* |^ |* |^ |^ |
  4: |^ |* |^ |  |* |3|7|* |  |* |  |
  3: |  |  |  |  |  |  |^ |  |  |  |  |
  2: |  |  |  |  |  |  |  |  |  |  |  |
  1: |  |  |  |  |4|  |  |  |  |  |  |
  0: |  |6|* |6|  |  |3|  |  |* |  |
 -1: -----------------------
(Map 50407935-b825-4653-8462-edc4e7947701) Update #52: Epoch 52 ended
 y\x  0  1  2  3  4  5  6  7  8  9 10 
 11: -----------------------
 10: |* |* |  |  |  |  |  |  |  |  |* |
  9: |  |* |* |  |  |  |  |  |* |^ |  |
  8: |* |  |  |2|  |  |8|  |  |* |  |
  7: |  |  |  |4|  |^ |  |  |  |  |^ |
  6: |^ |^ |* |^ |^ |* |^ |  |^ |  |* |
  5: |* |  |  |^ |^ |8|* |^ |* |^ |^ |
  4: |^ |* |^ |  |^ |* |  |* |  |* |  |
  3: |  |  |  |  |  |5|^ |  |  |  |  |
  2: |  |  |  |  |  |  |  |  |  |  |  |
  1: |  |1|  |  |  |  |  |  |  |  |  |
  0: |  |  |* |  |8|  |  |8|  |* |  |
 -1: -----------------------
(Map 50407935-b825-4653-8462-edc4e7947701) Update #53: Epoch 53 ended
 y\x  0  1  2  3  4  5  6  7  8  9 10 
 11: -----------------------
 10: |* |* |  |  |  |  |  |  |  |  |* |
  9: |  |* |* |  |2|8|  |  |^ |^ |  |
  8: |* |  |  |  |  |  |  |  |  |^ |  |
  7: |  |  |  |  |  |^ |  |  |  |  |^ |
  6: |^ |^ |^ |5|^ |^ |^ |  |^ |  |* |
  5: |^ |  |* |  |^ |^ |^ |* |* |^ |^ |
  4: |^ |^ |  |* |^ |* |4|* |* |* |  |
  3: |  |  |  |  |  |  |^ |  |  |  |  |
  2: |  |  |  |  |6|  |  |  |  |  |  |
  1: |  |  |3|  |  |  |  |  |* |  |  |
  0: |  |  |* |  |1|  |  |  |3|* |  |
 -1: -----------------------
(Map 50407935-b825-4653-8462-edc4e7947701) Update #54: Epoch 54 ended
 y\x  0  1  2  3  4  5  6  7  8  9 10 
 11: -----------------------
 10: |* |* |  |  |  |1|  |  |  |  |* |
  9: |  |* |* |  |  |  |  |  |^ |^ |  |
  8: |* |  |  |  |5|  |  |  |  |^ |  |
  7: |  |  |  |  |  |^ |  |  |  |  |^ |
  6: |  |  |^ |^ |3|^ |^ |  |^ |  |* |
  5: |^ |  |^ |  |* |* |^ |* |* |^ |* |
  4: |  |^ |  |^ |^ |7|* |* |^ |* |  |
  3: |  |  |  |  |  |  |^ |  |  |  |  |
  2: |  |8|  |  |  |3|  |  |  |  |  |
  1: |  |  |  |  |  |2|  |8|* |  |  |
  0: |  |  |* |  |1|  |  |  |  |* |  |
 -1: -----------------------
(Map 50407935-b825-4653-8462-edc4e7947701) Update #55: Epoch 55 ended
 y\x  0  1  2  3  4  5  6  7  8  9 10 
 11: -----------------------
 10: |* |* |  |  |  |  |  |  |  |  |* |
  9: |  |* |* |  |1|5|  |  |^ |^ |  |
  8: |* |  |  |  |* |  |  |  |  |^ |  |
  7: |  |  |  |  |  |  |  |  |  |  |^ |
  6: |  |  |^ |  |  |^ |  |  |^ |  |* |
  5: |* |  |^ |* |5|^ |^ |* |* |* |^ |
  4: |  |^ |  |^ |* |  |^ |^ |^ |* |  |
  3: |  |  |  |  |  |5|  |  |  |  |  |
  2: |  |  |  |  |  |  |2|1|  |  |  |
  1: |  |  |4|  |  |  |4|  |* |  |  |
  0: |  |  |* |  |  |8|  |  |* |* |  |
 -1: -----------------------
(Map 50407935-b825-4653-8462-edc4e7947701) Update #56: Epoch 56 ended
 y\x  0  1  2  3  4  5  6  7  8  9 10 
 11: -----------------------
 10: |^ |* |  |  |8|  |  |  |  |  |* |
  9: |  |* |* |7|  |  |  |  |^ |^ |  |
  8: |* |  |  |  |* |  |  |  |  |^ |  |
  7: |  |  |  |  |  |  |  |  |  |  |  |
  6: |  |* |^ |  |  |2|  |  |  |* |^ |
  5: |* |  |^ |^ |  |^ |^ |* |* |* |^ |
  4: |  |^ |  |^ |* |  |^ |^ |^ |^ |  |
  3: |  |  |  |  |7|  |  |  |  |  |  |
  2: |  |  |  |  |  |  |  |3|3|  |  |
  1: |  |7|  |  |  |  |  |  |* |  |  |
  0: |* |  |* |  |  |  |3|4|* |* |  |
 -1: -----------------------
(Map 50407935-b825-4653-8462-edc4e7947701) Update #57: Epoch 57 ended
 y\x  0  1  2  3  4  5  6  7  8  9 10 
 11: -----------------------
 10: |^ |^ |  |4|2|  |  |  |  |  |* |
  9: |  |* |* |  |  |  |  |  |^ |^ |  |
  8: |* |  |  |  |* |  |  |  |  |^ |  |
  7: |  |  |  |  |8|  |  |  |  |  |  |
  6: |* |^ |^ |  |  |* |  |  |  |^ |^ |
  5: |* |  |^ |^ |* |^ |^ |^ |^ |* |^ |
  4: |  |^ |* |8|* |* |^ |^ |^ |^ |  |
  3: |  |  |  |  |  |  |  |  |  |  |  |
  2: |  |  |2|  |  |  |  |  |  |  |  |
  1: |  |  |  |  |  |  |1|  |4|4|  |
  0: |* |  |* |  |  |  |2|  |* |* |  |
 -1: -----------------------
(Map 50407935-b825-4653-8462-edc4e7947701) Update #58: Epoch 58 ended
 y\x  0  1  2  3  4  5  6  7  8  9 10 
 11: -----------------------
 10: |^ |^ |  |  |  |6|  |  |  |  |* |
  9: |  |^ |* |  |4|  |  |  |^ |  |  |
  8: |* |  |  |  |1|  |  |  |  |^ |  |
  7: |  |  |  |  |  |  |  |  |* |  |  |
  6: |^ |^ |^ |  |  |* |* |  |  |^ |^ |
  5: |* |  |^ |^ |* |^ |^ |^ |^ |* |^ |
  4: |  |^ |^ |^ |^ |^ |* |^ |^ |* |  |
  3: |  |  |  |  |4|  |  |  |  |  |  |
  2: |  |  |  |  |  |  |  |  |  |  |  |
  1: |  |  |  |4|  |  |^ |  |7|  |  |
  0: |* |  |* |  |  |  |  |3|* |4|  |
 -1: -----------------------
(Map 50407935-b825-4653-8462-edc4e7947701) Update #59: Epoch 59 ended
 y\x  0  1  2  3  4  5  6  7  8  9 10 
 11: -----------------------
 10: |^ |^ |  |  |  |5|  |  |  |  |* |
  9: |  |^ |^ |  |  |  |  |  |  |  |  |
  8: |* |  |  |7|5|  |  |  |  |  |  |
  7: |  |  |  |  |* |  |  |  |* |  |  |
  6: |^ |^ |  |  |* |* |* |  |  |* |^ |
  5: |^ |  |^ |^ |* |^ |  |^ |^ |* |^ |
  4: |  |  |^ |^ |^ |* |* |^ |^ |* |  |
  3: |  |  |  |7|  |  |  |  |  |  |  |
  2: |  |  |  |1|  |  |  |  |  |  |  |
  1: |  |  |  |  |  |  |8|  |  |  |  |
  0: |* |  |* |  |  |  |  |  |* |1|  |
 -1: -----------------------
(Map 50407935-b825-4653-8462-edc4e7947701) Update #60: Epoch 60 ended
 y\x  0  1  2  3  4  5  6  7  8  9 10 
 11: -----------------------
 10: |^ |^ |  |  |  |5|  |  |  |  |* |
  9: |  |^ |^ |1|1|  |  |  |  |  |  |
  8: |* |  |  |  |  |  |  |  |  |  |  |
  7: |  |  |  |  |* |  |  |  |* |  |  |
  6: |^ |^ |  |* |^ |* |^ |  |  |* |^ |
  5: |^ |  |  |^ |* |^ |* |^ |^ |* |^ |
  4: |  |  |^ |* |^ |* |* |^ |* |* |  |
  3: |  |  |  |  |  |  |  |  |  |  |  |
  2: |  |  |  |5|  |  |1|  |  |  |  |
  1: |  |  |  |5|  |  |^ |  |* |1|  |
  0: |* |  |* |  |  |  |  |  |* |1|  |
 -1: -----------------------
(Map 50407935-b825-4653-8462-edc4e7947701) Update #61: Epoch 61 ended
 y\x  0  1  2  3  4  5  6  7  8  9 10 
 11: -----------------------
 10: |^ |^ |  |  |  |  |3|  |  |  |* |
  9: |  |^ |^ |  |  |  |  |  |* |  |  |
  8: |* |  |6|  |  |4|  |  |  |  |  |
  7: |  |  |  |  |^ |  |  |  |* |  |  |
  6: |^ |^ |  |^ |^ |* |^ |  |  |* |^ |
  5: |* |* |  |^ |* |  |^ |^ |^ |* |  |
  4: |  |  |* |^ |^ |* |^ |* |^ |* |  |
  3: |  |  |  |  |  |  |1|  |  |  |  |
  2: |  |  |7|  |  |  |  |  |  |  |2|
  1: |  |  |  |  |  |  |^ |  |* |  |  |
  0: |* |  |* |  |  |  |  |  |* |  |3|
 -1: -----------------------
(Map 50407935-b825-4653-8462-edc4e7947701) Update #62: Epoch 62 ended
 y\x  0  1  2  3  4  5  6  7  8  9 10 
 11: -----------------------
 10: |  |^ |  |  |  |  |  |  |  |  |* |
  9: |  |^ |^ |  |  |6|  |  |* |  |  |
  8: |* |  |  |  |  |  |  |  |  |  |  |
  7: |  |  |  |4|^ |  |4|  |* |  |  |
  6: |^ |^ |  |^ |^ |* |^ |  |  |* |  |
  5: |* |^ |  |  |* |  |* |^ |^ |^ |* |
  4: |  |  |* |^ |* |* |^ |* |^ |^ |  |
  3: |  |8|  |  |  |  |  |3|  |  |  |
  2: |3|  |  |  |  |  |  |  |  |  |  |
  1: |  |  |  |  |  |  |^ |  |* |  |  |
  0: |* |  |* |  |  |  |  |  |* |  |  |
 -1: -----------------------
(Map 50407935-b825-4653-8462-edc4e7947701) Update #63: Epoch 63 ended
 y\x  0  1  2  3  4  5  6  7  8  9 10 
 11: -----------------------
 10: |  |  |  |  |  |  |  |  |  |  |* |
  9: |  |^ |^ |  |  |  |  |  |* |  |  |
  8: |* |  |  |  |6|  |  |  |  |  |  |
  7: |  |  |  |  |^ |  |  |* |* |  |  |
  6: |^ |  |  |5|^ |* |^ |4|  |^ |  |
  5: |* |^ |  |* |* |* |* |* |  |^ |* |
  4: |  |  |* |^ |* |* |^ |* |^ |^ |  |
  3: |  |* |  |  |  |  |  |  |  |  |  |
  2: |  |3|4|  |  |  |  |  |4|  |  |
  1: |  |  |  |  |  |  |^ |  |* |  |  |
  0: |3|  |* |  |  |  |  |  |* |  |  |
 -1: -----------------------
(Map 50407935-b825-4653-8462-edc4e7947701) Update #64: Epoch 64 ended
 y\x  0  1  2  3  4  5  6  7  8  9 10 
 11: -----------------------
 10: |  |  |  |  |  |  |  |  |  |  |* |
  9: |  |  |^ |  |1|  |  |  |* |  |  |
  8: |* |  |  |  |  |  |  |  |  |  |  |
  7: |  |  |  |  |^ |  |  |* |* |  |  |
  6: |  |* |  |^ |3|* |^ |  |* |^ |  |
  5: |* |* |  |^ |^ |^ |* |5|  |^ |* |
  4: |  |  |* |^ |^ |^ |^ |* |^ |^ |  |
  3: |  |* |  |  |  |  |  |  |1|  |  |
  2: |  |7|  |  |  |  |  |  |  |  |  |
  1: |  |  |4|  |  |  |  |  |* |  |8|
  0: |  |  |* |  |  |  |  |  |* |* |  |
 -1: -----------------------
(Map 50407935-b825-4653-8462-edc4e7947701) Update #65: Epoch 65 ended
 y\x  0  1  2  3  4  5  6  7  8  9 10 
 11: -----------------------
 10: |  |  |  |  |  |  |  |  |  |  |* |
  9: |  |  |  |  |  |  |  |  |* |  |  |
  8: |* |  |  |  |5|  |  |  |  |  |  |
  7: |  |  |  |  |^ |  |  |* |* |  |  |
  6: |  |* |  |* |^ |^ |* |1|^ |* |  |
  5: |^ |* |  |^ |5|^ |* |^ |  |^ |* |
  4: |  |  |* |^ |^ |^ |^ |* |^ |2|  |
  3: |  |* |  |  |  |  |  |  |  |  |  |
  2: |  |  |  |  |  |  |  |  |  |  |1|
  1: |  |5|  |  |  |  |  |  |* |  |  |
  0: |  |  |* |4|  |* |  |  |* |* |  |
 -1: -----------------------
(Map 50407935-b825-4653-8462-edc4e7947701) Update #66: Epoch 66 ended
 y\x  0  1  2  3  4  5  6  7  8  9 10 
 11: -----------------------
 10: |  |  |  |  |  |  |  |  |  |  |* |
  9: |  |* |  |  |  |  |  |  |* |  |  |
  8: |* |  |  |  |  |3|  |  |  |  |  |
  7: |  |  |  |  |^ |  |  |* |^ |  |  |
  6: |* |* |  |* |  |2|^ |  |^ |* |* |
  5: |^ |* |  |^ |^ |^ |* |^ |4|^ |2|
  4: |  |  |* |^ |^ |^ |^ |* |^ |^ |  |
  3: |  |* |  |  |  |  |  |  |  |  |  |
  2: |3|  |  |  |  |  |  |  |  |  |  |
  1: |7|  |  |  |  |  |  |  |* |  |  |
  0: |  |  |* |1|  |* |  |  |* |* |  |
 -1: -----------------------
(Map 50407935-b825-4653-8462-edc4e7947701) Update #67: Epoch 67 ended
 y\x  0  1  2  3  4  5  6  7  8  9 10 
 11: -----------------------
 10: |  |  |  |  |  |  |  |  |  |  |* |
  9: |  |* |  |  |  |  |  |  |* |  |  |
  8: |* |  |  |  |  |* |  |  |* |  |  |
  7: |  |  |  |  |8|  |  |^ |^ |  |  |
  6: |* |* |  |^ |  |^ |^ |  |^ |* |^ |
  5: |^ |* |  |^ |* |^ |* |^ |^ |^ |* |
  4: |4|  |* |  |^ |^ |  |* |  |^ |  |
  3: |  |* |  |  |  |  |  |  |  |  |  |
  2: |  |  |  |  |  |  |  |  |  |  |8|
  1: |  |4|  |  |2|  |  |  |* |  |  |
  0: |  |  |* |  |  |* |  |  |* |* |  |
 -1: -----------------------
(Map 50407935-b825-4653-8462-edc4e7947701) Update #68: Epoch 68 ended
 y\x  0  1  2  3  4  5  6  7  8  9 10 
 11: -----------------------
 10: |  |  |  |  |  |  |  |  |  |  |* |
  9: |  |* |  |  |  |  |  |  |* |  |  |
  8: |^ |  |  |  |1|* |  |  |^ |  |  |
  7: |  |  |  |  |  |  |  |^ |^ |  |  |
  6: |* |* |* |6|  |^ |* |  |* |* |^ |
  5: |^ |^ |  |^ |* |^ |* |^ |^ |  |* |
  4: |  |  |* |  |^ |^ |  |^ |* |  |  |
  3: |5|* |  |  |  |  |  |  |  |* |  |
  2: |  |  |  |  |  |2|  |  |  |  |  |
  1: |7|  |  |  |  |  |  |  |* |  |  |
  0: |  |  |* |  |  |* |  |  |* |* |  |
 -1: -----------------------
(Map 50407935-b825-4653-8462-edc4e7947701) Update #69: Epoch 69 ended
 y\x  0  1  2  3  4  5  6  7  8  9 10 
 11: -----------------------
 10: |  |  |  |  |  |  |  |  |  |  |* |
  9: |  |* |  |  |  |  |  |  |^ |  |  |
  8: |^ |  |  |7|  |* |  |  |^ |  |  |
  7: |  |  |  |1|  |  |  |^ |^ |  |  |
  6: |* |* |* |^ |  |^ |* |  |* |^ |* |
  5: |^ |^ |  |^ |* |* |* |^ |^ |  |^ |
  4: |  |2|* |  |^ |^ |  |^ |^ |  |  |
  3: |  |* |  |  |  |  |  |  |* |* |  |
  2: |  |  |  |  |  |  |3|  |  |  |  |
  1: |  |  |* |  |  |  |  |  |* |  |7|
  0: |  |4|* |  |  |* |  |  |* |* |  |
 -1: -----------------------
(Map 50407935-b825-4653-8462-edc4e7947701) Update #70: Epoch 70 ended
 y\x  0  1  2  3  4  5  6  7  8  9 10 
 11: -----------------------
 10: |  |  |  |  |  |* |  |  |  |  |* |
  9: |  |* |  |1|  |  |  |  |^ |  |  |
  8: |^ |  |  |  |  |* |  |  |^ |  |  |
  7: |  |  |  |  |  |  |  |^ |^ |  |  |
  6: |* |* |* |5|  |^ |* |  |* |^ |* |
  5: |^ |^ |  |* |^ |* |* |  |^ |* |^ |
  4: |  |  |3|  |  |  |  |^ |^ |  |* |
  3: |  |* |  |  |  |  |  |  |^ |* |  |
  2: |  |  |  |  |  |  |  |3|  |  |  |
  1: |  |  |* |  |  |  |  |  |* |  |  |
  0: |  |1|* |  |  |* |  |  |* |* |5|
 -1: -----------------------
(Map 50407935-b825-4653-8462-edc4e7947701) Update #71: Epoch 71 ended
 y\x  0  1  2  3  4  5  6  7  8  9 10 
 11: -----------------------
 10: |  |* |  |  |  |* |  |  |  |  |* |
  9: |  |* |  |  |  |  |  |  |^ |  |  |
  8: |^ |  |6|  |  |* |  |  |^ |  |  |
  7: |  |  |  |  |  |  |  |^ |^ |  |  |
  6: |* |^ |* |^ |3|  |* |  |^ |^ |* |
  5: |* |^ |* |^ |^ |* |* |  |^ |^ |^ |
  4: |  |  |* |3|  |  |  |^ |* |  |^ |
  3: |  |* |  |  |  |  |  |  |^ |^ |  |
  2: |  |  |  |  |  |  |  |  |  |  |  |
  1: |  |  |* |  |  |  |  |  |4|  |  |
  0: |  |  |3|  |  |* |  |  |* |7|  |
 -1: -----------------------
(Map 50407935-b825-4653-8462-edc4e7947701) Update #72: Epoch 72 ended
 y\x  0  1  2  3  4  5  6  7  8  9 10 
 11: -----------------------
 10: |  |* |  |  |  |* |  |  |  |  |* |
  9: |  |* |  |  |  |  |  |  |^ |  |  |
  8: |^ |  |  |  |  |* |  |  |^ |* |  |
  7: |  |  |  |4|  |  |  |^ |  |  |  |
  6: |* |^ |* |^ |  |  |^ |  |^ |^ |* |
  5: |^ |* |^ |6|^ |* |* |  |^ |^ |^ |
  4: |  |  |^ |  |  |* |* |^ |* |  |^ |
  3: |  |* |  |5|  |  |  |  |^ |^ |  |
  2: |  |  |  |  |  |  |  |  |  |  |  |
  1: |  |  |* |  |  |  |  |  |8|  |  |
  0: |  |  |  |8|  |* |  |  |5|  |  |
 -1: -----------------------
(Map 50407935-b825-4653-8462-edc4e7947701) Update #73: Epoch 73 ended
 y\x  0  1  2  3  4  5  6  7  8  9 10 
 11: -----------------------
 10: |  |* |  |  |  |* |  |  |  |  |* |
  9: |  |* |  |  |  |  |  |  |^ |  |  |
  8: |^ |  |  |* |  |* |  |  |^ |^ |  |
  7: |  |  |  |  |  |  |  |  |  |  |  |
  6: |^ |^ |* |5|  |  |^ |  |* |^ |^ |
  5: |^ |* |^ |* |^ |* |^ |  |  |^ |^ |
  4: |  |  |6|  |* |^ |* |^ |* |  |^ |
  3: |  |* |  |  |  |  |  |  |^ |^ |  |
  2: |  |  |6|  |  |  |  |  |  |  |  |
  1: |  |  |* |  |  |  |  |  |  |  |  |
  0: |  |  |  |  |3|* |  |  |1|4|  |
 -1: -----------------------
(Map 50407935-b825-4653-8462-edc4e7947701) Update #74: Epoch 74 ended
 y\x  0  1  2  3  4  5  6  7  8  9 10 
 11: -----------------------
 10: |  |* |  |  |  |^ |  |  |  |  |* |
  9: |  |* |  |  |  |  |  |  |^ |  |* |
  8: |  |  |  |* |  |* |  |  |  |^ |  |
  7: |  |  |  |  |  |  |  |  |  |  |  |
  6: |^ |^ |* |^ |  |  |^ |  |* |^ |^ |
  5: |^ |^ |1|* |* |* |* |  |  |^ |^ |
  4: |  |* |* |  |^ |^ |* |  |* |  |^ |
  3: |  |* |  |  |  |  |  |  |^ |^ |  |
  2: |  |  |  |3|  |  |  |  |  |  |  |
  1: |  |  |* |8|  |  |  |  |  |2|  |
  0: |  |  |  |  |  |* |  |  |7|  |  |
 -1: -----------------------
(Map 50407935-b825-4653-8462-edc4e7947701) Update #75: Epoch 75 ended
 y\x  0  1  2  3  4  5  6  7  8  9 10 
 11: -----------------------
 10: |  |* |  |  |  |^ |  |  |  |  |* |
  9: |  |* |  |  |  |  |  |  |  |  |* |
  8: |  |  |  |* |  |* |  |  |  |^ |  |
  7: |  |  |  |  |  |  |  |  |  |  |  |
  6: |^ |^ |^ |* |  |  |^ |  |* |* |^ |
  5: |^ |^ |^ |* |* |* |* |  |  |^ |  |
  4: |  |^ |5|  |^ |* |* |  |^ |* |^ |
  3: |  |* |  |  |  |* |  |  |^ |^ |  |
  2: |  |  |  |1|  |  |  |  |  |  |2|
  1: |  |  |* |  |4|  |  |  |  |  |  |
  0: |  |  |  |  |  |* |  |  |1|  |  |
 -1: -----------------------
(Map 50407935-b825-4653-8462-edc4e7947701) Update #76: Epoch 76 ended
 y\x  0  1  2  3  4  5  6  7  8  9 10 
 11: -----------------------
 10: |  |* |  |  |  |^ |  |  |  |  |* |
  9: |  |* |  |* |  |  |  |  |  |  |* |
  8: |  |  |  |* |  |* |  |  |  |^ |  |
  7: |  |  |  |  |  |  |  |  |  |  |  |
  6: |^ |^ |^ |* |  |  |^ |  |* |^ |^ |
  5: |^ |^ |* |* |^ |^ |* |  |  |* |  |
  4: |  |^ |* |3|^ |* |* |  |^ |^ |^ |
  3: |  |^ |  |  |  |^ |  |  |  |^ |  |
  2: |3|  |  |  |3|  |  |  |  |  |  |
  1: |  |  |* |  |  |  |  |  |  |  |* |
  0: |  |  |  |  |  |4|  |  |  |3|  |
 -1: -----------------------
(Map 50407935-b825-4653-8462-edc4e7947701) Update #77: Epoch 77 ended
 y\x  0  1  2  3  4  5  6  7  8  9 10 
 11: -----------------------
 10: |  |* |  |  |  |^ |  |  |  |  |* |
  9: |  |* |  |* |  |  |  |  |  |  |* |
  8: |  |  |  |* |  |* |  |  |  |^ |  |
  7: |  |  |  |  |  |  |  |  |  |  |  |
  6: |* |  |^ |* |  |  |^ |* |^ |^ |* |
  5: |* |^ |* |^ |^ |^ |* |  |  |^ |  |
  4: |  |^ |* |  |^ |* |* |  |^ |^ |  |
  3: |  |^ |6|  |  |^ |* |  |  |  |  |
  2: |  |  |  |  |  |  |  |  |  |  |  |
  1: |  |4|* |  |  |4|  |  |  |  |* |
  0: |  |  |  |  |2|  |  |  |  |  |8|
 -1: -----------------------
(Map 50407935-b825-4653-8462-edc4e7947701) Update #78: Epoch 78 ended
 y\x  0  1  2  3  4  5  6  7  8  9 10 
 11: -----------------------
 10: |  |* |  |  |  |^ |  |  |  |  |* |
  9: |  |* |  |* |  |  |  |  |  |  |* |
  8: |  |  |  |* |  |* |  |  |  |^ |  |
  7: |  |  |  |  |  |  |  |  |  |  |  |
  6: |* |  |^ |* |  |  |  |^ |* |^ |* |
  5: |^ |^ |^ |^ |^ |^ |* |  |* |^ |  |
  4: |  |^ |^ |* |^ |* |* |* |^ |^ |  |
  3: |  |^ |  |  |  |^ |^ |  |  |  |  |
  2: |  |6|  |  |  |  |  |  |  |  |* |
  1: |  |  |* |  |7|  |  |  |  |  |* |
  0: |  |  |4|  |  |3|  |  |  |  |  |
 -1: -----------------------
(Map 50407935-b825-4653-8462-edc4e7947701) Update #79: Epoch 79 ended
 y\x  0  1  2  3  4  5  6  7  8  9 10 
 11: -----------------------
 10: |  |* |  |  |  |^ |  |  |  |  |* |
  9: |  |* |  |* |  |  |  |  |  |  |* |
  8: |  |  |  |* |  |* |  |  |  |  |  |
  7: |  |  |  |  |  |  |  |  |  |  |  |
  6: |^ |  |* |* |* |  |  |^ |* |^ |^ |
  5: |^ |^ |^ |^ |^ |^ |^ |  |^ |* |  |
  4: |  |^ |^ |* |^ |^ |^ |^ |^ |^ |  |
  3: |  |1|* |  |  |^ |^ |  |  |  |  |
  2: |  |  |  |  |  |  |  |  |  |  |* |
  1: |  |  |* |  |8|  |  |  |  |  |* |
  0: |3|  |1|  |  |4|  |  |  |  |  |
 -1: -----------------------
(Map 50407935-b825-4653-8462-edc4e7947701) Update #80: Epoch 80 ended
 y\x  0  1  2  3  4  5  6  7  8  9 10 
 11: -----------------------
 10: |  |* |  |  |  |  |  |  |  |  |* |
  9: |  |* |  |* |  |  |  |  |  |  |* |
  8: |  |  |  |^ |  |* |  |  |  |  |  |
  7: |  |  |  |  |  |  |  |  |  |  |  |
  6: |^ |  |* |^ |^ |  |* |^ |* |^ |^ |
  5: |* |  |^ |^ |^ |^ |^ |  |^ |* |* |
  4: |  |^ |^ |* |* |^ |^ |^ |^ |^ |  |
  3: |  |^ |^ |  |  |^ |^ |  |  |  |  |
  2: |  |5|  |  |1|  |  |  |  |  |* |
  1: |1|  |1|  |  |  |  |  |  |  |* |
  0: |  |* |  |  |  |1|  |  |  |  |  |
 -1: -----------------------
(Map 50407935-b825-4653-8462-edc4e7947701) Update #81: Epoch 81 ended
 y\x  0  1  2  3  4  5  6  7  8  9 10 
 11: -----------------------
 10: |  |* |  |  |  |  |  |  |  |  |* |
  9: |  |* |  |^ |  |  |  |  |  |  |* |
  8: |  |  |  |^ |* |* |  |  |  |  |  |
  7: |  |  |  |  |  |  |  |  |  |  |  |
  6: |^ |* |^ |* |^ |  |^ |^ |* |^ |^ |
  5: |* |  |^ |^ |^ |^ |^ |  |^ |* |^ |
  4: |* |* |^ |* |^ |^ |^ |^ |  |^ |  |
  3: |  |^ |^ |  |1|^ |^ |  |  |  |  |
  2: |  |  |3|2|  |  |  |  |  |  |* |
  1: |  |3|  |  |  |  |  |  |  |  |* |
  0: |  |* |  |  |  |  |3|  |  |  |  |
 -1: -----------------------
(Map 50407935-b825-4653-8462-edc4e7947701) Update #82: Epoch 82 ended
 y\x  0  1  2  3  4  5  6  7  8  9 10 
 11: -----------------------
 10: |  |* |  |  |  |  |  |  |  |  |* |
  9: |  |* |  |^ |* |  |  |  |  |  |* |
  8: |  |  |  |^ |^ |* |  |  |  |  |  |
  7: |  |  |  |  |  |  |  |  |  |  |  |
  6: |^ |^ |^ |* |^ |  |^ |^ |* |  |^ |
  5: |* |  |^ |^ |  |  |* |* |^ |* |^ |
  4: |^ |^ |^ |* |^ |^ |^ |* |  |  |* |
  3: |  |  |^ |  |  |3|^ |  |  |  |  |
  2: |  |  |  |  |3|  |  |  |  |  |* |
  1: |  |6|  |  |  |  |  |  |  |  |* |
  0: |  |* |4|  |  |  |  |8|  |  |  |
 -1: -----------------------
(Map 50407935-b825-4653-8462-edc4e7947701) Update #83: Epoch 83 ended
 y\x  0  1  2  3  4  5  6  7  8  9 10 
 11: -----------------------
 10: |  |* |  |  |  |  |* |  |  |  |* |
  9: |  |* |  |^ |^ |  |  |  |  |  |* |
  8: |  |  |  |^ |^ |^ |  |  |  |  |  |
  7: |  |  |  |  |  |  |  |  |  |* |  |
  6: |^ |^ |* |* |^ |  |^ |^ |^ |  |^ |
  5: |* |* |^ |  |  |  |* |^ |^ |^ |^ |
  4: |^ |^ |^ |* |^ |^ |^ |* |* |  |^ |
  3: |  |  |^ |  |  |  |^ |  |  |  |  |
  2: |  |  |  |  |  |3|4|  |  |  |* |
  1: |  |8|  |  |  |  |  |  |  |  |* |
  0: |6|* |  |  |  |  |  |  |3|  |  |
 -1: -----------------------
(Map 50407935-b825-4653-8462-edc4e7947701) Update #84: Epoch 84 ended
 y\x  0  1  2  3  4  5  6  7  8  9 10 
 11: -----------------------
 10: |  |* |  |  |  |  |^ |  |  |  |* |
  9: |  |* |  |^ |^ |  |  |  |  |  |* |
  8: |  |  |  |^ |^ |^ |  |  |  |  |  |
  7: |  |* |  |  |  |  |  |  |  |* |  |
  6: |^ |^ |* |* |^ |  |^ |  |^ |  |^ |
  5: |^ |^ |  |  |  |* |* |^ |* |^ |^ |
  4: |^ |^ |  |* |* |^ |* |* |^ |  |^ |
  3: |  |  |^ |  |  |  |1|  |  |  |  |
  2: |  |  |  |  |  |  |  |  |  |  |* |
  1: |1|  |3|  |  |  |4|8|  |  |* |
  0: |  |* |  |  |  |  |  |  |  |  |  |
 -1: -----------------------
(Map 50407935-b825-4653-8462-edc4e7947701) Update #85: Epoch 85 ended
 y\x  0  1  2  3  4  5  6  7  8  9 10 
 11: -----------------------
 10: |  |* |  |  |  |  |^ |  |  |  |* |
  9: |  |* |  |^ |^ |  |  |  |  |  |* |
  8: |  |  |  |^ |^ |^ |  |* |  |  |  |
  7: |  |^ |  |  |  |  |  |  |  |* |  |
  6: |  |^ |* |* |^ |  |^ |  |* |* |  |
  5: |* |^ |  |  |  |* |^ |* |^ |^ |^ |
  4: |^ |^ |  |^ |* |  |* |2|^ |  |^ |
  3: |  |  |^ |  |  |  |  |  |  |  |  |
  2: |  |  |1|  |  |  |  |1|  |  |* |
  1: |  |  |  |  |  |  |  |  |  |  |* |
  0: |5|* |  |  |  |  |  |4|  |  |  |
 -1: -----------------------
(Map 50407935-b825-4653-8462-edc4e7947701) Update #86: Epoch 86 ended
 y\x  0  1  2  3  4  5  6  7  8  9 10 
 11: -----------------------
 10: |  |* |  |  |  |  |^ |  |  |  |* |
  9: |  |* |  |^ |^ |  |* |  |  |  |* |
  8: |  |  |  |  |^ |^ |  |* |  |  |  |
  7: |  |^ |  |  |  |  |  |  |  |* |  |
  6: |* |* |* |^ |  |  |^ |  |* |^ |  |
  5: |* |^ |  |  |  |* |^ |* |2|^ |^ |
  4: |^ |* |  |^ |* |  |^ |^ |^ |  |^ |
  3: |  |  |  |  |  |  |  |  |  |  |  |
  2: |  |  |  |3|  |  |  |  |3|  |* |
  1: |  |  |  |  |  |  |  |  |  |  |* |
  0: |  |3|  |  |  |  |  |1|  |  |  |
 -1: -----------------------
(Map 50407935-b825-4653-8462-edc4e7947701) Update #87: Epoch 87 ended
 y\x  0  1  2  3  4  5  6  7  8  9 10 
 11: -----------------------
 10: |  |* |  |  |  |  |^ |  |  |  |* |
  9: |  |* |  |  |^ |  |^ |  |  |  |* |
  8: |  |  |  |  |^ |^ |  |* |  |  |* |
  7: |  |^ |  |  |  |  |  |  |  |^ |  |
  6: |^ |* |^ |^ |* |  |  |  |* |* |  |
  5: |* |^ |  |  |  |* |^ |* |^ |^ |* |
  4: |^ |* |* |^ |^ |  |^ |^ |^ |4|^ |
  3: |  |  |  |  |  |  |  |  |  |  |  |
  2: |  |  |  |  |  |  |  |  |  |  |* |
  1: |  |  |  |  |4|  |  |  |2|4|* |
  0: |2|  |  |  |  |  |  |  |  |  |  |
 -1: -----------------------
(Map 50407935-b825-4653-8462-edc4e7947701) Update #88: Epoch 88 ended
 y\x  0  1  2  3  4  5  6  7  8  9 10 
 11: -----------------------
 10: |  |* |  |  |  |  |^ |  |  |  |* |
  9: |  |^ |  |  |^ |  |^ |  |  |  |* |
  8: |  |  |  |  |  |^ |  |* |  |  |* |
  7: |  |^ |  |  |  |  |  |  |  |^ |  |
  6: |^ |* |^ |* |^ |  |  |  |* |* |  |
  5: |* |^ |  |  |  |* |^ |* |^ |^ |^ |
  4: |  |^ |^ |* |^ |  |^ |* |^ |  |^ |
  3: |  |  |  |  |  |  |  |  |  |5|  |
  2: |  |  |  |8|  |  |  |  |  |2|* |
  1: |  |2|  |  |  |  |  |  |7|  |* |
  0: |  |* |  |  |  |  |  |  |  |  |  |
 -1: -----------------------
(Map 50407935-b825-4653-8462-edc4e7947701) Update #89: Epoch 89 ended
 y\x  0  1  2  3  4  5  6  7  8  9 10 
 11: -----------------------
 10: |  |^ |  |  |  |  |^ |  |  |  |* |
  9: |  |^ |  |  |  |  |^ |  |  |  |* |
  8: |  |  |  |  |  |  |  |* |  |  |* |
  7: |  |^ |  |  |  |  |  |  |  |* |  |
  6: |^ |* |^ |* |^ |  |  |* |^ |* |  |
  5: |* |^ |  |  |  |* |^ |* |^ |  |^ |
  4: |  |^ |^ |* |* |  |* |* |^ |  |2|
  3: |  |  |  |  |  |  |  |  |  |  |  |
  2: |  |  |  |  |3|  |  |  |  |  |3|
  1: |  |  |  |  |  |  |  |  |  |  |* |
  0: |  |5|  |  |  |  |  |  |  |4|  |
 -1: -----------------------
(Map 50407935-b825-4653-8462-edc4e7947701) Update #90: Epoch 90 ended
 y\x  0  1  2  3  4  5  6  7  8  9 10 
 11: -----------------------
 10: |  |^ |  |  |  |  |  |  |  |  |* |
  9: |  |^ |  |  |  |  |^ |  |  |  |* |
  8: |  |  |  |  |  |  |  |* |  |  |* |
  7: |  |^ |  |* |  |  |  |  |  |* |  |
  6: |^ |* |^ |* |^ |  |* |^ |^ |* |  |
  5: |^ |  |  |  |  |* |^ |* |^ |* |^ |
  4: |3|^ |^ |* |* |  |* |* |* |* |  |
  3: |  |  |  |  |1|  |  |  |  |  |  |
  2: |3|  |  |  |  |  |  |  |  |  |  |
  1: |  |1|  |  |  |  |  |  |  |  |* |
  0: |  |  |  |  |  |  |  |  |  |1|  |
 -1: -----------------------
(Map 50407935-b825-4653-8462-edc4e7947701) Update #91: Epoch 91 ended
 y\x  0  1  2  3  4  5  6  7  8  9 10 
 11: -----------------------
 10: |  |^ |  |  |  |  |  |  |  |  |* |
  9: |  |^ |  |  |  |  |^ |  |  |  |* |
  8: |  |  |  |  |  |  |  |* |  |  |* |
  7: |  |  |  |^ |  |  |  |  |  |* |  |
  6: |* |* |^ |* |^ |  |^ |^ |* |* |* |
  5: |* |  |  |  |  |* |  |* |  |^ |^ |
  4: |  |3|^ |^ |* |  |* |^ |* |* |  |
  3: |  |  |  |  |  |  |  |  |  |  |  |
  2: |  |  |  |  |  |  |  |  |  |  |  |
  1: |7|4|  |  |  |  |  |  |  |  |* |
  0: |  |  |  |  |* |  |  |  |  |  |3|
 -1: -----------------------
(Map 50407935-b825-4653-8462-edc4e7947701) Update #92: Epoch 92 ended
 y\x  0  1  2  3  4  5  6  7  8  9 10 
 11: -----------------------
 10: |  |^ |  |  |  |  |  |  |  |  |^ |
  9: |  |^ |  |  |  |  |^ |  |  |  |* |
  8: |  |  |  |  |  |  |  |* |  |  |* |
  7: |  |  |  |^ |  |  |  |* |  |* |  |
  6: |* |* |^ |* |^ |* |* |^ |* |^ |^ |
  5: |* |  |  |  |* |* |  |* |  |^ |^ |
  4: |  |^ |^ |^ |* |  |^ |^ |^ |^ |  |
  3: |  |5|  |  |  |  |  |  |  |  |  |
  2: |  |2|  |  |  |  |  |  |  |  |  |
  1: |  |  |  |  |  |  |  |  |  |  |* |
  0: |  |5|  |  |* |  |  |  |  |  |  |
 -1: -----------------------
(Map 50407935-b825-4653-8462-edc4e7947701) Update #93: Epoch 93 ended
 y\x  0  1  2  3  4  5  6  7  8  9 10 
 11: -----------------------
 10: |  |^ |  |  |  |  |  |  |  |  |^ |
  9: |  |^ |  |  |  |  |  |  |  |  |^ |
  8: |  |  |  |  |  |  |  |* |  |  |* |
  7: |  |  |  |^ |  |  |  |^ |  |^ |  |
  6: |^ |* |  |* |^ |^ |* |^ |* |^ |^ |
  5: |* |  |  |  |* |* |* |* |  |^ |^ |
  4: |  |^ |^ |^ |^ |  |^ |* |^ |^ |  |
  3: |  |  |2|  |  |  |* |  |  |  |  |
  2: |6|  |  |  |  |  |  |  |  |  |  |
  1: |  |  |  |  |  |  |  |  |* |  |* |
  0: |3|1|  |  |* |  |  |  |  |  |  |
 -1: -----------------------
(Map 50407935-b825-4653-8462-edc4e7947701) Update #94: Epoch 94 ended
 y\x  0  1  2  3  4  5  6  7  8  9 10 
 11: -----------------------
 10: |  |^ |  |  |  |  |  |  |  |  |^ |
  9: |  |  |  |  |  |  |  |  |  |  |^ |
  8: |  |  |  |  |  |  |  |^ |  |  |^ |
  7: |  |  |  |* |  |  |  |^ |  |^ |  |
  6: |^ |* |* |* |* |^ |* |^ |* |^ |^ |
  5: |* |* |  |  |* |^ |^ |* |  |^ |  |
  4: |  |  |  |^ |^ |  |^ |* |^ |^ |  |
  3: |  |  |  |  |  |  |^ |  |  |  |  |
  2: |  |3|5|  |  |  |  |  |  |  |  |
  1: |  |  |2|  |  |  |  |  |* |  |8|
  0: |  |  |  |  |* |  |  |  |  |  |  |
 -1: -----------------------
(Map 50407935-b825-4653-8462-edc4e7947701) Update #95: Epoch 95 ended
 y\x  0  1  2  3  4  5  6  7  8  9 10 
 11: -----------------------
 10: |  |  |  |  |  |  |* |  |  |  |^ |
  9: |  |  |  |  |  |  |  |  |  |  |* |
  8: |  |  |  |  |  |  |  |^ |  |  |^ |
  7: |  |  |  |* |  |  |  |^ |  |^ |  |
  6: |^ |* |^ |* |^ |^ |* |^ |* |^ |^ |
  5: |* |^ |  |  |* |^ |^ |^ |  |^ |  |
  4: |  |  |  |^ |^ |* |^ |* |* |^ |  |
  3: |  |  |1|  |  |  |^ |  |  |  |  |
  2: |  |  |  |2|  |  |  |  |  |  |1|
  1: |  |  |4|  |  |  |  |  |* |  |  |
  0: |  |  |  |  |* |  |  |  |  |  |  |
 -1: -----------------------
(Map 50407935-b825-4653-8462-edc4e7947701) Update #96: Epoch 96 ended
 y\x  0  1  2  3  4  5  6  7  8  9 10 
 11: -----------------------
 10: |  |  |  |  |  |  |* |  |  |  |^ |
  9: |  |  |  |  |  |* |  |  |  |  |* |
  8: |  |  |  |  |  |  |  |^ |  |  |^ |
  7: |  |  |  |* |  |  |  |^ |  |^ |  |
  6: |^ |* |^ |* |^ |^ |* |  |* |^ |^ |
  5: |^ |* |* |  |* |^ |^ |^ |  |^ |  |
  4: |  |  |  |^ |^ |^ |^ |* |* |^ |  |
  3: |  |7|  |  |  |  |^ |  |  |  |  |
  2: |3|  |  |  |3|  |  |  |  |  |  |
  1: |  |  |  |  |  |* |  |  |* |  |  |
  0: |  |  |  |4|* |  |  |  |  |  |  |
 -1: -----------------------
(Map 50407935-b825-4653-8462-edc4e7947701) Update #97: Epoch 97 ended
 y\x  0  1  2  3  4  5  6  7  8  9 10 
 11: -----------------------
 10: |  |  |  |  |  |  |* |  |  |  |^ |
  9: |  |  |  |  |  |* |  |  |  |  |* |
  8: |  |  |  |  |  |  |  |^ |  |  |^ |
  7: |  |  |  |^ |  |  |  |^ |  |^ |  |
  6: |^ |* |^ |* |^ |^ |* |  |* |^ |^ |
  5: |^ |* |^ |  |* |^ |^ |^ |  |* |  |
  4: |  |  |2|* |^ |^ |^ |^ |* |^ |* |
  3: |  |  |  |  |  |  |^ |  |  |  |  |
  2: |* |  |  |  |  |  |  |* |  |  |  |
  1: |  |4|  |  |  |4|  |  |* |  |  |
  0: |  |  |2|  |* |  |  |  |  |  |  |
 -1: -----------------------
(Map 50407935-b825-4653-8462-edc4e7947701) Update #98: Epoch 98 ended
 y\x  0  1  2  3  4  5  6  7  8  9 10 
 11: -----------------------
 10: |  |  |  |  |  |  |* |  |  |  |  |
  9: |  |  |  |  |  |* |  |  |  |* |* |
  8: |  |  |  |  |  |  |  |^ |  |  |^ |
  7: |  |  |  |^ |  |  |  |^ |  |^ |  |
  6: |^ |* |^ |^ |^ |^ |* |  |* |* |  |
  5: |^ |* |^ |2|* |^ |^ |* |* |* |  |
  4: |  |  |  |* |^ |^ |  |^ |^ |  |* |
  3: |  |  |  |  |  |  |^ |  |  |  |  |
  2: |* |  |  |  |  |  |  |* |  |  |  |
  1: |7|  |  |  |  |  |  |  |* |  |  |
  0: |  |  |  |3|* |  |4|  |  |  |  |
 -1: -----------------------
(Map 50407935-b825-4653-8462-edc4e7947701) Update #99: Epoch 99 ended
 y\x  0  1  2  3  4  5  6  7  8  9 10 
 11: -----------------------
 10: |  |  |  |  |  |  |* |  |  |  |  |
  9: |  |  |  |  |  |* |  |  |  |* |^ |
  8: |  |  |  |  |  |  |  |* |  |  |^ |
  7: |  |  |  |^ |  |  |  |  |  |  |  |
  6: |  |* |* |^ |^ |  |* |* |* |^ |* |
  5: |^ |* |^ |  |^ |^ |* |* |^ |* |  |
  4: |  |  |  |5|  |^ |  |^ |^ |  |* |
  3: |  |  |  |  |  |  |^ |  |  |  |  |
  2: |* |  |  |  |  |  |  |* |  |  |  |
  1: |  |  |8|  |  |  |  |  |* |  |  |
  0: |  |4|  |  |* |  |1|  |  |  |  |
 -1: -----------------------
(Map 50407935-b825-4653-8462-edc4e7947701) Update #100: Epoch 100 ended
 y\x  0  1  2  3  4  5  6  7  8  9 10 
 11: -----------------------
 10: |  |  |  |  |  |  |* |  |  |  |  |
  9: |  |  |  |  |  |* |  |  |  |^ |^ |
  8: |  |  |  |  |  |  |  |* |  |  |  |
  7: |  |  |  |^ |  |* |  |  |  |  |  |
  6: |* |^ |* |^ |^ |  |* |^ |* |^ |^ |
  5: |* |* |^ |1|^ |  |^ |* |^ |^ |  |
  4: |  |  |* |^ |  |^ |* |^ |^ |  |* |
  3: |  |  |  |  |  |  |  |  |  |  |  |
  2: |^ |  |1|  |  |  |  |* |  |  |  |
  1: |  |  |  |  |  |  |1|  |* |  |  |
  0: |  |1|  |  |* |  |  |  |  |  |  |
 -1: -----------------------
(Map 50407935-b825-4653-8462-edc4e7947701) Update #101: Epoch 101 ended
 y\x  0  1  2  3  4  5  6  7  8  9 10 
 11: -----------------------
 10: |  |* |  |  |  |  |* |  |  |  |  |
  9: |  |  |  |  |  |* |  |  |  |^ |^ |
  8: |  |  |  |  |  |  |  |* |  |  |  |
  7: |  |  |  |^ |  |* |  |  |  |  |  |
  6: |^ |* |^ |^ |  |  |* |^ |* |^ |^ |
  5: |* |^ |7|  |^ |  |^ |* |^ |* |  |
  4: |  |  |^ |^ |  |^ |^ |^ |^ |  |* |
  3: |  |  |  |  |  |  |  |  |  |  |  |
  2: |^ |  |  |  |  |  |  |2|  |  |  |
  1: |  |  |  |  |  |  |  |  |* |  |  |
  0: |  |  |3|  |* |  |  |  |  |  |  |
 -1: -----------------------
