(Map 61272890-1fd6-4881-882a-2d9b334413d3) Update #1: Epoch 1 ended
 y\x  0  1  2  3  4  5  6  7  8  9 10 
 11: -----------------------
 10: |  |  |  |  |  |  |  |  |  |  |  |
  9: |  |  |  |  |  |  |  |  |  |  |  |
  8: |  |  |  |  |  |  |  |  |  |  |* |
  7: |  |  |  |  |  |  |  |  |  |  |  |
  6: |1|* |  |  |* |  |  |  |  |  |  |
  5: |  |4|  |* |* |* |* |  |  |* |6|
  4: |5|  |* |  |  |  |  |* |* |* |  |
  3: |  |  |  |  |* |1|  |  |  |  |  |
  2: |  |  |  |  |  |1|  |  |  |  |  |
  1: |  |  |  |  |  |  |  |  |  |2|  |
  0: |  |  |3|  |6|  |  |  |1|* |  |
 -1: -----------------------
(Map 61272890-1fd6-4881-882a-2d9b334413d3) Update #2: Epoch 2 ended
 y\x  0  1  2  3  4  5  6  7  8  9 10 
 11: -----------------------
 10: |  |  |  |  |  |  |  |  |  |  |  |
  9: |* |  |  |  |  |  |  |  |  |  |  |
  8: |  |  |  |  |  |  |  |  |  |  |* |
  7: |  |  |  |  |  |  |  |  |  |  |  |
  6: |* |* |  |  |* |  |* |  |  |  |  |
  5: |7|* |  |* |* |* |* |  |  |* |6|
  4: |* |  |^ |  |  |  |  |* |* |6|  |
  3: |5|  |  |  |* |  |2|  |  |  |  |
  2: |  |  |  |  |  |  |4|  |  |  |2|
  1: |  |8|  |8|  |  |  |  |  |  |  |
  0: |  |  |1|  |  |  |  |2|  |* |  |
 -1: -----------------------
(Map 61272890-1fd6-4881-882a-2d9b334413d3) Update #3: Epoch 3 ended
 y\x  0  1  2  3  4  5  6  7  8  9 10 
 11: -----------------------
 10: |  |  |  |  |  |  |  |  |  |  |  |
  9: |* |  |  |  |  |  |  |  |  |  |  |
  8: |  |  |  |  |  |  |  |  |  |  |* |
  7: |  |  |  |  |  |  |  |  |  |  |  |
  6: |* |* |  |* |* |  |* |  |  |  |  |
  5: |  |* |  |* |* |* |* |* |  |7|7|
  4: |* |  |^ |  |  |  |  |2|7|  |8|
  3: |  |  |  |  |* |  |  |  |  |  |  |
  2: |  |1|  |  |  |6|  |  |  |  |  |
  1: |  |  |1|  |3|6|  |  |  |  |5|
  0: |  |  |  |  |  |  |  |  |3|* |  |
 -1: -----------------------
(Map 61272890-1fd6-4881-882a-2d9b334413d3) Update #4: Epoch 4 ended
 y\x  0  1  2  3  4  5  6  7  8  9 10 
 11: -----------------------
 10: |  |  |  |  |  |  |  |  |  |  |  |
  9: |* |  |  |  |  |  |  |  |  |  |  |
  8: |  |  |  |  |  |  |  |  |  |  |* |
  7: |  |  |  |  |  |  |  |  |  |  |  |
  6: |* |* |  |* |* |  |* |  |  |* |  |
  5: |  |* |  |* |* |* |8|8|7|* |  |
  4: |4|  |^ |  |* |  |  |* |* |  |  |
  3: |4|  |2|  |^ |  |  |  |  |  |  |
  2: |  |  |  |  |  |  |3|  |  |8|  |
  1: |  |  |  |3|7|* |  |  |  |  |  |
  0: |  |  |  |  |  |4|  |  |1|* |  |
 -1: -----------------------
(Map 61272890-1fd6-4881-882a-2d9b334413d3) Update #5: Epoch 5 ended
 y\x  0  1  2  3  4  5  6  7  8  9 10 
 11: -----------------------
 10: |  |  |  |  |  |  |  |  |  |  |  |
  9: |* |  |  |  |  |  |  |  |  |  |  |
  8: |  |  |  |  |  |  |  |  |  |  |* |
  7: |  |  |  |  |  |  |  |  |  |  |  |
  6: |* |* |  |* |* |  |* |1|  |* |  |
  5: |  |* |  |* |* |* |  |* |* |* |  |
  4: |* |2|* |  |^ |6|  |* |5|  |* |
  3: |* |4|  |  |^ |  |  |  |  |1|  |
  2: |  |  |5|  |* |  |  |3|  |  |  |
  1: |  |  |  |7|  |* |  |  |  |  |  |
  0: |  |  |  |5|  |1|  |  |  |8|  |
 -1: -----------------------
(Map 61272890-1fd6-4881-882a-2d9b334413d3) Update #6: Epoch 6 ended
 y\x  0  1  2  3  4  5  6  7  8  9 10 
 11: -----------------------
 10: |  |  |  |  |  |  |  |  |  |  |  |
  9: |* |  |  |  |  |  |  |  |  |  |  |
  8: |  |  |  |  |  |  |  |  |  |  |* |
  7: |  |  |  |  |  |  |  |  |  |  |  |
  6: |* |* |* |* |* |* |* |  |  |* |  |
  5: |  |* |  |* |^ |* |6|* |* |* |  |
  4: |* |* |* |  |^ |  |  |* |  |  |2|
  3: |7|8|  |  |6|  |  |  |5|  |  |
  2: |  |  |  |  |^ |  |  |  |3|  |  |
  1: |  |  |7|  |  |* |  |  |  |* |  |
  0: |  |  |7|  |2|  |  |  |  |  |8|
 -1: -----------------------
(Map 61272890-1fd6-4881-882a-2d9b334413d3) Update #7: Epoch 7 ended
 y\x  0  1  2  3  4  5  6  7  8  9 10 
 11: -----------------------
 10: |  |  |  |  |  |  |  |  |  |  |  |
  9: |* |  |  |  |  |* |  |  |  |  |  |
  8: |  |  |  |  |  |  |  |  |  |  |* |
  7: |  |  |  |  |  |  |  |  |  |  |  |
  6: |* |^ |* |* |* |* |* |* |  |* |  |
  5: |2|* |  |^ |* |^ |  |* |* |* |  |
  4: |8|2|* |  |^ |6|  |* |  |2|* |
  3: |  |  |  |7|^ |  |  |  |  |  |  |
  2: |  |  |  |2|^ |  |  |  |  |  |6|
  1: |  |  |1|  |  |* |  |  |5|* |  |
  0: |  |  |  |  |  |8|  |  |  |  |1|
 -1: -----------------------
(Map 61272890-1fd6-4881-882a-2d9b334413d3) Update #8: Epoch 8 ended
 y\x  0  1  2  3  4  5  6  7  8  9 10 
 11: -----------------------
 10: |  |  |  |  |  |  |  |  |  |  |  |
  9: |* |  |  |* |  |^ |  |  |  |  |  |
  8: |  |  |  |  |  |  |  |  |  |  |* |
  7: |  |  |  |  |  |  |  |  |  |  |  |
  6: |* |^ |^ |^ |* |* |* |* |  |* |* |
  5: |1|^ |2|* |* |^ |  |* |* |* |  |
  4: |5|^ |^ |  |7|  |  |* |  |  |3|
  3: |  |  |7|  |^ |  |  |  |  |  |1|
  2: |  |  |1|  |^ |  |  |8|  |  |  |
  1: |2|  |  |  |4|* |  |  |  |* |  |
  0: |  |  |  |  |  |  |3|  |  |  |  |
 -1: -----------------------
(Map 61272890-1fd6-4881-882a-2d9b334413d3) Update #9: Epoch 9 ended
 y\x  0  1  2  3  4  5  6  7  8  9 10 
 11: -----------------------
 10: |  |  |  |  |  |  |  |  |  |  |  |
  9: |* |  |  |* |  |^ |  |  |  |  |  |
  8: |  |  |  |  |  |  |  |  |  |  |* |
  7: |  |  |  |  |  |  |  |  |  |  |  |
  6: |* |2|* |^ |* |* |^ |* |  |* |* |
  5: |  |7|* |8|* |^ |  |* |* |* |  |
  4: |3|^ |^ |* |^ |  |  |* |  |  |  |
  3: |  |  |  |  |^ |  |  |  |  |  |  |
  2: |  |  |5|3|^ |  |  |  |* |  |5|
  1: |  |  |  |  |  |* |  |5|  |* |  |
  0: |  |4|  |  |5|  |  |8|  |  |  |
 -1: -----------------------
(Map 61272890-1fd6-4881-882a-2d9b334413d3) Update #10: Epoch 10 ended
 y\x  0  1  2  3  4  5  6  7  8  9 10 
 11: -----------------------
 10: |  |  |  |  |  |  |  |  |  |  |  |
  9: |* |  |  |* |  |^ |  |  |* |  |  |
  8: |  |  |  |  |  |  |  |  |  |  |* |
  7: |  |  |  |  |  |  |  |  |  |  |  |
  6: |* |* |* |1|* |* |^ |^ |* |* |^ |
  5: |1|5|^ |^ |* |^ |  |* |* |* |  |
  4: |^ |^ |^ |^ |* |  |  |* |  |  |  |
  3: |  |  |* |  |  |  |  |  |  |  |  |
  2: |3|  |  |3|^ |  |  |  |* |  |  |
  1: |  |  |  |5|  |* |  |1|  |* |  |
  0: |7|  |  |  |1|  |  |5|  |  |  |
 -1: -----------------------
(Map 61272890-1fd6-4881-882a-2d9b334413d3) Update #11: Epoch 11 ended
 y\x  0  1  2  3  4  5  6  7  8  9 10 
 11: -----------------------
 10: |  |  |  |  |  |  |  |  |  |  |  |
  9: |* |  |  |* |  |^ |  |  |* |  |  |
  8: |  |  |  |  |  |  |  |  |  |  |* |
  7: |  |  |  |  |  |  |  |  |  |  |  |
  6: |8|2|* |^ |* |* |^ |* |^ |^ |^ |
  5: |  |* |6|^ |* |^ |  |^ |* |* |  |
  4: |^ |^ |^ |^ |* |* |  |* |  |  |  |
  3: |  |  |^ |  |  |  |  |  |  |  |  |
  2: |  |  |  |  |3|  |  |  |* |  |7|
  1: |  |* |7|  |1|* |  |  |  |* |* |
  0: |  |3|  |  |  |  |6|1|  |  |  |
 -1: -----------------------
