(Map 5802b6dd-41fe-43b0-8123-539d31ec8938) Update #1: Epoch 1 ended
 y\x  0  1  2  3  4  5  6  7  8  9 10 
 11: -----------------------
 10: |  |  |  |  |  |  |  |  |  |  |  |
  9: |  |  |* |3|  |  |  |  |  |  |  |
  8: |  |  |  |4|  |  |  |  |* |  |  |
  7: |  |  |  |  |  |4|  |  |* |  |  |
  6: |  |  |  |  |* |  |  |  |1|  |  |
  5: |* |  |  |  |* |  |  |1|2|* |* |
  4: |  |* |* |  |  |* |7|* |5|  |* |
  3: |  |  |  |  |  |  |  |5|  |  |  |
  2: |  |  |  |  |  |  |  |  |  |  |  |
  1: |  |  |  |  |  |  |  |5|4|  |  |
  0: |  |  |  |  |  |  |  |  |  |  |  |
 -1: -----------------------
(Map 5802b6dd-41fe-43b0-8123-539d31ec8938) Update #2: Epoch 2 ended
 y\x  0  1  2  3  4  5  6  7  8  9 10 
 11: -----------------------
 10: |  |  |  |1|  |  |  |  |  |  |  |
  9: |  |  |^ |1|  |  |  |  |  |  |  |
  8: |  |  |  |  |  |  |2|  |* |  |  |
  7: |  |  |  |  |  |  |  |  |* |  |  |
  6: |  |  |  |  |* |  |  |  |* |2|* |
  5: |* |  |  |  |* |  |* |  |  |4|* |
  4: |* |* |* |  |  |* |  |1|  |3|* |
  3: |  |  |  |  |  |  |5|  |  |  |  |
  2: |  |  |  |  |  |  |  |8|  |* |  |
  1: |  |  |  |  |  |  |  |  |  |  |  |
  0: |  |  |  |  |  |  |6|  |  |  |  |
 -1: -----------------------
(Map 5802b6dd-41fe-43b0-8123-539d31ec8938) Update #3: Epoch 3 ended
 y\x  0  1  2  3  4  5  6  7  8  9 10 
 11: -----------------------
 10: |  |  |  |5|2|  |  |  |  |  |  |
  9: |  |  |^ |  |  |  |  |  |  |  |  |
  8: |  |  |  |  |  |7|  |  |* |  |  |
  7: |  |  |  |  |  |  |  |4|8|  |  |
  6: |* |  |  |  |* |  |  |* |* |* |* |
  5: |* |  |  |  |* |* |* |  |2|  |* |
  4: |* |* |* |  |  |* |  |  |3|  |4|
  3: |  |  |  |  |* |7|  |  |  |  |4|
  2: |  |  |  |  |  |  |  |  |3|* |  |
  1: |  |  |  |  |  |  |1|  |  |  |  |
  0: |  |  |  |  |  |  |  |  |  |  |  |
 -1: -----------------------
(Map 5802b6dd-41fe-43b0-8123-539d31ec8938) Update #4: Epoch 4 ended
 y\x  0  1  2  3  4  5  6  7  8  9 10 
 11: -----------------------
 10: |  |  |  |5|  |  |  |  |  |  |  |
  9: |  |  |* |  |  |4|  |  |  |  |  |
  8: |  |  |  |  |  |  |  |  |* |  |  |
  7: |  |  |  |  |  |5|  |  |  |  |  |
  6: |* |  |  |  |* |  |  |6|* |* |* |
  5: |* |  |  |  |* |* |* |7|* |* |* |
  4: |^ |* |* |  |  |* |  |  |  |  |* |
  3: |4|  |  |  |* |  |  |  |5|  |  |
  2: |4|  |  |  |  |5|1|  |  |* |  |
  1: |  |  |  |  |  |  |  |  |5|  |  |
  0: |  |  |  |  |  |  |  |  |  |  |  |
 -1: -----------------------
(Map 5802b6dd-41fe-43b0-8123-539d31ec8938) Update #5: Epoch 5 ended
 y\x  0  1  2  3  4  5  6  7  8  9 10 
 11: -----------------------
 10: |  |  |4|  |  |  |  |  |* |  |  |
  9: |  |  |* |  |  |  |  |  |  |  |  |
  8: |  |  |  |  |  |  |2|  |* |  |  |
  7: |  |  |  |  |  |  |8|  |  |  |  |
  6: |* |  |  |  |* |  |  |  |2|* |* |
  5: |* |  |  |* |* |* |* |5|* |* |* |
  4: |^ |2|* |  |* |* |  |  |1|  |* |
  3: |1|  |  |  |* |1|  |  |  |  |  |
  2: |  |  |  |  |  |  |  |  |  |* |  |
  1: |  |  |  |  |  |  |5|  |  |  |  |
  0: |  |  |  |  |  |  |  |  |5|  |  |
 -1: -----------------------
(Map 5802b6dd-41fe-43b0-8123-539d31ec8938) Update #6: Epoch 6 ended
 y\x  0  1  2  3  4  5  6  7  8  9 10 
 11: -----------------------
 10: |  |  |  |  |  |  |  |  |* |  |  |
  9: |  |6|* |  |  |  |* |  |  |  |  |
  8: |  |  |  |  |  |7|1|  |* |  |  |
  7: |  |  |  |  |  |  |5|  |  |  |  |
  6: |^ |  |  |  |* |  |8|  |* |* |* |
  5: |* |  |2|* |* |* |* |6|1|^ |* |
  4: |^ |* |^ |* |* |* |  |  |* |  |* |
  3: |  |  |  |  |7|  |  |  |  |  |  |
  2: |5|  |  |  |  |  |1|  |  |* |  |
  1: |  |  |  |  |  |  |  |8|  |  |  |
  0: |  |  |  |  |  |  |  |  |  |  |  |
 -1: -----------------------
(Map 5802b6dd-41fe-43b0-8123-539d31ec8938) Update #7: Epoch 7 ended
 y\x  0  1  2  3  4  5  6  7  8  9 10 
 11: -----------------------
 10: |* |  |  |  |  |  |  |  |* |  |  |
  9: |  |  |* |  |  |  |1|  |  |  |  |
  8: |  |  |4|  |  |  |  |  |* |  |  |
  7: |  |  |  |  |  |  |4|3|  |  |  |
  6: |* |  |  |  |* |  |  |  |2|* |* |
  5: |* |* |  |* |* |6|* |* |  |^ |* |
  4: |^ |* |5|^ |* |* |  |  |5|  |* |
  3: |  |  |  |  |  |  |  |2|  |  |  |
  2: |  |3|  |  |5|  |  |  |  |* |  |
  1: |  |  |  |  |  |  |  |  |  |  |  |
  0: |  |  |  |  |  |  |  |  |4|  |  |
 -1: -----------------------
(Map 5802b6dd-41fe-43b0-8123-539d31ec8938) Update #8: Epoch 8 ended
 y\x  0  1  2  3  4  5  6  7  8  9 10 
 11: -----------------------
 10: |* |  |  |  |  |  |  |  |* |  |  |
  9: |  |  |* |  |  |7|  |  |  |  |  |
  8: |  |* |  |  |  |  |8|  |* |  |  |
  7: |  |  |  |4|  |  |  |  |  |  |  |
  6: |* |  |  |* |8|* |5|  |  |3|* |
  5: |* |^ |  |^ |^ |* |* |* |  |^ |* |
  4: |^ |* |^ |^ |^ |* |  |  |  |3|^ |
  3: |  |  |5|  |  |  |  |  |  |  |  |
  2: |  |  |  |7|  |  |  |5|  |* |  |
  1: |  |  |4|  |  |  |  |  |  |  |  |
  0: |  |  |  |  |  |  |  |7|  |  |  |
 -1: -----------------------
