(Map 4e0d5cbf-21ac-4c06-80a1-c3c12bb12346) Update #1: Epoch 1 ended
 y\x  0  1  2  3  4  5  6  7  8  9 10 
 11: -----------------------
 10: |  |  |  |  |  |  |  |  |  |  |  |
  9: |  |  |2|  |  |  |  |  |  |  |  |
  8: |  |  |3|  |  |  |7|  |  |  |  |
  7: |  |  |  |  |  |  |  |  |  |  |* |
  6: |* |  |  |  |* |  |  |  |* |  |* |
  5: |  |7|* |  |  |* |  |  |* |* |* |
  4: |  |6|* |  |  |  |* |  |  |  |7|
  3: |5|  |  |  |  |  |  |  |  |  |  |
  2: |  |* |  |  |  |  |  |  |  |  |  |
  1: |  |  |  |  |* |  |  |  |  |2|2|
  0: |  |  |  |  |  |  |  |2|  |1|  |
 -1: -----------------------
(Map 4e0d5cbf-21ac-4c06-80a1-c3c12bb12346) Update #2: Epoch 2 ended
 y\x  0  1  2  3  4  5  6  7  8  9 10 
 11: -----------------------
 10: |  |  |  |2|  |  |  |  |  |  |  |
  9: |  |  |1|  |  |8|  |  |  |  |  |
  8: |  |  |  |  |  |7|  |  |  |  |  |
  7: |  |  |  |  |  |  |  |  |  |  |* |
  6: |8|  |  |  |* |  |  |  |* |  |* |
  5: |8|* |* |  |  |* |  |* |* |* |* |
  4: |3|  |* |  |  |* |* |  |  |  |* |
  3: |  |3|  |  |  |  |  |  |  |  |  |
  2: |  |* |  |  |  |  |  |  |  |  |2|
  1: |  |  |  |  |* |  |  |  |  |* |  |
  0: |  |  |  |  |  |  |  |  |8|  |8|
 -1: -----------------------
(Map 4e0d5cbf-21ac-4c06-80a1-c3c12bb12346) Update #3: Epoch 3 ended
 y\x  0  1  2  3  4  5  6  7  8  9 10 
 11: -----------------------
 10: |  |  |  |  |6|  |  |  |* |  |  |
  9: |  |  |  |  |  |1|3|  |  |  |  |
  8: |  |  |  |4|  |  |  |  |  |  |  |
  7: |  |  |  |  |  |  |  |  |  |  |* |
  6: |^ |  |  |  |* |* |  |* |* |  |* |
  5: |  |* |* |  |* |* |  |* |* |* |6|
  4: |5|  |* |  |  |* |* |  |* |  |* |
  3: |  |  |  |  |  |  |  |  |  |  |6|
  2: |3|* |4|  |  |  |  |  |  |  |  |
  1: |  |  |  |  |* |  |  |  |  |* |  |
  0: |  |  |  |  |  |  |  |2|  |2|  |
 -1: -----------------------
(Map 4e0d5cbf-21ac-4c06-80a1-c3c12bb12346) Update #4: Epoch 4 ended
 y\x  0  1  2  3  4  5  6  7  8  9 10 
 11: -----------------------
 10: |  |  |  |  |  |1|  |  |* |  |  |
  9: |  |  |8|6|  |  |  |3|  |  |  |
  8: |  |  |  |  |  |  |  |  |  |  |  |
  7: |  |  |  |  |  |  |  |  |  |  |* |
  6: |^ |  |  |  |* |^ |  |* |* |* |1|
  5: |* |* |* |  |* |* |* |* |* |* |  |
  4: |  |3|* |  |  |* |* |  |* |* |* |
  3: |1|  |  |2|  |  |* |  |  |7|  |
  2: |  |* |  |  |  |  |  |  |  |  |  |
  1: |  |  |  |  |* |  |  |  |  |* |2|
  0: |  |  |  |  |  |  |  |  |7|  |  |
 -1: -----------------------
