(Map fa4fa378-9da3-478a-a42e-332935bd42e4) Update #1: Epoch 1 ended
 y\x  0  1  2  3  4  5  6  7  8  9 10 
 11: -----------------------
 10: |  |  |  |  |  |  |  |  |  |  |  |
  9: |  |  |  |  |  |  |  |  |  |  |  |
  8: |  |  |2|  |  |  |  |  |  |  |  |
  7: |  |  |1|  |  |  |  |* |  |1|  |
  6: |6|  |* |* |  |  |  |1|  |  |* |
  5: |  |6|  |4|* |  |  |  |  |* |4|
  4: |* |* |* |* |  |* |  |* |4|3|  |
  3: |  |  |  |  |  |  |* |* |  |  |  |
  2: |  |  |  |  |  |  |  |  |  |  |  |
  1: |  |  |  |  |  |  |  |  |  |  |  |
  0: |  |  |  |  |  |  |  |  |  |  |  |
 -1: -----------------------
(Map fa4fa378-9da3-478a-a42e-332935bd42e4) Update #2: Epoch 2 ended
 y\x  0  1  2  3  4  5  6  7  8  9 10 
 11: -----------------------
 10: |  |  |  |  |  |  |  |  |  |  |  |
  9: |  |  |  |  |  |  |  |  |  |  |  |
  8: |  |  |  |  |  |  |  |  |  |  |  |
  7: |  |  |  |4|  |  |  |* |  |  |8|
  6: |  |  |5|1|  |  |7|  |  |  |1|
  5: |  |* |  |  |* |  |  |* |  |* |* |
  4: |^ |* |4|5|  |* |  |7|7|  |  |
  3: |  |  |  |  |  |  |* |* |  |  |4|
  2: |  |* |  |  |  |  |  |  |  |  |  |
  1: |  |  |  |  |  |  |  |  |  |  |  |
  0: |  |  |  |  |  |  |  |  |  |  |  |
 -1: -----------------------
(Map fa4fa378-9da3-478a-a42e-332935bd42e4) Update #3: Epoch 3 ended
 y\x  0  1  2  3  4  5  6  7  8  9 10 
 11: -----------------------
 10: |  |  |* |  |  |  |  |  |  |  |  |
  9: |  |  |  |  |  |  |  |  |  |  |  |
  8: |  |  |  |  |  |  |  |  |  |  |  |
  7: |2|  |7|1|  |8|  |* |  |  |  |
  6: |  |  |* |  |  |  |  |* |  |6|* |
  5: |  |8|8|  |* |  |  |* |  |6|* |
  4: |2|^ |  |  |  |* |7|  |  |* |  |
  3: |  |  |  |  |  |  |* |* |  |4|  |
  2: |  |* |  |  |  |  |  |  |  |  |  |
  1: |  |  |  |  |  |  |  |  |  |  |  |
  0: |  |  |  |  |  |  |  |  |  |  |  |
 -1: -----------------------
(Map fa4fa378-9da3-478a-a42e-332935bd42e4) Update #4: Epoch 4 ended
 y\x  0  1  2  3  4  5  6  7  8  9 10 
 11: -----------------------
 10: |  |  |* |  |  |  |  |  |  |  |  |
  9: |  |  |  |  |  |  |  |  |  |  |  |
  8: |  |8|  |  |2|  |  |  |  |  |  |
  7: |  |  |  |  |  |  |  |* |8|  |  |
  6: |  |  |2|2|  |  |4|^ |  |  |2|
  5: |  |  |* |3|* |  |  |* |  |  |* |
  4: |^ |* |  |  |* |* |  |  |  |* |2|
  3: |  |  |  |  |  |  |5|* |  |  |6|
  2: |  |* |  |  |  |  |  |  |  |  |  |
  1: |  |  |  |  |* |  |  |  |  |  |  |
  0: |  |  |  |  |  |  |  |  |  |  |  |
 -1: -----------------------
(Map fa4fa378-9da3-478a-a42e-332935bd42e4) Update #5: Epoch 5 ended
 y\x  0  1  2  3  4  5  6  7  8  9 10 
 11: -----------------------
 10: |  |  |* |  |  |  |  |  |  |  |  |
  9: |8|  |  |8|  |  |  |  |  |  |  |
  8: |7|  |  |  |  |  |  |* |  |  |  |
  7: |  |  |  |  |  |  |  |^ |  |  |  |
  6: |  |7|  |* |  |  |  |^ |  |4|  |
  5: |* |  |6|  |3|6|  |^ |  |* |5|
  4: |^ |* |* |  |* |* |  |  |  |7|* |
  3: |3|  |  |  |  |  |  |* |  |  |  |
  2: |  |* |  |  |  |6|  |  |  |  |  |
  1: |  |  |  |  |* |  |  |  |  |  |  |
  0: |  |  |  |  |  |  |  |  |  |  |  |
 -1: -----------------------
(Map fa4fa378-9da3-478a-a42e-332935bd42e4) Update #6: Epoch 6 ended
 y\x  0  1  2  3  4  5  6  7  8  9 10 
 11: -----------------------
 10: |1|  |* |  |  |  |  |  |  |  |  |
  9: |  |2|  |  |3|  |  |  |  |  |  |
  8: |  |  |  |  |  |  |  |^ |  |  |  |
  7: |  |  |  |  |  |  |  |^ |  |1|  |
  6: |  |* |1|* |  |  |  |* |* |  |  |
  5: |^ |  |4|  |  |3|  |^ |  |1|  |
  4: |^ |* |^ |  |6|* |  |  |  |* |5|
  3: |  |* |  |  |  |1|  |^ |  |  |  |
  2: |5|* |  |  |  |  |  |  |  |  |  |
  1: |  |  |  |  |* |  |  |  |  |  |  |
  0: |  |  |  |  |  |  |  |  |  |  |  |
 -1: -----------------------
(Map fa4fa378-9da3-478a-a42e-332935bd42e4) Update #7: Epoch 7 ended
 y\x  0  1  2  3  4  5  6  7  8  9 10 
 11: -----------------------
 10: |  |3|* |8|  |  |  |  |  |  |  |
  9: |7|  |  |  |  |  |  |  |  |  |  |
  8: |  |  |  |  |  |  |  |^ |  |  |  |
  7: |  |  |  |2|  |  |  |^ |  |  |3|
  6: |  |* |* |2|  |  |  |* |^ |  |* |
  5: |^ |  |  |  |7|  |  |^ |  |8|* |
  4: |* |* |^ |  |  |* |  |  |  |5|  |
  3: |  |^ |  |  |  |4|  |^ |  |  |  |
  2: |  |* |  |  |  |  |4|  |  |  |  |
  1: |  |  |  |  |* |  |  |  |  |  |6|
  0: |  |  |  |  |  |  |  |  |  |* |  |
 -1: -----------------------
(Map fa4fa378-9da3-478a-a42e-332935bd42e4) Update #8: Epoch 8 ended
 y\x  0  1  2  3  4  5  6  7  8  9 10 
 11: -----------------------
 10: |  |  |4|  |  |  |  |  |  |  |8|
  9: |6|  |  |  |  |  |  |  |  |  |  |
  8: |  |  |  |  |  |  |  |^ |  |  |1|
  7: |  |  |  |  |  |  |  |^ |  |  |  |
  6: |  |* |* |5|  |  |  |* |^ |  |2|
  5: |^ |  |6|7|  |  |  |^ |  |  |2|
  4: |^ |* |* |  |  |* |  |  |* |  |  |
  3: |  |^ |  |  |  |  |* |^ |  |  |  |
  2: |  |^ |  |  |  |5|  |  |  |  |  |
  1: |  |  |  |  |* |  |  |4|  |  |  |
  0: |4|  |  |  |  |  |  |  |  |* |  |
 -1: -----------------------
(Map fa4fa378-9da3-478a-a42e-332935bd42e4) Update #9: Epoch 9 ended
 y\x  0  1  2  3  4  5  6  7  8  9 10 
 11: -----------------------
 10: |  |  |  |  |  |  |  |  |  |4|  |
  9: |  |  |5|  |  |  |  |  |  |  |7|
  8: |3|  |  |  |  |  |  |^ |  |  |  |
  7: |  |  |  |  |  |  |  |^ |  |  |  |
  6: |  |8|7|* |  |* |  |* |* |8|  |
  5: |* |  |  |* |  |  |* |^ |  |6|  |
  4: |^ |^ |* |5|  |* |  |  |* |  |  |
  3: |  |^ |  |  |  |1|^ |^ |  |  |  |
  2: |  |^ |  |  |  |  |  |  |2|  |  |
  1: |  |  |  |  |* |  |  |  |  |  |8|
  0: |  |  |  |  |  |* |  |  |  |* |  |
 -1: -----------------------
(Map fa4fa378-9da3-478a-a42e-332935bd42e4) Update #10: Epoch 10 ended
 y\x  0  1  2  3  4  5  6  7  8  9 10 
 11: -----------------------
 10: |  |  |  |  |  |  |  |  |  |5|  |
  9: |  |* |  |3|  |  |  |  |  |7|  |
  8: |  |  |  |  |  |  |  |^ |  |  |7|
  7: |  |  |  |  |  |  |  |^ |  |  |  |
  6: |  |  |  |3|  |* |  |^ |* |1|  |
  5: |* |5|* |* |  |* |^ |* |  |5|  |
  4: |^ |^ |* |  |* |* |  |  |^ |  |  |
  3: |  |^ |  |5|  |  |3|^ |  |  |  |
  2: |  |^ |  |  |  |  |  |  |  |3|  |
  1: |  |  |  |  |* |  |  |  |  |  |  |
  0: |  |  |  |  |  |* |  |  |  |* |5|
 -1: -----------------------
(Map fa4fa378-9da3-478a-a42e-332935bd42e4) Update #11: Epoch 11 ended
 y\x  0  1  2  3  4  5  6  7  8  9 10 
 11: -----------------------
 10: |  |  |  |  |  |  |  |  |8|  |  |
  9: |* |* |  |  |  |  |  |  |  |  |  |
  8: |  |  |6|  |  |  |  |^ |  |  |  |
  7: |4|  |  |  |  |  |  |  |  |1|  |
  6: |  |  |2|* |  |* |  |^ |* |* |  |
  5: |* |  |6|* |  |^ |^ |^ |7|  |  |
  4: |^ |^ |* |  |* |* |  |  |^ |* |* |
  3: |  |^ |  |  |  |  |^ |3|  |  |  |
  2: |  |^ |  |5|  |  |  |  |  |  |  |
  1: |  |  |  |  |* |  |  |  |6|  |  |
  0: |  |  |  |  |  |* |  |  |  |7|  |
 -1: -----------------------
(Map fa4fa378-9da3-478a-a42e-332935bd42e4) Update #12: Epoch 12 ended
 y\x  0  1  2  3  4  5  6  7  8  9 10 
 11: -----------------------
 10: |  |  |  |* |  |  |  |  |5|6|  |
  9: |* |* |  |  |  |  |  |  |  |  |  |
  8: |  |  |  |3|  |  |  |  |  |  |  |
  7: |  |8|  |  |  |  |  |  |  |  |  |
  6: |* |  |* |* |  |^ |  |^ |* |^ |6|
  5: |^ |7|^ |^ |  |* |^ |^ |  |3|  |
  4: |^ |^ |^ |  |* |^ |  |1|^ |^ |* |
  3: |  |^ |  |1|  |  |^ |  |  |  |  |
  2: |  |^ |  |  |  |  |  |  |1|  |  |
  1: |  |  |  |  |* |  |  |  |8|  |  |
  0: |  |  |  |  |  |^ |  |  |  |  |  |
 -1: -----------------------
(Map fa4fa378-9da3-478a-a42e-332935bd42e4) Update #13: Epoch 13 ended
 y\x  0  1  2  3  4  5  6  7  8  9 10 
 11: -----------------------
 10: |  |  |  |* |  |  |  |  |  |5|  |
  9: |* |* |  |  |  |  |  |6|  |  |  |
  8: |  |  |  |  |3|  |  |  |  |  |  |
  7: |* |  |  |  |  |  |  |  |  |  |  |
  6: |^ |* |2|^ |  |^ |  |^ |8|^ |^ |
  5: |^ |  |^ |* |  |* |* |^ |2|  |  |
  4: |^ |^ |^ |1|^ |^ |  |  |^ |^ |^ |
  3: |  |  |  |  |  |  |^ |  |1|  |  |
  2: |  |^ |  |  |  |  |  |  |  |  |  |
  1: |  |  |  |  |* |  |  |  |  |  |  |
  0: |  |  |  |  |  |^ |  |6|  |  |  |
 -1: -----------------------
(Map fa4fa378-9da3-478a-a42e-332935bd42e4) Update #14: Epoch 14 ended
 y\x  0  1  2  3  4  5  6  7  8  9 10 
 11: -----------------------
 10: |  |  |  |* |  |  |  |  |  |  |  |
  9: |* |* |  |  |  |  |  |  |6|  |  |
  8: |  |  |  |  |  |  |6|  |  |  |  |
  7: |^ |  |  |  |  |4|  |  |  |  |  |
  6: |^ |^ |^ |^ |  |* |  |^ |* |^ |^ |
  5: |^ |6|^ |4|* |* |* |6|  |  |* |
  4: |  |^ |7|  |^ |^ |  |6|^ |^ |^ |
  3: |  |  |  |  |  |  |^ |7|  |  |  |
  2: |* |  |  |  |  |  |  |  |  |  |  |
  1: |  |  |  |  |* |  |  |  |2|  |  |
  0: |  |  |  |  |  |^ |  |  |  |  |  |
 -1: -----------------------
(Map fa4fa378-9da3-478a-a42e-332935bd42e4) Update #15: Epoch 15 ended
 y\x  0  1  2  3  4  5  6  7  8  9 10 
 11: -----------------------
 10: |  |  |  |* |  |  |  |  |  |  |  |
  9: |* |* |  |  |  |  |  |  |  |  |  |
  8: |  |  |  |  |  |  |2|6|  |  |  |
  7: |^ |  |  |  |  |  |  |  |  |  |  |
  6: |^ |^ |8|^ |  |* |  |^ |* |^ |* |
  5: |^ |^ |^ |^ |^ |* |8|^ |3|  |^ |
  4: |* |7|* |  |^ |^ |8|  |^ |^ |* |
  3: |  |  |  |  |  |  |  |  |  |  |  |
  2: |* |  |  |  |  |  |  |  |  |  |  |
  1: |  |  |  |  |* |  |  |7|  |  |  |
  0: |  |  |  |  |  |^ |  |  |  |  |  |
 -1: -----------------------
(Map fa4fa378-9da3-478a-a42e-332935bd42e4) Update #16: Epoch 16 ended
 y\x  0  1  2  3  4  5  6  7  8  9 10 
 11: -----------------------
 10: |  |  |  |* |  |  |  |  |  |  |  |
  9: |* |^ |  |  |  |  |  |  |  |  |  |
  8: |  |  |  |  |  |  |7|  |  |  |  |
  7: |^ |  |  |  |  |  |6|  |  |  |  |
  6: |^ |^ |^ |3|  |8|  |  |* |^ |* |
  5: |^ |^ |^ |* |^ |* |  |^ |  |* |^ |
  4: |7|  |* |  |* |^ |  |3|5|^ |* |
  3: |  |  |  |  |  |  |  |  |  |  |  |
  2: |* |  |  |  |  |  |  |1|  |  |  |
  1: |* |  |  |  |* |  |  |  |  |  |  |
  0: |  |  |  |  |  |^ |  |  |  |  |  |
 -1: -----------------------
(Map fa4fa378-9da3-478a-a42e-332935bd42e4) Update #17: Epoch 17 ended
 y\x  0  1  2  3  4  5  6  7  8  9 10 
 11: -----------------------
 10: |  |* |  |* |  |  |  |  |  |  |  |
  9: |^ |^ |  |  |  |  |1|  |  |  |  |
  8: |  |  |  |  |  |  |  |2|  |  |  |
  7: |^ |  |  |  |  |  |  |3|  |  |  |
  6: |* |^ |^ |* |  |^ |  |* |* |^ |* |
  5: |^ |^ |  |* |6|^ |  |  |1|^ |^ |
  4: |^ |3|* |  |* |* |  |  |* |^ |* |
  3: |  |  |  |  |  |  |6|  |2|  |  |
  2: |* |  |  |  |  |  |  |  |  |  |  |
  1: |* |  |  |  |* |  |  |  |  |  |  |
  0: |  |  |  |  |  |^ |  |  |  |  |  |
 -1: -----------------------
(Map fa4fa378-9da3-478a-a42e-332935bd42e4) Update #18: Epoch 18 ended
 y\x  0  1  2  3  4  5  6  7  8  9 10 
 11: -----------------------
 10: |  |^ |  |* |  |  |  |  |  |  |  |
  9: |^ |^ |  |  |  |  |* |  |2|  |  |
  8: |  |  |  |  |  |  |  |4|  |  |  |
  7: |^ |  |  |  |  |  |  |  |  |  |  |
  6: |* |* |^ |* |* |  |  |^ |4|  |* |
  5: |  |^ |  |7|^ |^ |  |  |  |^ |^ |
  4: |^ |  |3|  |* |* |  |8|* |* |* |
  3: |  |  |  |  |  |  |  |  |  |  |  |
  2: |* |  |  |  |  |6|  |  |  |  |  |
  1: |* |  |  |  |* |  |  |  |  |  |  |
  0: |  |  |  |  |  |  |  |  |  |  |  |
 -1: -----------------------
(Map fa4fa378-9da3-478a-a42e-332935bd42e4) Update #19: Epoch 19 ended
 y\x  0  1  2  3  4  5  6  7  8  9 10 
 11: -----------------------
 10: |  |^ |  |* |  |  |  |  |  |  |  |
  9: |^ |^ |  |* |  |  |* |  |  |3|  |
  8: |  |  |  |  |  |  |  |  |  |  |  |
  7: |^ |  |  |  |  |  |  |5|  |  |  |
  6: |^ |* |  |1|^ |  |  |^ |* |  |^ |
  5: |  |^ |1|^ |3|* |  |  |  |4|^ |
  4: |^ |  |* |  |^ |* |  |  |* |^ |^ |
  3: |  |  |  |  |  |  |  |  |4|  |  |
  2: |* |  |  |  |  |  |  |  |  |  |  |
  1: |* |  |  |  |* |  |4|  |  |  |  |
  0: |  |  |  |  |  |  |  |  |  |  |  |
 -1: -----------------------
(Map fa4fa378-9da3-478a-a42e-332935bd42e4) Update #20: Epoch 20 ended
 y\x  0  1  2  3  4  5  6  7  8  9 10 
 11: -----------------------
 10: |  |^ |  |^ |  |  |  |  |  |1|  |
  9: |^ |^ |  |* |  |  |* |  |  |  |  |
  8: |  |  |  |  |  |  |  |  |  |  |  |
  7: |* |  |  |  |  |  |  |  |  |  |  |
  6: |^ |* |1|^ |^ |  |  |5|^ |1|^ |
  5: |  |^ |  |5|* |* |  |  |  |^ |^ |
  4: |^ |  |* |  |5|* |  |  |1|* |^ |
  3: |  |  |  |  |  |  |  |  |  |  |  |
  2: |* |  |  |  |  |  |  |  |  |  |  |
  1: |* |  |  |  |* |  |  |  |  |  |  |
  0: |  |  |  |  |  |  |5|  |  |  |  |
 -1: -----------------------
(Map fa4fa378-9da3-478a-a42e-332935bd42e4) Update #21: Epoch 21 ended
 y\x  0  1  2  3  4  5  6  7  8  9 10 
 11: -----------------------
 10: |  |^ |  |^ |  |  |  |  |  |  |  |
  9: |^ |^ |  |^ |  |  |* |  |  |  |4|
  8: |  |  |  |  |  |  |  |  |  |  |  |
  7: |* |  |1|  |  |  |  |  |  |  |  |
  6: |^ |* |8|^ |* |  |  |* |^ |  |^ |
  5: |* |* |  |* |^ |* |6|  |  |^ |4|
  4: |^ |* |* |  |^ |* |  |  |^ |3|^ |
  3: |  |  |  |  |5|  |  |  |  |  |  |
  2: |* |  |  |  |  |  |  |  |  |  |  |
  1: |* |  |  |  |* |8|  |  |  |  |  |
  0: |  |  |  |  |  |  |  |  |  |  |  |
 -1: -----------------------
(Map fa4fa378-9da3-478a-a42e-332935bd42e4) Update #22: Epoch 22 ended
 y\x  0  1  2  3  4  5  6  7  8  9 10 
 11: -----------------------
 10: |* |^ |  |^ |  |  |  |  |  |  |1|
  9: |^ |  |  |^ |  |  |* |  |  |  |  |
  8: |  |  |  |  |  |  |  |  |  |  |  |
  7: |* |  |1|  |  |  |  |  |  |  |  |
  6: |* |* |5|^ |* |8|  |* |^ |  |1|
  5: |^ |^ |  |* |^ |* |  |  |  |^ |* |
  4: |* |* |* |  |^ |* |  |  |7|^ |* |
  3: |  |  |  |  |  |3|  |  |  |  |4|
  2: |* |  |  |  |  |  |  |  |  |  |  |
  1: |* |  |  |  |* |  |3|  |  |  |  |
  0: |  |  |  |  |  |  |  |  |  |  |  |
 -1: -----------------------
(Map fa4fa378-9da3-478a-a42e-332935bd42e4) Update #23: Epoch 23 ended
 y\x  0  1  2  3  4  5  6  7  8  9 10 
 11: -----------------------
 10: |^ |^ |  |^ |  |  |  |  |  |  |5|
  9: |  |  |  |^ |  |  |* |  |  |  |  |
  8: |  |  |  |  |  |  |  |  |  |  |* |
  7: |2|  |  |  |  |  |  |  |  |  |  |
  6: |* |* |  |4|* |  |3|* |^ |  |^ |
  5: |^ |^ |5|* |^ |^ |  |  |  |  |^ |
  4: |2|^ |* |* |* |* |  |  |* |* |* |
  3: |  |  |  |  |  |  |  |  |  |4|  |
  2: |* |  |  |  |  |  |4|  |  |  |  |
  1: |* |  |  |  |* |  |  |3|  |  |  |
  0: |  |  |  |  |  |  |  |  |  |  |  |
 -1: -----------------------
(Map fa4fa378-9da3-478a-a42e-332935bd42e4) Update #24: Epoch 24 ended
 y\x  0  1  2  3  4  5  6  7  8  9 10 
 11: -----------------------
 10: |^ |  |  |^ |* |  |  |  |  |  |  |
  9: |  |  |  |^ |  |  |* |  |  |6|  |
  8: |  |2|  |  |  |  |  |  |  |  |* |
  7: |^ |  |  |  |  |  |  |  |  |  |  |
  6: |* |* |* |^ |* |  |  |^ |^ |  |^ |
  5: |^ |^ |6|3|^ |^ |  |4|  |  |* |
  4: |^ |^ |^ |* |* |^ |  |  |* |* |2|
  3: |  |  |  |  |  |8|  |  |  |  |6|
  2: |* |  |  |  |  |  |  |1|  |  |  |
  1: |* |  |  |  |* |  |  |  |  |  |  |
  0: |  |  |  |  |  |  |  |  |  |  |  |
 -1: -----------------------
(Map fa4fa378-9da3-478a-a42e-332935bd42e4) Update #25: Epoch 25 ended
 y\x  0  1  2  3  4  5  6  7  8  9 10 
 11: -----------------------
 10: |^ |  |  |^ |^ |  |  |  |  |  |  |
  9: |  |  |  |^ |  |  |* |  |  |  |  |
  8: |7|  |  |  |  |  |  |  |  |  |4|
  7: |^ |  |  |  |  |  |  |  |  |  |* |
  6: |^ |* |^ |  |* |  |  |^ |^ |  |  |
  5: |^ |^ |^ |^ |3|^ |  |  |  |* |* |
  4: |^ |^ |^ |* |^ |^ |2|  |4|7|  |
  3: |3|  |  |  |  |  |  |  |2|  |  |
  2: |* |  |  |  |  |  |  |  |  |  |  |
  1: |* |  |  |  |* |  |  |  |  |  |  |
  0: |  |  |  |  |  |  |  |  |  |  |  |
 -1: -----------------------
(Map fa4fa378-9da3-478a-a42e-332935bd42e4) Update #26: Epoch 26 ended
 y\x  0  1  2  3  4  5  6  7  8  9 10 
 11: -----------------------
 10: |^ |  |  |  |^ |  |  |  |  |  |  |
  9: |  |2|  |^ |  |  |* |  |  |  |  |
  8: |  |  |  |  |  |  |  |  |  |7|  |
  7: |^ |  |  |  |  |  |  |  |  |  |* |
  6: |^ |^ |* |  |* |  |  |^ |  |  |  |
  5: |^ |^ |* |^ |* |3|  |2|  |1|* |
  4: |^ |^ |^ |* |* |^ |  |  |  |* |* |
  3: |  |  |  |  |  |  |  |  |5|  |  |
  2: |5|  |  |  |  |  |  |  |5|  |  |
  1: |* |  |* |  |* |  |  |  |  |  |  |
  0: |  |  |  |  |  |  |  |  |  |  |  |
 -1: -----------------------
(Map fa4fa378-9da3-478a-a42e-332935bd42e4) Update #27: Epoch 27 ended
 y\x  0  1  2  3  4  5  6  7  8  9 10 
 11: -----------------------
 10: |^ |  |  |  |^ |  |  |* |  |  |  |
  9: |7|  |  |  |  |  |* |  |  |  |  |
  8: |  |  |  |  |  |  |  |  |  |  |  |
  7: |  |  |  |  |  |  |  |  |  |  |4|
  6: |^ |^ |* |  |* |  |8|^ |  |* |* |
  5: |^ |^ |* |^ |7|^ |  |  |  |^ |* |
  4: |^ |^ |^ |* |* |* |  |  |  |5|^ |
  3: |  |  |  |  |  |  |  |8|  |  |  |
  2: |  |  |  |  |  |  |  |  |  |  |  |
  1: |* |  |* |  |* |  |  |  |  |  |6|
  0: |  |  |  |  |  |  |  |  |  |  |  |
 -1: -----------------------
