(Map e893adcd-03c9-41ca-a4de-e1a890ba3641) Update #1: Epoch 1 ended
 y\x  0  1  2  3  4  5  6  7  8  9 10 
 11: -----------------------
 10: |  |  |  |  |  |  |1|2|  |  |  |
  9: |* |  |  |  |  |  |  |  |  |  |  |
  8: |  |  |  |3|  |  |  |  |  |  |  |
  7: |  |  |  |4|  |  |3|  |  |  |  |
  6: |  |  |* |* |  |1|4|* |  |  |  |
  5: |  |* |* |* |7|  |  |* |  |  |* |
  4: |  |  |  |  |* |  |  |* |* |  |  |
  3: |1|  |  |* |  |  |  |* |  |  |  |
  2: |  |  |  |  |1|  |  |  |  |  |  |
  1: |  |  |  |  |  |  |  |  |  |  |6|
  0: |  |  |  |6|  |  |  |  |  |  |  |
 -1: -----------------------
(Map e893adcd-03c9-41ca-a4de-e1a890ba3641) Update #2: Epoch 2 ended
 y\x  0  1  2  3  4  5  6  7  8  9 10 
 11: -----------------------
 10: |  |  |  |  |  |  |  |3|  |  |  |
  9: |* |  |  |  |  |  |  |5|  |  |  |
  8: |  |  |  |  |  |  |  |  |  |  |  |
  7: |  |  |  |  |4|  |  |2|  |  |* |
  6: |* |  |* |8|7|  |  |4|* |* |  |
  5: |  |* |* |* |  |  |  |* |  |  |* |
  4: |1|  |  |  |* |  |  |* |* |  |  |
  3: |  |  |  |* |  |  |  |* |  |  |  |
  2: |  |  |  |  |  |3|  |  |  |  |  |
  1: |  |  |8|  |  |  |  |  |  |7|  |
  0: |  |  |  |  |  |  |  |  |  |  |  |
 -1: -----------------------
(Map e893adcd-03c9-41ca-a4de-e1a890ba3641) Update #3: Epoch 3 ended
 y\x  0  1  2  3  4  5  6  7  8  9 10 
 11: -----------------------
 10: |  |  |  |  |  |  |  |  |  |  |  |
  9: |* |  |  |  |  |  |6|  |  |  |  |
  8: |  |  |  |  |  |2|  |5|  |  |  |
  7: |  |  |  |  |  |2|  |  |2|  |* |
  6: |* |  |* |  |  |  |  |  |* |* |  |
  5: |  |* |6|6|* |  |  |* |  |* |* |
  4: |  |  |  |  |* |  |  |* |* |* |  |
  3: |5|  |  |* |  |  |  |* |  |  |  |
  2: |  |  |  |  |  |  |  |  |  |1|  |
  1: |  |* |  |  |  |  |4|  |  |  |  |
  0: |  |  |5|  |  |  |  |  |  |  |  |
 -1: -----------------------
(Map e893adcd-03c9-41ca-a4de-e1a890ba3641) Update #4: Epoch 4 ended
 y\x  0  1  2  3  4  5  6  7  8  9 10 
 11: -----------------------
 10: |  |  |  |  |  |  |  |  |  |  |  |
  9: |* |  |  |  |  |7|8|  |  |  |  |
  8: |  |  |  |  |* |  |  |  |1|  |  |
  7: |  |  |  |  |6|  |3|7|  |  |* |
  6: |* |  |* |  |2|  |  |* |* |* |* |
  5: |  |* |* |* |* |  |  |* |  |* |* |
  4: |  |6|  |  |* |  |  |* |^ |* |  |
  3: |  |3|  |* |  |  |  |* |  |  |  |
  2: |  |  |  |  |  |  |  |  |  |  |  |
  1: |  |8|  |  |  |  |  |  |  |5|  |
  0: |  |  |  |  |  |  |5|  |  |  |  |
 -1: -----------------------
(Map e893adcd-03c9-41ca-a4de-e1a890ba3641) Update #5: Epoch 5 ended
 y\x  0  1  2  3  4  5  6  7  8  9 10 
 11: -----------------------
 10: |  |  |  |  |  |  |2|  |  |  |  |
  9: |* |  |  |  |  |  |  |  |  |  |  |
  8: |  |  |  |  |* |8|5|  |  |  |* |
  7: |  |  |  |  |  |  |  |  |5|  |* |
  6: |* |  |* |  |  |3|* |* |* |* |* |
  5: |  |* |2|^ |* |  |  |* |  |* |* |
  4: |  |1|* |  |* |  |  |^ |* |^ |  |
  3: |  |  |  |* |  |  |  |* |  |  |  |
  2: |8|  |  |  |  |  |  |  |  |  |  |
  1: |  |  |  |  |  |  |  |2|  |  |  |
  0: |  |  |  |  |  |  |  |  |6|  |  |
 -1: -----------------------
(Map e893adcd-03c9-41ca-a4de-e1a890ba3641) Update #6: Epoch 6 ended
 y\x  0  1  2  3  4  5  6  7  8  9 10 
 11: -----------------------
 10: |  |  |  |  |  |  |  |6|  |  |  |
  9: |* |  |  |  |8|  |  |  |  |  |  |
  8: |  |  |  |  |* |  |  |8|  |  |* |
  7: |  |  |  |  |  |6|4|  |  |  |* |
  6: |* |8|* |* |  |  |* |* |5|* |* |
  5: |  |1|* |* |6|  |  |^ |  |^ |* |
  4: |  |  |^ |  |* |  |* |^ |* |^ |  |
  3: |  |  |  |* |  |  |  |^ |  |  |  |
  2: |  |  |  |  |  |* |  |  |2|  |  |
  1: |5|  |  |  |  |  |  |  |  |  |  |
  0: |  |  |  |  |  |  |  |  |  |3|  |
 -1: -----------------------
(Map e893adcd-03c9-41ca-a4de-e1a890ba3641) Update #7: Epoch 7 ended
 y\x  0  1  2  3  4  5  6  7  8  9 10 
 11: -----------------------
 10: |  |  |  |  |  |  |4|  |  |  |  |
  9: |* |  |  |  |  |  |  |  |  |  |  |
  8: |  |  |  |6|* |1|  |  |  |  |* |
  7: |  |1|  |  |  |  |6|  |  |  |* |
  6: |* |1|* |^ |  |  |5|^ |* |^ |* |
  5: |  |^ |* |* |* |  |* |6|  |^ |^ |
  4: |  |* |^ |6|^ |  |^ |^ |* |^ |  |
  3: |  |* |  |* |  |  |  |^ |  |  |  |
  2: |  |  |  |  |  |* |  |  |  |  |  |
  1: |  |  |  |  |  |  |  |  |  |4|7|
  0: |  |  |  |  |  |  |  |  |  |  |8|
 -1: -----------------------
(Map e893adcd-03c9-41ca-a4de-e1a890ba3641) Update #8: Epoch 8 ended
 y\x  0  1  2  3  4  5  6  7  8  9 10 
 11: -----------------------
 10: |  |  |  |  |  |7|  |  |  |  |  |
  9: |* |  |  |1|  |1|  |  |  |  |  |
  8: |  |  |  |  |* |  |  |  |  |  |^ |
  7: |7|  |  |  |  |7|* |  |  |  |* |
  6: |* |  |^ |^ |  |  |  |3|^ |* |^ |
  5: |  |5|8|* |* |  |^ |* |  |^ |^ |
  4: |  |^ |^ |  |^ |  |^ |* |4|* |  |
  3: |  |* |  |* |  |  |  |^ |  |  |  |
  2: |  |  |  |  |  |* |  |  |  |  |  |
  1: |2|  |  |  |  |  |  |  |  |  |  |
  0: |4|  |  |  |  |  |  |  |  |5|  |
 -1: -----------------------
(Map e893adcd-03c9-41ca-a4de-e1a890ba3641) Update #9: Epoch 9 ended
 y\x  0  1  2  3  4  5  6  7  8  9 10 
 11: -----------------------
 10: |  |  |  |  |4|  |  |  |  |  |  |
  9: |* |  |  |  |  |  |  |  |  |  |  |
  8: |  |  |  |  |* |  |4|  |  |  |^ |
  7: |  |  |  |  |  |  |* |  |  |  |7|
  6: |* |  |* |^ |  |5|7|^ |^ |* |^ |
  5: |  |^ |3|* |* |  |^ |* |1|^ |^ |
  4: |  |^ |^ |* |^ |  |^ |* |* |* |  |
  3: |  |^ |  |* |  |  |  |^ |  |  |  |
  2: |  |  |  |  |  |* |  |  |  |  |  |
  1: |  |  |  |  |  |  |  |  |  |  |  |
  0: |  |  |  |  |* |  |  |  |2|  |7|
 -1: -----------------------
(Map e893adcd-03c9-41ca-a4de-e1a890ba3641) Update #10: Epoch 10 ended
 y\x  0  1  2  3  4  5  6  7  8  9 10 
 11: -----------------------
 10: |  |  |  |7|  |  |  |  |  |  |  |
  9: |* |  |  |  |  |  |1|  |  |  |  |
  8: |  |  |  |  |* |  |  |  |  |  |^ |
  7: |3|  |  |  |  |1|* |  |  |  |^ |
  6: |* |  |1|* |  |  |* |3|^ |* |^ |
  5: |  |  |* |* |* |* |^ |* |* |^ |^ |
  4: |  |^ |^ |^ |^ |  |^ |* |5|* |  |
  3: |  |^ |  |* |  |  |  |^ |  |  |  |
  2: |  |  |  |  |  |* |  |  |  |  |  |
  1: |  |  |  |  |* |  |  |  |  |  |  |
  0: |  |  |  |  |* |  |  |7|  |7|  |
 -1: -----------------------
(Map e893adcd-03c9-41ca-a4de-e1a890ba3641) Update #11: Epoch 11 ended
 y\x  0  1  2  3  4  5  6  7  8  9 10 
 11: -----------------------
 10: |  |  |7|  |  |  |  |2|  |  |  |
  9: |* |  |  |  |  |* |  |  |  |  |  |
  8: |1|  |  |  |* |  |  |  |  |  |^ |
  7: |  |  |1|  |  |  |* |  |  |  |^ |
  6: |* |  |^ |* |  |  |4|^ |^ |* |^ |
  5: |  |  |* |* |* |^ |^ |5|* |^ |^ |
  4: |  |^ |^ |^ |^ |  |^ |7|^ |* |* |
  3: |  |^ |  |^ |  |  |  |^ |  |  |  |
  2: |  |  |  |  |  |* |  |  |  |  |  |
  1: |  |  |  |  |* |  |  |  |  |  |  |
  0: |  |  |  |  |* |  |7|  |  |  |8|
 -1: -----------------------
(Map e893adcd-03c9-41ca-a4de-e1a890ba3641) Update #12: Epoch 12 ended
 y\x  0  1  2  3  4  5  6  7  8  9 10 
 11: -----------------------
 10: |  |  |5|  |  |  |  |  |  |  |  |
  9: |* |2|5|  |  |* |  |5|  |  |  |
  8: |  |  |1|  |* |  |  |  |  |  |^ |
  7: |  |  |  |  |  |  |^ |2|  |  |^ |
  6: |^ |  |^ |* |* |  |^ |* |^ |* |^ |
  5: |  |  |* |* |* |^ |8|  |* |  |* |
  4: |  |^ |  |^ |^ |  |6|^ |^ |* |^ |
  3: |  |^ |  |^ |  |  |  |  |  |  |  |
  2: |  |  |  |  |  |* |  |  |  |  |  |
  1: |2|  |  |  |* |  |1|  |  |  |1|
  0: |  |  |  |  |* |  |  |  |  |  |  |
 -1: -----------------------
(Map e893adcd-03c9-41ca-a4de-e1a890ba3641) Update #13: Epoch 13 ended
 y\x  0  1  2  3  4  5  6  7  8  9 10 
 11: -----------------------
 10: |8|8|  |  |  |  |  |  |  |  |  |
  9: |* |* |  |  |  |* |  |  |  |  |  |
  8: |  |  |  |  |* |  |  |5|  |  |^ |
  7: |  |  |5|  |  |  |^ |  |3|  |^ |
  6: |^ |  |^ |^ |^ |  |^ |^ |* |^ |^ |
  5: |* |* |* |* |* |^ |^ |  |* |* |^ |
  4: |  |^ |  |^ |  |6|  |^ |^ |* |^ |
  3: |  |^ |  |^ |  |  |  |4|  |  |  |
  2: |  |  |  |  |  |* |  |2|  |  |  |
  1: |3|  |  |  |* |  |  |  |  |  |7|
  0: |  |  |  |  |* |  |  |  |  |  |  |
 -1: -----------------------
(Map e893adcd-03c9-41ca-a4de-e1a890ba3641) Update #14: Epoch 14 ended
 y\x  0  1  2  3  4  5  6  7  8  9 10 
 11: -----------------------
 10: |  |5|  |  |  |  |  |  |  |  |  |
  9: |^ |5|  |  |  |* |8|  |  |  |  |
  8: |  |  |  |  |* |  |  |  |1|  |  |
  7: |  |  |* |3|  |  |^ |  |  |  |^ |
  6: |^ |  |  |^ |* |  |^ |^ |^ |^ |* |
  5: |^ |^ |* |* |* |^ |  |  |* |^ |^ |
  4: |  |  |  |^ |  |  |3|* |* |* |^ |
  3: |  |^ |  |^ |  |  |  |  |  |  |  |
  2: |2|  |  |* |  |* |  |  |3|  |  |
  1: |  |  |  |  |* |  |  |  |  |  |7|
  0: |  |  |  |  |* |  |  |  |  |  |  |
 -1: -----------------------
(Map e893adcd-03c9-41ca-a4de-e1a890ba3641) Update #15: Epoch 15 ended
 y\x  0  1  2  3  4  5  6  7  8  9 10 
 11: -----------------------
 10: |8|  |6|  |  |  |  |  |  |  |  |
  9: |^ |  |  |  |  |* |  |  |  |  |  |
  8: |  |  |  |1|* |  |5|  |  |  |  |
  7: |  |  |* |  |  |  |^ |  |5|  |  |
  6: |^ |  |  |* |* |  |^ |^ |* |^ |^ |
  5: |^ |^ |^ |* |* |^ |  |  |* |^ |^ |
  4: |  |* |* |^ |  |7|  |* |* |* |^ |
  3: |  |2|  |^ |  |  |  |8|  |  |  |
  2: |  |  |  |^ |  |* |  |  |  |8|  |
  1: |  |* |  |  |* |  |  |  |  |  |  |
  0: |  |  |  |  |* |  |  |  |  |  |  |
 -1: -----------------------
(Map e893adcd-03c9-41ca-a4de-e1a890ba3641) Update #16: Epoch 16 ended
 y\x  0  1  2  3  4  5  6  7  8  9 10 
 11: -----------------------
 10: |  |  |  |  |  |  |  |  |  |  |  |
  9: |^ |6|  |1|  |* |  |  |  |  |  |
  8: |  |  |  |  |^ |  |  |8|* |  |  |
  7: |  |  |* |  |  |6|^ |  |  |  |  |
  6: |^ |  |  |* |* |  |^ |^ |* |^ |^ |
  5: |^ |^ |^ |* |* |1|  |  |* |^ |^ |
  4: |  |* |* |  |  |  |8|* |^ |* |^ |
  3: |7|  |  |^ |  |  |* |  |  |  |  |
  2: |  |  |  |^ |  |* |6|  |  |  |  |
  1: |  |* |  |  |* |  |  |  |  |5|* |
  0: |  |  |  |  |* |  |  |  |  |  |  |
 -1: -----------------------
