(Map 04a2e6fe-12ac-4961-85d0-2f7db5fa5410) Update #1: Epoch 1 ended
 y\x  0  1  2  3  4  5  6  7  8  9 10 
 11: -----------------------
 10: |  |  |  |  |  |  |  |  |  |  |  |
  9: |  |  |  |  |  |  |  |  |  |  |2|
  8: |  |  |  |  |  |  |  |  |  |  |3|
  7: |  |  |  |  |* |  |  |  |  |  |  |
  6: |1|  |  |  |  |  |* |* |  |  |  |
  5: |  |3|* |* |* |* |  |  |* |  |  |
  4: |7|  |  |  |  |  |  |4|  |* |* |
  3: |  |5|  |  |  |  |  |  |* |  |  |
  2: |  |  |1|  |  |  |  |  |  |  |  |
  1: |  |  |  |  |2|  |  |  |  |  |  |
  0: |  |  |  |4|3|  |  |  |  |  |  |
 -1: -----------------------
(Map 04a2e6fe-12ac-4961-85d0-2f7db5fa5410) Update #2: Epoch 2 ended
 y\x  0  1  2  3  4  5  6  7  8  9 10 
 11: -----------------------
 10: |  |  |  |  |  |  |  |  |  |  |  |
  9: |  |  |  |  |  |  |  |  |  |  |  |
  8: |4|  |  |  |  |  |  |  |  |7|  |
  7: |  |  |  |  |* |  |  |  |  |  |  |
  6: |* |  |  |  |* |  |* |* |* |  |  |
  5: |  |2|* |* |* |^ |  |  |* |  |  |
  4: |6|  |* |  |  |  |* |  |  |* |* |
  3: |  |  |3|  |  |  |  |5|4|  |  |
  2: |  |  |  |3|* |  |  |  |  |  |  |
  1: |  |  |  |8|2|  |  |  |  |  |  |
  0: |  |  |  |  |5|  |  |  |  |  |  |
 -1: -----------------------
(Map 04a2e6fe-12ac-4961-85d0-2f7db5fa5410) Update #3: Epoch 3 ended
 y\x  0  1  2  3  4  5  6  7  8  9 10 
 11: -----------------------
 10: |  |  |  |  |  |  |  |  |  |  |  |
  9: |  |  |  |  |  |  |  |  |  |  |  |
  8: |* |  |  |  |  |  |  |  |  |  |  |
  7: |5|  |  |  |* |  |  |  |  |  |4|
  6: |* |  |  |* |* |  |* |* |* |  |* |
  5: |  |  |* |* |^ |^ |  |  |* |  |8|
  4: |6|  |4|  |  |  |* |1|  |2|* |
  3: |  |  |  |  |  |  |  |  |  |  |  |
  2: |  |  |5|  |* |  |  |  |  |  |  |
  1: |  |  |  |  |4|  |  |  |  |  |  |
  0: |  |  |6|  |1|4|  |  |  |  |  |
 -1: -----------------------
(Map 04a2e6fe-12ac-4961-85d0-2f7db5fa5410) Update #4: Epoch 4 ended
 y\x  0  1  2  3  4  5  6  7  8  9 10 
 11: -----------------------
 10: |  |  |  |  |* |  |  |  |  |  |  |
  9: |  |  |  |  |  |  |  |  |  |  |  |
  8: |* |  |  |  |  |  |  |  |  |  |1|
  7: |  |  |  |  |* |  |  |  |  |  |  |
  6: |* |  |  |* |^ |  |^ |* |* |  |6|
  5: |  |  |* |^ |* |^ |  |1|* |* |8|
  4: |4|  |  |* |  |  |* |* |  |  |* |
  3: |  |  |  |2|  |  |  |  |6|  |  |
  2: |  |  |  |  |* |  |  |  |  |  |  |
  1: |  |  |  |2|  |2|  |  |  |  |  |
  0: |  |  |  |  |5|  |8|  |  |  |  |
 -1: -----------------------
(Map 04a2e6fe-12ac-4961-85d0-2f7db5fa5410) Update #5: Epoch 5 ended
 y\x  0  1  2  3  4  5  6  7  8  9 10 
 11: -----------------------
 10: |  |  |  |  |* |  |  |  |  |  |  |
  9: |  |  |  |  |  |  |  |  |  |  |1|
  8: |* |  |  |* |  |  |  |  |  |  |  |
  7: |  |  |  |  |^ |  |  |  |  |  |  |
  6: |* |  |* |^ |^ |  |^ |1|* |7|* |
  5: |3|  |^ |^ |* |^ |  |  |* |* |  |
  4: |  |  |* |* |  |  |* |* |* |  |* |
  3: |  |  |  |  |3|  |  |  |  |3|6|
  2: |  |  |8|  |4|  |  |  |  |  |  |
  1: |  |  |  |  |7|  |  |  |  |  |  |
  0: |  |  |  |2|  |  |  |3|  |  |  |
 -1: -----------------------
(Map 04a2e6fe-12ac-4961-85d0-2f7db5fa5410) Update #6: Epoch 6 ended
 y\x  0  1  2  3  4  5  6  7  8  9 10 
 11: -----------------------
 10: |  |  |  |  |* |  |  |  |  |  |  |
  9: |3|  |  |  |  |  |  |  |  |  |  |
  8: |* |  |  |* |  |  |  |  |  |  |  |
  7: |  |  |  |  |^ |  |  |  |8|  |  |
  6: |1|* |^ |* |^ |* |^ |^ |^ |  |* |
  5: |  |  |^ |^ |* |* |  |  |4|* |  |
  4: |  |  |^ |* |  |  |* |* |* |8|* |
  3: |  |  |  |7|  |  |  |  |  |  |  |
  2: |  |  |  |8|  |  |  |  |6|  |  |
  1: |  |  |* |  |2|4|  |  |  |  |  |
  0: |  |  |  |  |  |  |2|  |  |  |  |
 -1: -----------------------
(Map 04a2e6fe-12ac-4961-85d0-2f7db5fa5410) Update #7: Epoch 7 ended
 y\x  0  1  2  3  4  5  6  7  8  9 10 
 11: -----------------------
 10: |  |  |  |  |* |  |  |  |  |  |  |
  9: |  |  |  |  |  |  |  |  |  |  |7|
  8: |* |  |  |* |  |  |  |  |  |2|  |
  7: |  |  |  |  |^ |  |  |  |  |  |  |
  6: |  |^ |* |* |* |^ |^ |^ |^ |  |* |
  5: |  |4|^ |* |* |* |  |  |^ |^ |  |
  4: |  |* |^ |* |  |  |* |* |5|  |3|
  3: |  |  |7|  |  |  |  |  |  |  |  |
  2: |  |  |  |5|3|  |  |  |  |  |  |
  1: |  |  |* |  |7|8|  |6|  |  |  |
  0: |  |  |  |  |  |4|  |  |  |  |* |
 -1: -----------------------
(Map 04a2e6fe-12ac-4961-85d0-2f7db5fa5410) Update #8: Epoch 8 ended
 y\x  0  1  2  3  4  5  6  7  8  9 10 
 11: -----------------------
 10: |  |  |  |  |* |  |  |  |  |* |  |
  9: |  |  |  |  |  |  |  |  |  |  |  |
  8: |4|  |  |* |  |  |  |  |  |  |3|
  7: |  |  |  |  |^ |  |  |  |  |  |  |
  6: |8|* |* |* |* |^ |^ |^ |^ |  |* |
  5: |  |  |* |* |* |* |  |  |1|^ |  |
  4: |* |^ |^ |* |  |  |^ |^ |^ |  |  |
  3: |  |  |  |  |  |  |  |  |  |  |5|
  2: |  |  |7|  |  |3|2|  |  |  |  |
  1: |  |  |* |7|  |  |  |  |  |  |  |
  0: |  |  |  |  |  |1|  |  |4|  |* |
 -1: -----------------------
(Map 04a2e6fe-12ac-4961-85d0-2f7db5fa5410) Update #9: Epoch 9 ended
 y\x  0  1  2  3  4  5  6  7  8  9 10 
 11: -----------------------
 10: |  |  |  |  |* |  |  |  |  |* |  |
  9: |1|  |  |  |  |  |  |  |  |  |  |
  8: |  |  |  |* |  |  |  |  |  |  |  |
  7: |4|2|  |  |^ |  |  |  |  |  |  |
  6: |  |* |* |* |* |^ |^ |^ |1|  |* |
  5: |* |  |* |* |^ |* |  |  |^ |^ |  |
  4: |^ |^ |^ |* |  |  |^ |* |^ |  |1|
  3: |  |  |1|  |  |  |  |2|  |  |  |
  2: |  |  |* |  |  |  |  |  |  |  |  |
  1: |  |  |7|4|  |  |2|8|  |  |  |
  0: |  |  |  |  |  |  |  |* |  |  |* |
 -1: -----------------------
(Map 04a2e6fe-12ac-4961-85d0-2f7db5fa5410) Update #10: Epoch 10 ended
 y\x  0  1  2  3  4  5  6  7  8  9 10 
 11: -----------------------
 10: |1|  |  |  |* |  |  |  |  |* |  |
  9: |  |  |  |  |  |  |  |  |  |  |  |
  8: |  |  |  |* |  |  |  |  |  |  |  |
  7: |  |  |  |  |^ |  |  |  |1|  |  |
  6: |5|5|* |* |^ |^ |  |^ |* |  |* |
  5: |^ |* |* |^ |^ |* |  |* |^ |^ |  |
  4: |3|^ |* |* |* |  |^ |* |^ |  |  |
  3: |  |7|  |  |  |  |  |  |  |  |  |
  2: |  |  |* |  |  |  |1|5|  |  |  |
  1: |  |7|  |  |  |  |* |3|  |  |  |
  0: |  |  |  |5|  |  |  |5|  |  |* |
 -1: -----------------------
(Map 04a2e6fe-12ac-4961-85d0-2f7db5fa5410) Update #11: Epoch 11 ended
 y\x  0  1  2  3  4  5  6  7  8  9 10 
 11: -----------------------
 10: |  |3|  |  |* |  |  |  |  |* |  |
  9: |  |  |  |  |  |  |  |  |  |  |  |
  8: |  |  |  |* |  |  |  |  |  |  |  |
  7: |  |  |  |  |  |  |  |  |  |  |  |
  6: |  |^ |3|^ |* |^ |  |  |* |4|* |
  5: |^ |^ |^ |^ |^ |* |  |^ |^ |^ |6|
  4: |^ |1|* |^ |^ |* |^ |* |* |  |  |
  3: |5|  |  |  |  |  |8|2|  |  |  |
  2: |  |  |* |  |  |  |* |  |  |  |  |
  1: |7|  |  |1|  |  |8|  |3|  |  |
  0: |  |  |  |  |  |  |  |  |  |  |* |
 -1: -----------------------
(Map 04a2e6fe-12ac-4961-85d0-2f7db5fa5410) Update #12: Epoch 12 ended
 y\x  0  1  2  3  4  5  6  7  8  9 10 
 11: -----------------------
 10: |7|  |  |  |* |  |  |  |  |* |  |
  9: |  |  |  |  |  |  |  |  |  |  |  |
  8: |  |  |  |* |  |  |  |  |  |  |  |
  7: |  |  |  |  |  |  |  |  |  |  |  |
  6: |  |^ |  |* |* |^ |  |* |* |8|* |
  5: |^ |6|^ |^ |^ |* |  |^ |  |5|  |
  4: |^ |* |^ |* |^ |^ |^ |* |* |  |8|
  3: |6|  |  |  |* |  |  |  |  |  |  |
  2: |  |2|* |  |  |8|* |5|  |  |  |
  1: |  |  |7|  |  |  |  |  |  |  |  |
  0: |  |  |  |  |  |  |  |  |5|  |^ |
 -1: -----------------------
(Map 04a2e6fe-12ac-4961-85d0-2f7db5fa5410) Update #13: Epoch 13 ended
 y\x  0  1  2  3  4  5  6  7  8  9 10 
 11: -----------------------
 10: |  |  |* |  |* |  |  |  |  |* |  |
  9: |  |4|  |  |  |  |  |  |  |  |  |
  8: |  |  |  |* |  |  |  |  |  |  |  |
  7: |  |  |  |  |  |  |  |  |  |1|  |
  6: |  |  |2|* |* |  |  |^ |* |1|* |
  5: |2|^ |^ |* |^ |* |  |* |  |* |  |
  4: |^ |* |^ |* |^ |^ |^ |* |^ |* |  |
  3: |  |  |2|  |8|  |  |  |  |  |  |
  2: |  |4|1|  |  |  |* |  |  |  |  |
  1: |  |  |  |  |6|  |  |5|  |  |  |
  0: |  |  |  |  |  |  |  |2|  |  |^ |
 -1: -----------------------
(Map 04a2e6fe-12ac-4961-85d0-2f7db5fa5410) Update #14: Epoch 14 ended
 y\x  0  1  2  3  4  5  6  7  8  9 10 
 11: -----------------------
 10: |  |1|* |  |* |  |  |  |  |* |  |
  9: |  |  |  |  |  |  |  |  |  |  |  |
  8: |  |  |  |^ |  |  |  |  |  |  |2|
  7: |  |  |  |  |  |  |  |  |  |1|  |
  6: |  |  |  |* |* |  |* |^ |^ |  |* |
  5: |^ |^ |^ |4|^ |^ |  |* |  |* |  |
  4: |* |^ |* |8|^ |* |  |^ |^ |^ |6|
  3: |8|  |  |  |^ |  |  |  |  |  |  |
  2: |  |  |  |  |  |2|* |  |  |  |  |
  1: |* |6|  |  |  |  |  |  |  |  |  |
  0: |  |  |  |  |  |  |6|  |3|  |^ |
 -1: -----------------------
(Map 04a2e6fe-12ac-4961-85d0-2f7db5fa5410) Update #15: Epoch 15 ended
 y\x  0  1  2  3  4  5  6  7  8  9 10 
 11: -----------------------
 10: |  |5|* |  |* |  |  |  |  |* |  |
  9: |  |  |  |  |  |  |  |  |  |  |  |
  8: |3|  |  |^ |  |  |  |  |  |1|  |
  7: |  |  |  |* |  |  |  |  |  |  |  |
  6: |  |  |  |* |* |  |^ |^ |^ |  |* |
  5: |^ |* |7|* |2|^ |  |* |* |8|  |
  4: |^ |^ |* |^ |3|* |  |* |^ |^ |  |
  3: |  |  |  |  |^ |  |  |  |  |  |  |
  2: |  |  |  |  |7|  |* |  |  |  |6|
  1: |7|  |  |  |  |  |  |  |  |  |  |
  0: |  |  |  |  |  |  |  |3|  |8|^ |
 -1: -----------------------
(Map 04a2e6fe-12ac-4961-85d0-2f7db5fa5410) Update #16: Epoch 16 ended
 y\x  0  1  2  3  4  5  6  7  8  9 10 
 11: -----------------------
 10: |7|  |* |  |* |  |  |  |  |* |  |
  9: |  |  |  |  |  |  |  |  |  |  |  |
  8: |  |  |  |^ |  |  |  |  |  |  |  |
  7: |  |4|  |^ |  |  |  |  |  |  |4|
  6: |  |  |  |* |* |2|^ |^ |^ |  |2|
  5: |  |* |^ |^ |  |^ |  |* |^ |^ |  |
  4: |^ |^ |5|^ |^ |* |* |* |^ |* |* |
  3: |  |  |  |6|^ |2|  |  |  |8|  |
  2: |  |  |  |  |  |  |^ |  |  |  |  |
  1: |  |3|  |  |  |  |  |  |8|  |  |
  0: |* |  |  |  |  |  |  |  |8|  |^ |
 -1: -----------------------
(Map 04a2e6fe-12ac-4961-85d0-2f7db5fa5410) Update #17: Epoch 17 ended
 y\x  0  1  2  3  4  5  6  7  8  9 10 
 11: -----------------------
 10: |  |3|* |  |* |  |  |  |  |* |  |
  9: |  |  |  |  |  |  |* |  |  |  |  |
  8: |  |  |  |^ |  |  |  |  |  |  |  |
  7: |  |  |  |^ |  |  |  |  |  |  |  |
  6: |6|  |  |* |* |  |^ |^ |^ |  |5|
  5: |  |8|  |^ |  |5|* |^ |* |* |5|
  4: |^ |^ |^ |  |  |* |2|* |^ |* |^ |
  3: |  |  |  |  |^ |  |  |  |  |  |  |
  2: |  |1|  |  |4|  |^ |  |  |2|  |
  1: |  |  |  |  |  |  |  |  |  |  |  |
  0: |* |  |  |  |  |  |  |  |  |3|^ |
 -1: -----------------------
(Map 04a2e6fe-12ac-4961-85d0-2f7db5fa5410) Update #18: Epoch 18 ended
 y\x  0  1  2  3  4  5  6  7  8  9 10 
 11: -----------------------
 10: |4|  |* |* |* |  |  |  |  |* |  |
  9: |  |  |  |  |  |  |* |  |  |  |  |
  8: |  |  |  |^ |  |  |  |  |  |  |  |
  7: |  |  |  |^ |  |  |  |  |  |  |1|
  6: |  |  |  |* |* |  |^ |^ |^ |  |7|
  5: |  |^ |* |^ |  |8|^ |^ |* |7|  |
  4: |^ |^ |4|  |  |5|^ |* |^ |* |* |
  3: |  |  |  |  |^ |  |  |  |  |  |  |
  2: |  |  |3|  |  |  |^ |  |  |  |3|
  1: |  |  |  |6|  |  |  |  |  |  |  |
  0: |* |  |  |  |  |  |  |  |  |  |3|
 -1: -----------------------
(Map 04a2e6fe-12ac-4961-85d0-2f7db5fa5410) Update #19: Epoch 19 ended
 y\x  0  1  2  3  4  5  6  7  8  9 10 
 11: -----------------------
 10: |5|  |* |* |* |  |  |  |  |* |  |
  9: |  |  |  |  |  |  |* |  |  |  |  |
  8: |  |  |  |^ |  |  |  |  |  |  |1|
  7: |  |  |  |^ |  |  |  |  |  |8|  |
  6: |  |  |  |* |* |  |^ |  |* |* |  |
  5: |  |^ |^ |^ |  |* |^ |^ |* |^ |3|
  4: |^ |^ |^ |* |  |* |4|* |  |* |* |
  3: |  |8|  |  |  |5|  |  |  |  |  |
  2: |  |* |  |  |  |  |^ |  |  |7|  |
  1: |4|  |  |  |  |  |  |  |  |  |  |
  0: |* |  |6|  |  |  |  |  |  |  |  |
 -1: -----------------------
(Map 04a2e6fe-12ac-4961-85d0-2f7db5fa5410) Update #20: Epoch 20 ended
 y\x  0  1  2  3  4  5  6  7  8  9 10 
 11: -----------------------
 10: |  |  |* |* |* |  |  |  |  |* |  |
  9: |5|  |  |  |  |  |* |  |  |  |1|
  8: |  |  |  |  |  |  |  |  |  |1|  |
  7: |  |  |  |^ |  |  |  |  |  |  |  |
  6: |  |* |  |* |* |  |^ |  |^ |^ |  |
  5: |* |^ |^ |^ |  |^ |1|^ |* |^ |  |
  4: |* |1|^ |^ |  |* |^ |^ |  |* |5|
  3: |  |  |  |  |  |  |  |  |  |  |  |
  2: |  |* |  |  |  |5|^ |* |  |  |  |
  1: |  |  |1|  |  |  |  |  |  |5|  |
  0: |5|  |  |  |  |  |  |  |  |  |  |
 -1: -----------------------
(Map 04a2e6fe-12ac-4961-85d0-2f7db5fa5410) Update #21: Epoch 21 ended
 y\x  0  1  2  3  4  5  6  7  8  9 10 
 11: -----------------------
 10: |  |  |* |* |* |  |  |  |  |* |  |
  9: |  |  |  |  |  |  |* |  |  |  |2|
  8: |4|  |  |  |  |  |  |  |  |  |  |
  7: |  |  |* |^ |  |  |  |  |  |  |  |
  6: |  |^ |  |* |* |  |  |* |^ |^ |  |
  5: |^ |^ |^ |^ |  |^ |* |^ |* |  |  |
  4: |* |  |^ |^ |  |* |^ |4|  |7|* |
  3: |  |5|  |  |  |  |  |  |  |  |  |
  2: |  |* |  |  |  |  |^ |^ |  |  |  |
  1: |2|  |  |  |  |5|  |  |7|  |  |
  0: |1|  |  |4|  |  |  |  |  |  |  |
 -1: -----------------------
(Map 04a2e6fe-12ac-4961-85d0-2f7db5fa5410) Update #22: Epoch 22 ended
 y\x  0  1  2  3  4  5  6  7  8  9 10 
 11: -----------------------
 10: |  |  |* |* |* |  |  |  |  |* |  |
  9: |3|  |  |  |  |  |^ |  |  |  |  |
  8: |4|  |  |  |  |  |  |  |* |  |  |
  7: |5|  |* |  |  |  |  |  |  |  |  |
  6: |  |^ |  |* |^ |  |  |^ |^ |* |  |
  5: |^ |^ |* |  |  |^ |* |^ |^ |  |2|
  4: |^ |  |^ |* |  |* |^ |^ |  |* |* |
  3: |  |  |3|  |  |  |  |  |4|  |  |
  2: |  |* |  |  |8|  |  |^ |  |  |  |
  1: |  |  |  |  |2|  |  |  |  |  |  |
  0: |5|3|  |  |  |  |  |  |  |4|  |
 -1: -----------------------
(Map 04a2e6fe-12ac-4961-85d0-2f7db5fa5410) Update #23: Epoch 23 ended
 y\x  0  1  2  3  4  5  6  7  8  9 10 
 11: -----------------------
 10: |  |  |* |* |* |  |  |  |  |* |8|
  9: |  |  |  |  |  |  |^ |  |  |  |  |
  8: |1|  |  |  |  |  |  |  |* |  |  |
  7: |5|  |* |  |  |  |  |  |  |  |  |
  6: |  |^ |* |^ |^ |  |  |^ |^ |* |  |
  5: |^ |  |* |  |  |^ |* |  |^ |  |* |
  4: |4|  |^ |* |* |* |* |^ |  |2|^ |
  3: |  |  |  |8|  |  |  |  |  |  |* |
  2: |  |* |5|  |  |  |  |^ |  |  |  |
  1: |  |  |  |  |  |  |  |  |  |  |2|
  0: |1|  |8|  |  |4|  |  |  |  |  |
 -1: -----------------------
(Map 04a2e6fe-12ac-4961-85d0-2f7db5fa5410) Update #24: Epoch 24 ended
 y\x  0  1  2  3  4  5  6  7  8  9 10 
 11: -----------------------
 10: |  |  |* |* |* |  |  |  |  |* |  |
  9: |1|  |  |  |  |  |^ |  |  |  |5|
  8: |  |  |  |  |  |  |  |  |* |  |  |
  7: |  |  |* |  |  |  |  |  |  |  |  |
  6: |  |^ |^ |* |^ |  |  |^ |^ |* |6|
  5: |^ |  |* |* |* |^ |^ |  |^ |  |8|
  4: |^ |  |8|* |* |^ |^ |^ |  |* |^ |
  3: |  |  |  |2|  |  |  |  |6|  |^ |
  2: |  |^ |  |  |  |  |  |^ |  |  |  |
  1: |  |2|1|  |  |  |  |  |  |  |  |
  0: |  |  |  |  |  |  |8|  |  |6|  |
 -1: -----------------------
(Map 04a2e6fe-12ac-4961-85d0-2f7db5fa5410) Update #25: Epoch 25 ended
 y\x  0  1  2  3  4  5  6  7  8  9 10 
 11: -----------------------
 10: |1|  |* |* |* |  |  |  |  |* |  |
  9: |  |  |  |  |  |  |^ |  |  |  |  |
  8: |  |  |  |  |  |  |  |  |* |  |5|
  7: |  |  |^ |  |  |  |  |  |  |  |  |
  6: |2|^ |^ |* |^ |  |  |^ |^ |7|  |
  5: |^ |8|^ |^ |^ |^ |^ |  |^ |  |^ |
  4: |^ |* |  |* |* |* |^ |* |  |* |^ |
  3: |  |  |  |  |3|  |  |  |* |3|^ |
  2: |  |^ |  |2|  |  |  |^ |  |  |  |
  1: |7|  |  |  |  |  |  |  |  |  |  |
  0: |  |  |  |  |  |  |  |3|  |  |8|
 -1: -----------------------
(Map 04a2e6fe-12ac-4961-85d0-2f7db5fa5410) Update #26: Epoch 26 ended
 y\x  0  1  2  3  4  5  6  7  8  9 10 
 11: -----------------------
 10: |  |  |* |* |* |  |  |  |  |* |  |
  9: |  |4|  |  |  |  |^ |  |  |  |  |
  8: |  |  |  |  |  |  |  |  |* |7|  |
  7: |  |  |^ |  |  |  |  |  |8|  |  |
  6: |8|^ |^ |* |^ |  |  |* |  |* |  |
  5: |* |4|* |^ |^ |  |* |  |^ |  |^ |
  4: |^ |^ |  |^ |* |* |^ |^ |  |^ |^ |
  3: |  |  |  |7|2|  |  |  |* |  |^ |
  2: |  |^ |  |  |* |  |  |^ |6|  |8|
  1: |2|  |  |  |  |  |  |  |  |  |  |
  0: |  |  |  |  |  |  |2|  |  |  |  |
 -1: -----------------------
(Map 04a2e6fe-12ac-4961-85d0-2f7db5fa5410) Update #27: Epoch 27 ended
 y\x  0  1  2  3  4  5  6  7  8  9 10 
 11: -----------------------
 10: |  |  |* |* |* |  |  |  |  |* |  |
  9: |  |  |  |  |  |  |^ |  |  |  |  |
  8: |  |5|  |  |  |  |  |  |* |2|3|
  7: |  |  |^ |  |  |  |  |  |  |  |  |
  6: |  |3|^ |* |^ |  |  |* |  |* |  |
  5: |7|* |* |^ |* |  |* |  |^ |  |^ |
  4: |^ |^ |  |^ |* |* |^ |^ |* |^ |^ |
  3: |  |  |  |  |  |  |  |  |* |  |^ |
  2: |3|^ |  |5|* |4|  |  |  |  |  |
  1: |  |  |  |  |  |8|* |6|  |  |7|
  0: |  |  |  |  |  |  |  |  |  |  |  |
 -1: -----------------------
(Map 04a2e6fe-12ac-4961-85d0-2f7db5fa5410) Update #28: Epoch 28 ended
 y\x  0  1  2  3  4  5  6  7  8  9 10 
 11: -----------------------
 10: |  |  |* |* |* |  |  |  |  |* |  |
  9: |  |1|  |  |  |  |  |  |  |8|  |
  8: |  |  |  |  |  |  |  |  |* |  |3|
  7: |  |  |* |  |  |  |  |  |  |  |  |
  6: |1|  |3|* |  |  |  |* |  |* |  |
  5: |* |^ |* |^ |* |* |* |  |  |* |^ |
  4: |* |* |  |^ |* |* |^ |^ |^ |^ |^ |
  3: |  |  |  |  |  |  |  |  |* |  |^ |
  2: |  |3|7|  |* |  |2|  |  |  |  |
  1: |  |  |  |  |  |5|* |  |  |  |  |
  0: |  |  |  |  |  |  |  |  |4|  |5|
 -1: -----------------------
(Map 04a2e6fe-12ac-4961-85d0-2f7db5fa5410) Update #29: Epoch 29 ended
 y\x  0  1  2  3  4  5  6  7  8  9 10 
 11: -----------------------
 10: |  |1|* |* |* |  |  |  |  |* |  |
  9: |  |  |  |  |  |  |  |* |  |  |  |
  8: |  |  |  |  |  |  |  |  |* |5|  |
  7: |4|  |* |  |  |  |  |  |  |  |  |
  6: |* |  |^ |3|  |* |  |* |  |* |  |
  5: |5|^ |* |^ |* |* |* |  |* |^ |^ |
  4: |^ |* |  |^ |* |* |^ |^ |^ |^ |  |
  3: |  |  |  |  |  |  |  |2|^ |  |^ |
  2: |  |^ |  |  |* |  |  |  |  |  |  |
  1: |  |  |4|4|  |  |* |8|  |  |1|
  0: |  |  |  |  |6|  |  |  |  |  |  |
 -1: -----------------------
(Map 04a2e6fe-12ac-4961-85d0-2f7db5fa5410) Update #30: Epoch 30 ended
 y\x  0  1  2  3  4  5  6  7  8  9 10 
 11: -----------------------
 10: |  |5|* |* |* |  |  |  |  |* |  |
  9: |  |  |  |  |  |  |  |* |  |  |  |
  8: |  |  |  |  |  |  |  |  |^ |  |  |
  7: |  |  |* |  |  |  |  |  |  |5|* |
  6: |5|  |  |^ |3|^ |  |* |  |* |  |
  5: |^ |^ |* |* |* |* |^ |  |* |^ |7|
  4: |^ |* |  |^ |^ |^ |  |^ |^ |* |  |
  3: |  |  |  |  |  |  |  |  |^ |  |  |
  2: |  |  |1|  |* |  |  |5|  |  |  |
  1: |  |  |  |  |  |  |* |  |  |7|  |
  0: |  |  |  |7|  |  |  |5|  |  |  |
 -1: -----------------------
(Map 04a2e6fe-12ac-4961-85d0-2f7db5fa5410) Update #31: Epoch 31 ended
 y\x  0  1  2  3  4  5  6  7  8  9 10 
 11: -----------------------
 10: |4|  |* |* |* |  |  |  |  |* |  |
  9: |  |  |  |  |  |  |  |* |  |  |  |
  8: |  |  |  |  |  |  |  |  |^ |  |  |
  7: |  |  |* |  |  |  |  |  |7|  |* |
  6: |^ |  |  |^ |  |3|  |* |  |* |1|
  5: |^ |^ |^ |^ |* |* |^ |  |* |* |6|
  4: |^ |* |  |^ |^ |^ |* |^ |* |* |  |
  3: |  |* |  |2|  |  |8|  |^ |  |  |
  2: |  |  |  |  |* |  |  |  |  |1|  |
  1: |  |  |  |1|  |  |8|  |  |  |  |
  0: |  |  |7|  |  |  |  |  |  |  |  |
 -1: -----------------------
(Map 04a2e6fe-12ac-4961-85d0-2f7db5fa5410) Update #32: Epoch 32 ended
 y\x  0  1  2  3  4  5  6  7  8  9 10 
 11: -----------------------
 10: |  |  |* |* |* |  |  |  |  |* |  |
  9: |5|  |  |  |  |  |  |* |  |  |  |
  8: |  |  |  |  |  |  |  |  |^ |  |  |
  7: |  |  |* |  |* |  |  |  |  |3|* |
  6: |^ |  |  |^ |* |^ |* |* |  |8|  |
  5: |4|^ |* |^ |6|* |^ |  |* |* |  |
  4: |^ |^ |  |  |^ |^ |* |  |* |^ |  |
  3: |  |* |  |  |  |  |  |  |^ |  |  |
  2: |  |  |  |5|^ |8|  |  |  |  |  |
  1: |  |  |7|  |  |  |  |  |6|  |  |
  0: |  |  |  |  |  |  |  |  |  |  |  |
 -1: -----------------------
(Map 04a2e6fe-12ac-4961-85d0-2f7db5fa5410) Update #33: Epoch 33 ended
 y\x  0  1  2  3  4  5  6  7  8  9 10 
 11: -----------------------
 10: |1|  |* |* |* |  |  |  |  |* |  |
  9: |  |  |  |  |  |  |  |* |  |  |  |
  8: |  |  |  |  |  |  |  |  |8|  |  |
  7: |  |  |* |  |* |  |  |  |  |1|* |
  6: |* |  |* |^ |^ |^ |^ |* |  |^ |* |
  5: |* |^ |* |^ |^ |* |^ |  |* |* |  |
  4: |^ |^ |  |6|^ |^ |* |  |* |^ |6|
  3: |  |^ |  |  |8|  |  |  |^ |  |  |
  2: |  |  |1|2|^ |  |  |  |  |  |  |
  1: |  |  |  |5|6|  |  |  |* |  |  |
  0: |  |  |  |  |  |  |  |  |  |4|  |
 -1: -----------------------
(Map 04a2e6fe-12ac-4961-85d0-2f7db5fa5410) Update #34: Epoch 34 ended
 y\x  0  1  2  3  4  5  6  7  8  9 10 
 11: -----------------------
 10: |5|  |^ |* |* |  |  |  |  |* |  |
  9: |  |  |  |  |  |  |  |* |  |  |  |
  8: |  |  |  |  |  |  |  |  |^ |  |2|
  7: |  |  |* |  |^ |  |  |  |5|  |* |
  6: |* |* |^ |^ |^ |^ |^ |* |  |^ |^ |
  5: |2|* |* |^ |^ |* |^ |  |* |* |  |
  4: |^ |^ |  |8|^ |^ |* |  |^ |^ |  |
  3: |  |^ |6|  |  |  |* |  |^ |  |  |
  2: |  |  |  |  |3|2|  |  |  |  |  |
  1: |  |6|  |  |  |* |  |  |8|  |  |
  0: |  |  |6|  |  |  |  |  |  |  |  |
 -1: -----------------------
(Map 04a2e6fe-12ac-4961-85d0-2f7db5fa5410) Update #35: Epoch 35 ended
 y\x  0  1  2  3  4  5  6  7  8  9 10 
 11: -----------------------
 10: |  |  |^ |^ |* |  |  |  |  |* |  |
  9: |5|  |  |  |  |  |  |* |  |  |  |
  8: |3|  |  |  |  |  |  |  |^ |  |  |
  7: |  |  |^ |  |^ |* |  |  |  |  |^ |
  6: |* |^ |^ |  |^ |^ |^ |* |5|^ |* |
  5: |^ |^ |* |^ |^ |* |^ |* |* |^ |  |
  4: |  |4|  |  |3|^ |* |  |^ |^ |  |
  3: |  |^ |  |  |  |  |^ |  |  |  |  |
  2: |  |6|  |  |7|  |  |  |  |  |  |
  1: |7|  |  |  |  |4|  |  |  |  |  |
  0: |  |  |  |3|  |  |  |6|  |  |  |
 -1: -----------------------
(Map 04a2e6fe-12ac-4961-85d0-2f7db5fa5410) Update #36: Epoch 36 ended
 y\x  0  1  2  3  4  5  6  7  8  9 10 
 11: -----------------------
 10: |  |  |^ |^ |^ |  |  |  |  |^ |8|
  9: |  |  |  |  |  |  |  |* |  |  |  |
  8: |  |  |  |  |  |* |  |  |  |  |  |
  7: |  |4|^ |  |^ |^ |  |  |  |  |^ |
  6: |* |^ |^ |* |^ |* |^ |7|  |  |* |
  5: |* |^ |* |^ |^ |* |  |^ |^ |^ |  |
  4: |  |^ |  |  |^ |  |* |  |^ |^ |  |
  3: |6|^ |  |  |  |2|^ |  |  |  |  |
  2: |  |  |  |  |^ |  |  |  |  |  |  |
  1: |6|3|  |  |  |  |8|  |  |  |  |
  0: |  |  |  |  |8|  |4|  |  |  |  |
 -1: -----------------------
(Map 04a2e6fe-12ac-4961-85d0-2f7db5fa5410) Update #37: Epoch 37 ended
 y\x  0  1  2  3  4  5  6  7  8  9 10 
 11: -----------------------
 10: |  |  |^ |^ |^ |  |  |  |  |^ |5|
  9: |  |  |  |  |  |  |  |* |  |  |  |
  8: |  |  |  |  |  |^ |  |  |  |  |  |
  7: |  |  |^ |  |^ |^ |  |  |  |* |^ |
  6: |6|^ |^ |^ |^ |^ |^ |* |3|  |* |
  5: |* |^ |* |  |  |* |  |^ |^ |^ |* |
  4: |1|^ |  |  |^ |  |2|  |^ |^ |  |
  3: |  |^ |  |  |  |  |^ |  |  |  |  |
  2: |1|1|  |  |^ |  |  |  |  |  |  |
  1: |  |  |  |  |  |  |  |  |  |  |  |
  0: |  |  |  |  |  |2|5|  |  |  |  |
 -1: -----------------------
(Map 04a2e6fe-12ac-4961-85d0-2f7db5fa5410) Update #38: Epoch 38 ended
 y\x  0  1  2  3  4  5  6  7  8  9 10 
 11: -----------------------
 10: |  |  |^ |^ |^ |  |  |  |  |^ |5|
  9: |* |  |  |  |  |  |  |^ |  |  |  |
  8: |  |  |  |  |  |^ |  |  |  |  |  |
  7: |  |  |^ |  |^ |^ |  |8|  |^ |^ |
  6: |^ |^ |^ |^ |^ |^ |^ |* |  |* |7|
  5: |* |^ |* |  |* |8|  |^ |^ |^ |^ |
  4: |^ |* |  |  |^ |* |  |  |^ |  |  |
  3: |1|^ |  |  |  |  |^ |  |  |  |  |
  2: |  |  |3|  |  |  |  |  |  |  |  |
  1: |  |  |  |  |  |  |  |  |  |  |  |
  0: |  |  |  |  |  |  |3|3|  |  |  |
 -1: -----------------------
(Map 04a2e6fe-12ac-4961-85d0-2f7db5fa5410) Update #39: Epoch 39 ended
 y\x  0  1  2  3  4  5  6  7  8  9 10 
 11: -----------------------
 10: |  |* |^ |^ |^ |  |  |  |  |^ |  |
  9: |* |  |  |  |  |  |  |^ |  |  |5|
  8: |  |  |  |  |  |^ |  |  |  |  |  |
  7: |  |  |^ |  |^ |^ |  |  |  |8|^ |
  6: |^ |^ |* |* |  |^ |* |5|  |^ |^ |
  5: |* |^ |* |  |^ |^ |  |^ |^ |^ |^ |
  4: |1|^ |  |  |^ |^ |4|* |^ |  |  |
  3: |  |8|  |  |  |  |^ |  |  |  |  |
  2: |  |  |  |  |  |  |  |  |  |  |  |
  1: |  |  |  |  |  |  |  |  |  |  |  |
  0: |  |  |  |  |  |  |7|8|  |  |  |
 -1: -----------------------
(Map 04a2e6fe-12ac-4961-85d0-2f7db5fa5410) Update #40: Epoch 40 ended
 y\x  0  1  2  3  4  5  6  7  8  9 10 
 11: -----------------------
 10: |  |* |  |^ |^ |  |  |  |  |^ |  |
  9: |* |  |  |  |  |  |  |^ |  |  |  |
  8: |  |  |  |  |  |^ |  |  |  |1|5|
  7: |  |  |^ |  |  |^ |  |  |  |^ |^ |
  6: |^ |^ |* |* |  |^ |* |  |  |^ |  |
  5: |1|^ |* |  |^ |^ |1|5|^ |^ |^ |
  4: |^ |1|  |* |^ |^ |  |^ |  |  |  |
  3: |  |  |  |  |  |  |^ |  |  |  |  |
  2: |  |  |  |  |  |  |  |  |  |  |  |
  1: |  |  |  |  |  |  |  |1|  |  |  |
  0: |  |  |  |  |  |  |1|1|  |  |  |
 -1: -----------------------
(Map 04a2e6fe-12ac-4961-85d0-2f7db5fa5410) Update #41: Epoch 41 ended
 y\x  0  1  2  3  4  5  6  7  8  9 10 
 11: -----------------------
 10: |  |* |  |  |^ |  |  |  |  |^ |  |
  9: |* |  |  |  |  |  |  |^ |  |8|2|
  8: |  |  |  |  |  |^ |  |  |  |  |  |
  7: |  |  |  |  |  |^ |  |  |  |^ |  |
  6: |1|  |* |* |  |* |* |  |  |^ |  |
  5: |^ |  |* |  |^ |  |7|^ |* |  |^ |
  4: |^ |* |  |^ |^ |^ |  |4|  |  |* |
  3: |  |5|  |  |  |  |  |  |  |  |  |
  2: |  |  |  |  |* |  |  |1|  |  |  |
  1: |  |  |  |  |  |  |  |  |2|  |  |
  0: |  |  |  |  |  |  |  |3|  |  |  |
 -1: -----------------------
(Map 04a2e6fe-12ac-4961-85d0-2f7db5fa5410) Update #42: Epoch 42 ended
 y\x  0  1  2  3  4  5  6  7  8  9 10 
 11: -----------------------
 10: |  |^ |  |  |  |  |  |  |  |1|  |
  9: |* |  |  |  |  |  |  |^ |  |  |  |
  8: |4|  |  |  |  |^ |  |  |  |  |  |
  7: |  |  |  |  |  |  |  |  |  |^ |  |
  6: |^ |  |* |* |  |* |* |  |* |^ |  |
  5: |^ |  |* |  |^ |* |* |3|* |  |^ |
  4: |^ |* |  |^ |  |^ |  |^ |  |  |^ |
  3: |  |  |3|  |  |  |  |  |4|  |  |
  2: |  |  |  |  |* |* |  |  |3|  |  |
  1: |  |  |  |  |  |  |8|  |  |  |  |
  0: |  |  |  |  |  |  |  |  |5|  |  |
 -1: -----------------------
(Map 04a2e6fe-12ac-4961-85d0-2f7db5fa5410) Update #43: Epoch 43 ended
 y\x  0  1  2  3  4  5  6  7  8  9 10 
 11: -----------------------
 10: |  |^ |  |* |  |  |  |  |  |  |  |
  9: |* |  |  |  |  |  |  |^ |  |5|  |
  8: |  |  |  |  |  |  |  |  |  |  |  |
  7: |5|  |  |  |  |  |  |  |  |^ |  |
  6: |^ |  |* |^ |  |^ |* |  |^ |* |* |
  5: |^ |  |^ |  |^ |^ |^ |^ |* |  |^ |
  4: |^ |* |* |* |  |^ |  |^ |  |2|^ |
  3: |  |  |  |  |  |  |  |  |  |  |  |
  2: |  |  |5|  |* |* |  |  |  |  |  |
  1: |  |  |  |  |  |  |  |  |  |4|  |
  0: |  |  |  |  |  |6|  |  |1|  |  |
 -1: -----------------------
(Map 04a2e6fe-12ac-4961-85d0-2f7db5fa5410) Update #44: Epoch 44 ended
 y\x  0  1  2  3  4  5  6  7  8  9 10 
 11: -----------------------
 10: |  |^ |  |* |  |  |  |  |  |  |  |
  9: |* |  |  |  |  |  |  |  |  |  |  |
  8: |  |  |  |  |  |  |  |  |  |5|  |
  7: |  |  |  |  |  |  |  |  |  |  |  |
  6: |^ |  |* |^ |* |^ |* |  |^ |* |6|
  5: |^ |* |^ |  |^ |^ |^ |^ |^ |  |  |
  4: |  |* |* |* |  |^ |  |^ |  |  |* |
  3: |  |  |  |2|  |  |  |  |6|  |  |
  2: |  |  |  |  |* |^ |  |  |  |  |  |
  1: |  |  |  |  |  |  |2|  |  |2|  |
  0: |  |  |  |  |  |* |  |  |  |5|  |
 -1: -----------------------
