(Map e307fd33-2ccc-42f7-ad51-2f40f42c5b92) Update #1: Epoch 1 ended
 y\x  0  1  2  3  4  5  6  7  8  9 10 
 11: -----------------------
 10: |  |  |  |  |  |  |  |  |  |  |  |
  9: |  |  |  |  |  |2|  |7|  |  |  |
  8: |  |  |  |7|  |  |7|6|  |  |  |
  7: |  |  |  |  |  |  |6|  |  |  |  |
  6: |  |  |  |  |  |  |  |* |  |  |  |
  5: |  |  |  |  |1|  |  |  |* |* |* |
  4: |  |* |* |7|* |* |  |* |* |  |* |
  3: |* |  |  |  |  |  |  |  |  |  |2|
  2: |  |1|  |  |  |  |  |  |  |  |  |
  1: |  |  |  |  |  |  |  |  |  |5|* |
  0: |6|  |  |  |  |  |  |  |  |  |  |
 -1: -----------------------
(Map e307fd33-2ccc-42f7-ad51-2f40f42c5b92) Update #2: Epoch 2 ended
 y\x  0  1  2  3  4  5  6  7  8  9 10 
 11: -----------------------
 10: |  |  |  |  |  |  |  |  |  |  |  |
  9: |  |  |  |  |2|8|3|  |2|  |  |
  8: |  |  |  |  |  |8|  |  |4|  |  |
  7: |  |  |  |  |  |  |  |  |  |  |  |
  6: |  |  |* |  |  |  |  |* |* |  |* |
  5: |  |  |  |  |* |  |  |  |* |^ |* |
  4: |2|* |7|6|* |* |  |* |* |  |* |
  3: |* |  |  |  |  |  |  |  |  |  |  |
  2: |7|  |  |  |  |  |  |  |  |  |  |
  1: |  |  |  |  |  |  |  |  |  |  |8|
  0: |  |  |  |  |  |  |* |  |  |5|  |
 -1: -----------------------
(Map e307fd33-2ccc-42f7-ad51-2f40f42c5b92) Update #3: Epoch 3 ended
 y\x  0  1  2  3  4  5  6  7  8  9 10 
 11: -----------------------
 10: |  |  |  |  |  |2|  |  |  |  |  |
  9: |  |  |  |  |* |  |2|  |  |  |  |
  8: |  |  |  |  |  |6|  |  |  |4|  |
  7: |  |  |  |  |  |  |  |  |  |4|  |
  6: |* |* |* |  |  |* |  |* |* |  |* |
  5: |  |  |* |  |* |  |  |  |^ |^ |^ |
  4: |  |* |7|  |* |* |  |* |* |  |* |
  3: |* |2|  |4|  |  |  |  |  |  |6|
  2: |  |  |  |  |  |  |  |  |  |  |  |
  1: |3|  |  |  |  |  |  |  |  |  |  |
  0: |  |  |  |  |  |  |* |  |  |1|  |
 -1: -----------------------
(Map e307fd33-2ccc-42f7-ad51-2f40f42c5b92) Update #4: Epoch 4 ended
 y\x  0  1  2  3  4  5  6  7  8  9 10 
 11: -----------------------
 10: |  |  |  |  |4|8|  |  |  |  |  |
  9: |  |  |  |  |* |  |  |  |  |  |  |
  8: |  |  |  |  |  |  |3|4|  |  |  |
  7: |  |  |  |  |  |  |  |  |  |  |4|
  6: |* |* |^ |  |  |* |  |* |^ |  |4|
  5: |  |8|* |  |* |* |  |  |^ |^ |^ |
  4: |2|* |  |  |* |* |* |* |^ |* |^ |
  3: |* |  |  |  |  |  |  |  |  |  |  |
  2: |1|  |  |  |4|  |* |  |  |  |  |
  1: |  |  |  |  |  |  |  |  |  |  |  |
  0: |  |  |  |  |  |  |* |  |7|  |  |
 -1: -----------------------
(Map e307fd33-2ccc-42f7-ad51-2f40f42c5b92) Update #5: Epoch 5 ended
 y\x  0  1  2  3  4  5  6  7  8  9 10 
 11: -----------------------
 10: |  |  |  |  |  |  |  |  |  |  |  |
  9: |  |  |  |  |* |4|1|  |  |  |  |
  8: |2|  |  |  |  |  |  |  |  |  |  |
  7: |  |  |  |  |  |  |  |  |4|  |1|
  6: |* |^ |^ |  |  |* |* |^ |^ |  |^ |
  5: |* |  |^ |  |* |* |* |  |^ |^ |^ |
  4: |* |5|  |  |* |* |* |^ |^ |^ |* |
  3: |5|2|  |  |  |  |  |  |  |  |8|
  2: |  |  |  |  |  |  |* |* |  |  |  |
  1: |  |  |  |  |  |4|  |  |  |  |  |
  0: |  |  |  |  |  |  |* |  |1|  |  |
 -1: -----------------------
(Map e307fd33-2ccc-42f7-ad51-2f40f42c5b92) Update #6: Epoch 6 ended
 y\x  0  1  2  3  4  5  6  7  8  9 10 
 11: -----------------------
 10: |  |  |  |  |  |  |2|2|  |  |* |
  9: |  |  |  |  |* |  |  |  |  |  |  |
  8: |  |  |  |  |  |  |  |  |1|  |7|
  7: |  |  |  |  |  |  |  |  |  |7|  |
  6: |^ |^ |^ |  |  |* |* |^ |^ |  |^ |
  5: |^ |  |^ |  |* |* |* |  |^ |^ |^ |
  4: |* |* |  |  |* |* |^ |* |* |8|* |
  3: |7|5|  |  |  |  |  |  |  |  |  |
  2: |  |  |  |  |  |  |2|* |  |  |6|
  1: |  |  |  |  |  |  |  |  |  |  |  |
  0: |  |  |  |  |  |  |* |  |1|  |  |
 -1: -----------------------
(Map e307fd33-2ccc-42f7-ad51-2f40f42c5b92) Update #7: Epoch 7 ended
 y\x  0  1  2  3  4  5  6  7  8  9 10 
 11: -----------------------
 10: |  |  |  |  |  |  |  |  |3|  |* |
  9: |  |  |* |  |* |  |5|  |  |  |  |
  8: |3|  |  |  |  |  |  |  |  |3|  |
  7: |  |  |  |  |  |  |  |  |  |  |  |
  6: |^ |^ |^ |  |* |* |* |^ |^ |  |4|
  5: |^ |  |^ |  |* |* |^ |  |^ |^ |* |
  4: |1|* |2|  |* |* |^ |* |* |^ |* |
  3: |  |  |  |  |  |  |  |2|6|  |  |
  2: |  |  |  |  |  |  |  |* |  |  |  |
  1: |  |  |  |  |  |  |  |  |1|6|  |
  0: |  |  |  |  |  |  |* |  |  |  |  |
 -1: -----------------------
(Map e307fd33-2ccc-42f7-ad51-2f40f42c5b92) Update #8: Epoch 8 ended
 y\x  0  1  2  3  4  5  6  7  8  9 10 
 11: -----------------------
 10: |  |  |  |  |  |  |  |  |  |  |* |
  9: |  |  |* |  |* |  |  |6|  |  |  |
  8: |  |  |  |  |  |  |5|  |  |  |  |
  7: |5|  |  |  |  |  |  |  |  |5|  |
  6: |^ |^ |^ |  |^ |* |* |^ |^ |  |^ |
  5: |4|  |^ |  |* |^ |^ |  |^ |  |* |
  4: |^ |^ |  |3|^ |* |* |* |1|* |* |
  3: |* |4|  |  |  |  |7|  |  |  |  |
  2: |  |  |  |  |  |  |  |* |1|  |2|
  1: |  |  |  |* |  |  |* |  |  |  |  |
  0: |  |  |  |  |  |  |* |  |  |  |  |
 -1: -----------------------
(Map e307fd33-2ccc-42f7-ad51-2f40f42c5b92) Update #9: Epoch 9 ended
 y\x  0  1  2  3  4  5  6  7  8  9 10 
 11: -----------------------
 10: |  |  |* |  |  |  |  |  |  |  |* |
  9: |  |  |* |  |* |  |* |  |3|  |  |
  8: |  |  |  |  |  |* |  |3|  |  |  |
  7: |  |  |  |  |  |  |  |  |7|  |  |
  6: |5|^ |^ |  |^ |* |* |^ |* |  |^ |
  5: |^ |  |^ |  |^ |^ |* |  |  |  |^ |
  4: |^ |4|2|  |^ |* |* |* |^ |* |* |
  3: |^ |  |  |  |4|7|  |  |5|  |  |
  2: |  |  |  |  |  |  |  |7|  |  |  |
  1: |  |  |  |* |  |  |* |  |  |6|  |
  0: |  |  |  |  |  |  |* |  |  |  |  |
 -1: -----------------------
(Map e307fd33-2ccc-42f7-ad51-2f40f42c5b92) Update #10: Epoch 10 ended
 y\x  0  1  2  3  4  5  6  7  8  9 10 
 11: -----------------------
 10: |  |  |* |  |  |  |  |  |1|  |* |
  9: |  |  |* |  |* |  |* |7|  |  |  |
  8: |  |  |  |  |  |* |  |  |3|  |  |
  7: |  |  |  |  |  |  |  |7|  |  |  |
  6: |^ |3|  |  |^ |* |* |^ |^ |  |  |
  5: |* |1|^ |  |^ |* |* |  |  |* |^ |
  4: |^ |^ |  |3|1|* |* |* |  |* |^ |
  3: |^ |  |  |  |7|  |  |7|  |  |  |
  2: |  |  |  |  |  |  |  |  |  |1|  |
  1: |  |  |  |* |  |  |* |5|  |* |  |
  0: |  |  |  |  |  |  |* |  |  |  |  |
 -1: -----------------------
(Map e307fd33-2ccc-42f7-ad51-2f40f42c5b92) Update #11: Epoch 11 ended
 y\x  0  1  2  3  4  5  6  7  8  9 10 
 11: -----------------------
 10: |  |  |* |  |  |  |  |  |  |6|* |
  9: |  |  |* |  |* |  |* |  |1|  |  |
  8: |  |  |  |  |  |* |  |5|  |  |  |
  7: |8|  |  |  |  |  |  |  |  |  |  |
  6: |^ |  |  |  |^ |* |* |  |4|  |  |
  5: |* |* |8|* |1|* |* |  |* |^ |^ |
  4: |^ |^ |  |  |^ |* |* |* |  |^ |^ |
  3: |^ |  |  |  |  |  |7|  |  |  |2|
  2: |  |  |  |  |5|  |  |1|  |  |  |
  1: |  |  |  |* |  |  |* |  |  |* |  |
  0: |  |  |  |  |  |  |* |  |* |  |  |
 -1: -----------------------
(Map e307fd33-2ccc-42f7-ad51-2f40f42c5b92) Update #12: Epoch 12 ended
 y\x  0  1  2  3  4  5  6  7  8  9 10 
 11: -----------------------
 10: |  |  |* |  |  |  |  |  |7|  |* |
  9: |  |  |* |  |* |  |* |  |  |  |  |
  8: |  |  |  |  |  |* |  |  |* |4|  |
  7: |  |  |  |  |  |  |6|  |  |  |  |
  6: |  |4|  |2|^ |* |^ |  |^ |  |  |
  5: |^ |* |  |* |^ |* |* |6|* |^ |^ |
  4: |2|^ |  |6|^ |* |* |* |  |^ |^ |
  3: |^ |  |  |  |  |  |  |1|  |  |  |
  2: |  |  |  |  |  |  |5|  |  |  |  |
  1: |  |  |  |^ |5|  |* |  |  |* |  |
  0: |  |  |  |  |  |  |* |  |* |  |  |
 -1: -----------------------
(Map e307fd33-2ccc-42f7-ad51-2f40f42c5b92) Update #13: Epoch 13 ended
 y\x  0  1  2  3  4  5  6  7  8  9 10 
 11: -----------------------
 10: |  |  |* |  |  |  |  |  |  |6|* |
  9: |  |  |* |  |* |  |* |  |  |* |  |
  8: |  |  |  |  |  |* |1|  |* |  |  |
  7: |  |  |  |  |  |  |  |  |  |  |4|
  6: |  |  |  |* |^ |^ |^ |  |^ |* |  |
  5: |6|* |  |5|^ |* |^ |^ |* |* |^ |
  4: |  |^ |7|  |^ |^ |* |1|  |^ |^ |
  3: |^ |  |  |  |  |8|  |  |  |  |6|
  2: |  |  |  |  |  |2|  |  |  |  |  |
  1: |  |  |  |^ |  |  |* |  |  |* |  |
  0: |  |  |  |  |  |  |* |  |* |  |  |
 -1: -----------------------
(Map e307fd33-2ccc-42f7-ad51-2f40f42c5b92) Update #14: Epoch 14 ended
 y\x  0  1  2  3  4  5  6  7  8  9 10 
 11: -----------------------
 10: |  |  |* |  |  |  |  |  |* |  |3|
  9: |  |  |* |  |* |  |* |  |  |* |  |
  8: |2|  |  |  |  |* |  |  |* |  |  |
  7: |  |  |  |  |  |6|  |  |  |  |  |
  6: |  |  |  |^ |  |^ |^ |  |^ |^ |  |
  5: |* |8|  |^ |3|^ |* |^ |* |* |^ |
  4: |2|  |* |  |  |^ |7|^ |  |^ |6|
  3: |^ |  |  |  |  |  |2|  |  |  |  |
  2: |  |  |  |  |  |  |4|  |  |  |  |
  1: |  |  |  |^ |  |  |* |  |  |* |  |
  0: |  |  |  |  |  |  |* |  |* |  |  |
 -1: -----------------------
(Map e307fd33-2ccc-42f7-ad51-2f40f42c5b92) Update #15: Epoch 15 ended
 y\x  0  1  2  3  4  5  6  7  8  9 10 
 11: -----------------------
 10: |  |  |* |  |  |  |  |  |* |  |5|
  9: |  |2|* |  |* |  |* |  |  |* |  |
  8: |  |  |  |  |  |* |2|  |* |  |  |
  7: |  |  |* |  |  |  |  |  |  |  |  |
  6: |  |  |* |^ |* |^ |^ |* |^ |^ |  |
  5: |* |* |  |^ |  |^ |* |* |* |* |  |
  4: |^ |5|* |  |  |4|^ |2|  |^ |^ |
  3: |4|  |  |  |  |  |5|  |  |  |  |
  2: |  |  |  |  |  |  |  |  |  |  |  |
  1: |  |  |  |^ |  |6|* |  |  |* |  |
  0: |  |  |  |  |  |  |* |  |* |  |  |
 -1: -----------------------
