(Map 34a2011b-81e3-4942-8418-5209f79fa98f) Update #1: Epoch 1 ended
 y\x  0  1  2  3  4  5  6  7  8  9 10 
 11: -----------------------
 10: |  |  |  |  |  |  |  |  |  |  |  |
  9: |  |  |  |  |  |  |  |  |  |  |  |
  8: |  |  |  |  |  |  |  |  |  |  |  |
  7: |  |1|  |  |  |  |  |  |  |  |  |
  6: |1|  |* |* |  |  |* |2|  |  |  |
  5: |* |5|  |  |* |  |  |  |  |  |* |
  4: |  |4|* |  |* |  |* |4|* |  |  |
  3: |* |  |* |  |  |  |2|  |  |  |  |
  2: |  |  |  |  |7|  |  |  |  |  |  |
  1: |  |  |1|  |* |  |2|  |  |  |  |
  0: |  |  |1|  |  |  |8|  |  |  |  |
 -1: -----------------------
(Map 34a2011b-81e3-4942-8418-5209f79fa98f) Update #2: Epoch 2 ended
 y\x  0  1  2  3  4  5  6  7  8  9 10 
 11: -----------------------
 10: |  |  |  |  |  |  |  |  |  |  |  |
  9: |  |  |  |  |  |  |  |  |  |  |  |
  8: |  |  |  |  |  |  |  |  |  |  |  |
  7: |1|  |3|  |  |  |  |  |  |  |  |
  6: |  |  |* |* |  |  |* |  |* |  |* |
  5: |* |  |* |  |* |  |  |5|  |* |* |
  4: |6|  |* |  |* |  |* |  |^ |  |  |
  3: |* |  |4|  |  |  |  |  |  |  |  |
  2: |  |  |  |  |  |6|  |2|  |  |  |
  1: |  |  |  |  |* |4|  |  |  |  |  |
  0: |  |  |5|8|  |2|  |  |  |* |  |
 -1: -----------------------
(Map 34a2011b-81e3-4942-8418-5209f79fa98f) Update #3: Epoch 3 ended
 y\x  0  1  2  3  4  5  6  7  8  9 10 
 11: -----------------------
 10: |  |  |  |  |  |  |  |  |  |  |  |
  9: |  |  |  |  |  |  |  |  |  |  |  |
  8: |  |8|  |  |  |  |  |  |  |  |* |
  7: |  |  |  |  |  |  |  |  |  |  |7|
  6: |  |* |* |* |  |  |* |  |2|  |* |
  5: |* |  |* |  |* |  |  |* |  |* |* |
  4: |* |  |* |2|* |  |* |5|^ |  |  |
  3: |* |  |  |  |  |  |  |  |  |  |6|
  2: |  |  |  |  |  |  |7|  |  |  |  |
  1: |  |8|  |  |* |  |4|  |  |  |  |
  0: |  |  |  |  |2|  |  |  |  |* |  |
 -1: -----------------------
(Map 34a2011b-81e3-4942-8418-5209f79fa98f) Update #4: Epoch 4 ended
 y\x  0  1  2  3  4  5  6  7  8  9 10 
 11: -----------------------
 10: |  |  |  |  |  |  |  |  |  |  |  |
  9: |  |  |  |  |  |  |  |  |  |  |  |
  8: |  |  |  |  |  |  |  |  |* |  |* |
  7: |6|  |  |  |  |  |  |  |  |7|  |
  6: |  |* |* |* |  |  |* |* |  |3|* |
  5: |* |  |* |  |* |  |* |* |  |* |^ |
  4: |* |  |7|  |* |  |* |^ |^ |  |* |
  3: |3|  |  |  |  |  |  |  |  |  |  |
  2: |  |1|  |  |  |  |  |  |  |  |  |
  1: |  |  |  |  |* |2|  |4|  |  |  |
  0: |  |  |  |7|  |6|  |  |  |* |  |
 -1: -----------------------
(Map 34a2011b-81e3-4942-8418-5209f79fa98f) Update #5: Epoch 5 ended
 y\x  0  1  2  3  4  5  6  7  8  9 10 
 11: -----------------------
 10: |  |  |  |  |  |  |  |  |  |  |  |
  9: |  |  |  |  |  |  |  |  |  |  |  |
  8: |  |  |  |  |  |  |  |  |* |  |* |
  7: |  |  |  |  |  |  |  |  |  |  |  |
  6: |  |* |* |* |  |  |* |* |  |5|6|
  5: |* |  |* |  |* |* |* |^ |* |^ |^ |
  4: |* |  |* |* |* |  |^ |^ |^ |  |^ |
  3: |  |1|  |4|  |  |  |  |  |  |  |
  2: |  |4|  |* |  |  |  |  |  |  |  |
  1: |  |  |8|  |7|  |  |  |  |  |  |
  0: |  |  |  |  |  |  |8|5|  |* |  |
 -1: -----------------------
(Map 34a2011b-81e3-4942-8418-5209f79fa98f) Update #6: Epoch 6 ended
 y\x  0  1  2  3  4  5  6  7  8  9 10 
 11: -----------------------
 10: |  |  |  |  |  |  |  |  |  |  |  |
  9: |  |  |  |  |  |  |  |  |  |  |  |
  8: |  |  |  |  |  |  |  |  |* |  |* |
  7: |  |  |  |  |  |  |  |  |  |  |  |
  6: |  |* |* |* |  |  |* |^ |  |  |^ |
  5: |4|  |* |  |* |* |^ |^ |^ |6|^ |
  4: |* |1|* |* |* |  |^ |^ |* |  |^ |
  3: |8|  |7|  |  |  |  |  |  |* |  |
  2: |  |  |  |* |  |  |  |  |  |  |  |
  1: |  |  |  |  |  |3|1|  |  |  |  |
  0: |  |6|  |  |5|  |2|  |  |* |  |
 -1: -----------------------
(Map 34a2011b-81e3-4942-8418-5209f79fa98f) Update #7: Epoch 7 ended
 y\x  0  1  2  3  4  5  6  7  8  9 10 
 11: -----------------------
 10: |  |  |  |  |  |  |  |  |  |  |  |
  9: |  |  |  |  |  |  |  |  |  |  |  |
  8: |  |  |  |  |  |  |  |  |* |  |* |
  7: |  |  |  |  |  |  |  |  |  |  |  |
  6: |* |* |* |* |  |  |^ |^ |8|  |^ |
  5: |  |  |* |  |* |^ |^ |^ |* |* |7|
  4: |1|* |* |* |^ |  |^ |^ |* |5|^ |
  3: |  |7|  |  |  |  |  |  |* |* |  |
  2: |  |  |  |* |  |  |  |  |  |  |  |
  1: |  |  |  |  |  |  |  |2|  |  |  |
  0: |  |  |3|  |6|3|5|  |  |* |  |
 -1: -----------------------
(Map 34a2011b-81e3-4942-8418-5209f79fa98f) Update #8: Epoch 8 ended
 y\x  0  1  2  3  4  5  6  7  8  9 10 
 11: -----------------------
 10: |  |  |  |  |  |  |  |  |  |  |  |
  9: |  |  |  |  |  |  |  |  |  |  |  |
  8: |  |  |  |  |  |  |  |  |* |  |* |
  7: |  |  |  |  |  |  |  |  |  |* |  |
  6: |* |* |* |* |* |  |^ |^ |^ |  |^ |
  5: |1|  |* |  |* |^ |^ |* |* |* |^ |
  4: |8|* |* |^ |^ |* |^ |^ |^ |* |^ |
  3: |  |  |  |  |  |  |  |  |^ |* |  |
  2: |  |5|  |* |  |  |  |  |  |  |  |
  1: |  |  |  |  |  |2|7|  |  |  |  |
  0: |  |  |1|  |7|  |  |3|  |* |  |
 -1: -----------------------
(Map 34a2011b-81e3-4942-8418-5209f79fa98f) Update #9: Epoch 9 ended
 y\x  0  1  2  3  4  5  6  7  8  9 10 
 11: -----------------------
 10: |  |  |  |  |  |  |  |  |  |  |  |
  9: |  |* |  |  |  |  |  |  |  |  |  |
  8: |  |  |  |  |  |  |  |  |* |  |* |
  7: |  |  |  |  |  |  |  |  |  |* |  |
  6: |* |* |* |* |^ |  |^ |^ |^ |  |^ |
  5: |1|  |* |  |* |^ |^ |* |* |* |^ |
  4: |  |* |* |^ |^ |^ |^ |^ |^ |* |6|
  3: |5|  |2|  |  |  |  |  |^ |^ |* |
  2: |  |  |  |* |  |  |* |  |  |  |  |
  1: |  |  |1|  |  |  |  |  |  |  |  |
  0: |  |  |  |  |  |8|4|1|* |* |  |
 -1: -----------------------
(Map 34a2011b-81e3-4942-8418-5209f79fa98f) Update #10: Epoch 10 ended
 y\x  0  1  2  3  4  5  6  7  8  9 10 
 11: -----------------------
 10: |  |  |  |  |  |  |  |  |  |  |  |
  9: |  |* |  |  |  |  |  |  |  |  |  |
  8: |  |  |  |  |  |  |  |  |* |  |^ |
  7: |  |  |  |  |  |  |  |  |  |* |  |
  6: |1|* |* |^ |^ |  |^ |^ |^ |  |^ |
  5: |  |  |^ |* |* |^ |^ |* |* |* |  |
  4: |* |* |* |^ |^ |^ |* |  |^ |7|^ |
  3: |  |7|  |  |  |  |  |  |^ |^ |^ |
  2: |5|  |  |* |  |  |* |* |  |  |  |
  1: |  |7|  |  |  |  |1|  |  |  |  |
  0: |  |  |  |  |  |  |7|1|* |* |  |
 -1: -----------------------
(Map 34a2011b-81e3-4942-8418-5209f79fa98f) Update #11: Epoch 11 ended
 y\x  0  1  2  3  4  5  6  7  8  9 10 
 11: -----------------------
 10: |  |  |  |  |  |  |  |  |  |* |  |
  9: |  |* |  |  |  |  |  |  |  |  |  |
  8: |  |  |  |  |  |  |  |  |* |  |^ |
  7: |1|  |  |  |  |  |  |  |  |* |  |
  6: |  |* |^ |^ |^ |  |^ |^ |^ |  |* |
  5: |  |  |^ |^ |* |^ |* |^ |* |* |  |
  4: |^ |* |2|^ |^ |^ |^ |* |^ |^ |3|
  3: |  |  |  |  |  |  |  |  |^ |^ |^ |
  2: |  |  |  |* |  |  |* |* |  |  |  |
  1: |  |  |  |  |  |8|  |  |2|  |6|
  0: |  |5|  |  |  |2|5|  |* |* |  |
 -1: -----------------------
(Map 34a2011b-81e3-4942-8418-5209f79fa98f) Update #12: Epoch 12 ended
 y\x  0  1  2  3  4  5  6  7  8  9 10 
 11: -----------------------
 10: |  |  |  |  |  |  |  |  |  |* |  |
  9: |  |* |  |  |  |  |  |  |  |  |  |
  8: |  |  |  |  |  |  |  |  |* |  |^ |
  7: |  |  |  |  |  |  |  |  |  |* |  |
  6: |5|^ |^ |^ |^ |  |* |  |^ |  |* |
  5: |  |  |^ |2|^ |^ |^ |^ |^ |* |  |
  4: |^ |* |* |^ |* |^ |^ |^ |* |^ |  |
  3: |4|  |  |  |  |  |  |  |^ |^ |^ |
  2: |  |  |  |* |  |  |* |* |  |2|1|
  1: |  |  |2|  |8|8|  |  |  |  |  |
  0: |  |  |  |  |  |  |4|  |* |^ |  |
 -1: -----------------------
(Map 34a2011b-81e3-4942-8418-5209f79fa98f) Update #13: Epoch 13 ended
 y\x  0  1  2  3  4  5  6  7  8  9 10 
 11: -----------------------
 10: |  |  |  |  |  |  |  |  |  |* |  |
  9: |  |* |  |  |  |  |  |  |  |  |  |
  8: |  |  |  |  |  |  |  |  |* |  |^ |
  7: |  |  |  |  |  |  |  |  |  |* |8|
  6: |  |^ |8|^ |^ |  |^ |  |^ |* |* |
  5: |  |  |^ |^ |^ |  |* |^ |^ |* |  |
  4: |^ |* |* |^ |^ |^ |^ |* |* |^ |* |
  3: |^ |  |  |  |  |  |  |  |^ |^ |^ |
  2: |  |  |  |* |  |  |* |* |7|  |  |
  1: |  |  |  |  |  |  |  |2|  |6|  |
  0: |  |  |  |4|  |4|4|  |^ |^ |  |
 -1: -----------------------
(Map 34a2011b-81e3-4942-8418-5209f79fa98f) Update #14: Epoch 14 ended
 y\x  0  1  2  3  4  5  6  7  8  9 10 
 11: -----------------------
 10: |  |  |  |  |  |  |  |  |  |* |  |
  9: |  |* |  |  |  |  |  |  |  |  |  |
  8: |  |  |  |  |  |  |  |  |* |  |1|
  7: |  |  |  |  |  |  |  |  |  |* |  |
  6: |  |^ |^ |* |^ |  |* |  |  |^ |* |
  5: |  |  |5|^ |* |  |* |^ |^ |* |  |
  4: |^ |* |* |  |^ |^ |* |* |^ |  |^ |
  3: |^ |  |  |  |  |  |  |  |  |^ |^ |
  2: |  |  |  |^ |  |  |* |* |  |  |* |
  1: |  |  |  |  |  |1|  |* |7|4|  |
  0: |  |  |  |  |8|2|  |  |4|^ |  |
 -1: -----------------------
(Map 34a2011b-81e3-4942-8418-5209f79fa98f) Update #15: Epoch 15 ended
 y\x  0  1  2  3  4  5  6  7  8  9 10 
 11: -----------------------
 10: |  |  |  |  |  |  |  |  |  |* |  |
  9: |  |* |  |  |  |  |  |  |  |  |1|
  8: |  |* |  |  |  |  |  |  |* |  |^ |
  7: |  |  |  |  |  |  |  |  |  |^ |  |
  6: |  |* |^ |2|  |  |* |  |  |^ |^ |
  5: |  |  |^ |* |* |  |* |^ |^ |* |  |
  4: |^ |* |^ |  |^ |* |* |* |^ |  |^ |
  3: |^ |  |  |  |  |  |  |  |  |  |^ |
  2: |  |  |  |^ |  |  |* |* |  |  |^ |
  1: |  |  |  |  |  |  |  |7|  |2|  |
  0: |  |  |  |2|7|  |4|  |^ |5|  |
 -1: -----------------------
(Map 34a2011b-81e3-4942-8418-5209f79fa98f) Update #16: Epoch 16 ended
 y\x  0  1  2  3  4  5  6  7  8  9 10 
 11: -----------------------
 10: |  |  |  |  |  |  |  |  |  |* |1|
  9: |  |* |  |  |  |  |  |  |  |  |  |
  8: |  |* |  |  |  |  |  |  |* |  |  |
  7: |  |  |  |  |  |  |  |  |  |^ |  |
  6: |* |* |^ |^ |  |  |* |  |  |^ |^ |
  5: |  |* |  |* |* |* |* |^ |^ |* |  |
  4: |^ |^ |* |  |^ |^ |* |* |^ |  |^ |
  3: |^ |  |  |  |  |  |  |  |  |  |  |
  2: |  |  |  |^ |  |  |8|* |  |  |^ |
  1: |  |  |8|  |  |  |  |  |  |  |3|
  0: |  |  |  |  |  |7|  |  |2|^ |* |
 -1: -----------------------
(Map 34a2011b-81e3-4942-8418-5209f79fa98f) Update #17: Epoch 17 ended
 y\x  0  1  2  3  4  5  6  7  8  9 10 
 11: -----------------------
 10: |  |  |  |  |  |  |  |  |  |* |  |
  9: |  |* |  |  |  |  |  |  |  |  |5|
  8: |  |* |  |  |  |  |  |  |* |  |  |
  7: |  |  |  |  |  |  |  |  |  |^ |  |
  6: |^ |* |  |^ |  |* |* |* |  |^ |^ |
  5: |  |^ |  |^ |* |^ |* |  |^ |^ |* |
  4: |  |* |* |  |^ |^ |^ |* |^ |  |^ |
  3: |^ |  |  |  |  |  |  |  |  |  |  |
  2: |* |  |  |^ |  |  |  |3|  |  |^ |
  1: |  |  |  |  |  |  |  |  |  |7|  |
  0: |  |  |5|  |2|1|  |  |^ |^ |^ |
 -1: -----------------------
(Map 34a2011b-81e3-4942-8418-5209f79fa98f) Update #18: Epoch 18 ended
 y\x  0  1  2  3  4  5  6  7  8  9 10 
 11: -----------------------
 10: |  |  |  |  |  |  |  |  |  |8|  |
  9: |  |* |  |  |  |  |  |  |  |  |  |
  8: |  |* |* |  |  |  |  |  |* |  |  |
  7: |  |  |  |  |  |  |  |  |  |^ |  |
  6: |^ |^ |  |^ |* |^ |* |^ |  |^ |^ |
  5: |  |^ |  |^ |^ |^ |^ |  |  |^ |^ |
  4: |  |* |* |* |^ |^ |^ |^ |* |  |* |
  3: |^ |  |  |  |  |  |8|  |  |  |  |
  2: |^ |  |  |^ |  |  |  |  |  |  |^ |
  1: |  |  |  |  |  |  |  |  |7|  |  |
  0: |  |7|  |2|  |1|  |  |^ |5|^ |
 -1: -----------------------
(Map 34a2011b-81e3-4942-8418-5209f79fa98f) Update #19: Epoch 19 ended
 y\x  0  1  2  3  4  5  6  7  8  9 10 
 11: -----------------------
 10: |  |  |  |  |  |  |  |  |  |5|  |
  9: |  |* |  |  |  |  |  |  |  |  |  |
  8: |* |* |* |  |  |  |  |  |* |  |  |
  7: |  |  |  |  |  |  |  |  |  |^ |  |
  6: |^ |^ |  |^ |^ |^ |^ |* |  |^ |^ |
  5: |  |* |  |^ |* |* |^ |  |  |^ |^ |
  4: |  |* |* |^ |  |^ |1|^ |* |  |* |
  3: |  |  |  |  |  |  |  |  |  |  |  |
  2: |^ |  |  |^ |  |  |  |  |  |  |^ |
  1: |  |  |  |  |  |  |  |  |  |  |  |
  0: |7|  |  |  |2|  |  |  |7|4|^ |
 -1: -----------------------
(Map 34a2011b-81e3-4942-8418-5209f79fa98f) Update #20: Epoch 20 ended
 y\x  0  1  2  3  4  5  6  7  8  9 10 
 11: -----------------------
 10: |  |  |  |  |  |  |  |  |  |  |  |
  9: |  |^ |  |  |  |  |  |  |  |5|  |
  8: |* |* |* |  |  |  |  |  |* |  |  |
  7: |  |  |  |  |  |  |  |  |  |^ |  |
  6: |^ |^ |  |^ |^ |^ |^ |* |  |  |* |
  5: |* |* |  |^ |* |* |1|  |  |^ |* |
  4: |  |* |* |^ |  |* |^ |^ |^ |  |^ |
  3: |  |  |  |  |  |  |  |  |  |  |  |
  2: |^ |  |  |  |  |  |  |  |  |  |^ |
  1: |  |  |  |  |  |  |  |  |  |  |  |
  0: |1|  |  |  |1|  |* |  |1|1|^ |
 -1: -----------------------
(Map 34a2011b-81e3-4942-8418-5209f79fa98f) Update #21: Epoch 21 ended
 y\x  0  1  2  3  4  5  6  7  8  9 10 
 11: -----------------------
 10: |  |  |  |  |  |  |  |  |  |  |  |
  9: |  |^ |  |  |  |  |  |  |  |  |  |
  8: |* |^ |* |  |  |  |  |  |* |5|  |
  7: |  |  |  |  |  |  |  |  |  |  |  |
  6: |^ |^ |  |^ |^ |^ |^ |2|  |* |^ |
  5: |^ |* |  |^ |* |* |* |  |  |^ |* |
  4: |  |* |^ |^ |  |* |^ |^ |^ |  |* |
  3: |  |* |  |  |  |  |  |  |  |  |  |
  2: |^ |  |  |  |  |  |  |  |  |  |  |
  1: |  |  |  |  |  |  |  |* |  |2|2|
  0: |  |  |  |  |1|8|* |  |  |  |7|
 -1: -----------------------
(Map 34a2011b-81e3-4942-8418-5209f79fa98f) Update #22: Epoch 22 ended
 y\x  0  1  2  3  4  5  6  7  8  9 10 
 11: -----------------------
 10: |  |  |  |  |  |  |  |  |  |  |  |
  9: |  |^ |  |  |  |  |  |  |  |1|  |
  8: |^ |^ |^ |  |  |  |  |  |* |  |  |
  7: |  |  |  |  |  |  |  |  |  |  |  |
  6: |^ |^ |  |  |^ |^ |^ |^ |  |^ |^ |
  5: |^ |* |  |^ |* |* |* |5|  |^ |* |
  4: |  |^ |^ |^ |  |^ |* |* |^ |* |* |
  3: |  |^ |  |  |  |  |  |  |  |  |  |
  2: |2|  |  |* |  |  |  |  |  |  |  |
  1: |  |  |  |* |  |  |  |* |  |  |  |
  0: |  |  |  |  |2|8|* |  |6|  |^ |
 -1: -----------------------
(Map 34a2011b-81e3-4942-8418-5209f79fa98f) Update #23: Epoch 23 ended
 y\x  0  1  2  3  4  5  6  7  8  9 10 
 11: -----------------------
 10: |  |  |  |  |  |  |  |  |  |  |  |
  9: |  |^ |  |* |  |  |  |  |  |  |  |
  8: |^ |^ |^ |  |  |  |  |  |* |  |4|
  7: |  |  |  |  |  |  |  |  |  |  |  |
  6: |  |^ |  |  |^ |* |^ |^ |2|^ |^ |
  5: |^ |^ |  |* |* |* |* |  |  |  |* |
  4: |  |* |^ |^ |  |^ |^ |* |^ |^ |* |
  3: |  |^ |  |  |  |  |  |  |  |  |  |
  2: |^ |  |  |* |  |  |  |  |  |  |7|
  1: |2|  |  |* |  |  |  |* |  |  |  |
  0: |  |  |  |2|  |  |8|  |  |8|  |
 -1: -----------------------
(Map 34a2011b-81e3-4942-8418-5209f79fa98f) Update #24: Epoch 24 ended
 y\x  0  1  2  3  4  5  6  7  8  9 10 
 11: -----------------------
 10: |  |  |  |  |  |  |  |  |  |  |  |
  9: |  |^ |  |^ |  |  |  |  |  |  |  |
  8: |^ |^ |^ |  |  |  |  |  |* |  |  |
  7: |  |  |  |  |  |* |  |  |  |  |5|
  6: |  |  |  |  |* |^ |^ |  |  |3|^ |
  5: |* |^ |  |^ |^ |* |* |* |  |  |^ |
  4: |  |* |^ |^ |  |^ |^ |^ |^ |^ |* |
  3: |  |^ |  |  |  |  |  |  |  |  |  |
  2: |  |2|  |* |  |  |  |  |  |  |  |
  1: |4|  |  |* |  |  |  |2|  |  |2|
  0: |  |  |7|  |  |  |  |  |  |  |  |
 -1: -----------------------
(Map 34a2011b-81e3-4942-8418-5209f79fa98f) Update #25: Epoch 25 ended
 y\x  0  1  2  3  4  5  6  7  8  9 10 
 11: -----------------------
 10: |  |  |  |  |  |  |  |  |  |  |  |
  9: |  |^ |  |^ |  |  |  |  |  |  |  |
  8: |^ |^ |^ |  |  |  |  |  |* |  |  |
  7: |* |  |  |  |  |^ |  |  |  |  |  |
  6: |  |* |  |  |^ |^ |  |  |  |^ |5|
  5: |* |^ |  |* |* |* |* |^ |  |  |^ |
  4: |  |* |^ |  |  |^ |* |^ |^ |^ |* |
  3: |8|^ |  |  |  |  |  |  |  |  |  |
  2: |  |  |  |* |  |  |  |  |  |8|  |
  1: |  |  |  |2|  |  |7|  |  |  |  |
  0: |5|  |  |  |  |  |  |  |  |  |  |
 -1: -----------------------
(Map 34a2011b-81e3-4942-8418-5209f79fa98f) Update #26: Epoch 26 ended
 y\x  0  1  2  3  4  5  6  7  8  9 10 
 11: -----------------------
 10: |  |  |  |  |  |  |  |  |  |  |  |
  9: |  |  |  |^ |  |  |  |  |  |  |  |
  8: |^ |^ |^ |  |  |  |  |  |* |  |  |
  7: |^ |  |  |  |  |^ |  |  |  |  |  |
  6: |  |^ |* |* |^ |^ |* |  |  |^ |^ |
  5: |4|^ |* |* |* |* |* |^ |  |  |5|
  4: |  |* |^ |  |  |^ |* |^ |  |^ |^ |
  3: |  |^ |  |  |  |  |  |  |  |1|  |
  2: |* |  |  |* |  |  |  |  |  |  |6|
  1: |  |  |  |  |  |  |  |3|  |  |  |
  0: |  |  |  |5|  |  |  |  |  |  |  |
 -1: -----------------------
(Map 34a2011b-81e3-4942-8418-5209f79fa98f) Update #27: Epoch 27 ended
 y\x  0  1  2  3  4  5  6  7  8  9 10 
 11: -----------------------
 10: |  |  |  |  |  |  |  |  |  |  |  |
  9: |  |  |  |^ |  |  |  |  |  |  |  |
  8: |^ |  |^ |  |  |  |* |  |* |  |  |
  7: |^ |  |  |  |  |^ |  |  |  |  |  |
  6: |* |^ |* |^ |^ |^ |^ |  |  |^ |1|
  5: |  |* |^ |* |* |* |* |^ |* |  |7|
  4: |  |* |  |  |  |^ |* |^ |  |^ |^ |
  3: |  |^ |  |  |  |  |  |  |  |  |  |
  2: |3|  |  |* |  |  |  |  |  |5|  |
  1: |2|  |  |  |  |  |  |  |  |  |  |
  0: |  |  |  |  |3|  |6|  |  |  |  |
 -1: -----------------------
(Map 34a2011b-81e3-4942-8418-5209f79fa98f) Update #28: Epoch 28 ended
 y\x  0  1  2  3  4  5  6  7  8  9 10 
 11: -----------------------
 10: |  |  |  |  |  |  |  |  |  |  |  |
  9: |* |  |  |^ |  |  |  |  |  |  |  |
  8: |  |  |  |  |  |  |* |  |* |  |  |
  7: |^ |  |  |  |  |^ |  |  |  |  |  |
  6: |^ |^ |* |^ |^ |^ |* |  |* |* |  |
  5: |4|* |^ |* |* |* |* |^ |^ |  |^ |
  4: |4|^ |  |  |  |  |* |* |  |^ |^ |
  3: |  |  |  |  |  |  |  |  |  |  |  |
  2: |  |  |  |* |  |  |  |  |  |  |3|
  1: |5|  |  |  |  |  |  |2|  |  |7|
  0: |  |  |  |7|  |  |  |  |  |  |  |
 -1: -----------------------
(Map 34a2011b-81e3-4942-8418-5209f79fa98f) Update #29: Epoch 29 ended
 y\x  0  1  2  3  4  5  6  7  8  9 10 
 11: -----------------------
 10: |* |  |  |  |  |  |  |  |  |  |  |
  9: |* |  |  |^ |  |  |  |  |  |  |  |
  8: |  |  |  |  |  |  |* |  |* |  |  |
  7: |^ |  |  |  |  |^ |  |  |  |  |  |
  6: |^ |^ |* |^ |^ |^ |* |* |^ |* |* |
  5: |  |^ |^ |* |* |* |* |^ |^ |  |^ |
  4: |5|^ |  |* |  |  |^ |* |  |  |^ |
  3: |5|  |  |  |  |  |  |  |  |  |  |
  2: |  |  |  |* |  |  |  |  |  |  |  |
  1: |  |  |  |  |  |  |  |  |  |  |5|
  0: |5|  |  |  |8|  |  |  |4|  |  |
 -1: -----------------------
(Map 34a2011b-81e3-4942-8418-5209f79fa98f) Update #30: Epoch 30 ended
 y\x  0  1  2  3  4  5  6  7  8  9 10 
 11: -----------------------
 10: |* |  |  |  |  |  |  |  |  |  |  |
  9: |* |  |  |  |  |  |  |  |  |  |  |
  8: |  |  |  |  |  |  |* |  |* |  |  |
  7: |^ |  |  |  |  |^ |  |  |  |  |  |
  6: |^ |^ |* |^ |^ |  |* |^ |^ |^ |* |
  5: |* |^ |^ |^ |^ |* |* |^ |^ |  |  |
  4: |  |^ |  |* |  |* |^ |^ |  |* |^ |
  3: |5|  |  |  |  |  |  |  |  |  |  |
  2: |5|  |  |^ |  |  |  |  |  |  |  |
  1: |3|  |  |  |  |  |* |  |1|  |  |
  0: |1|3|  |  |  |3|  |  |  |  |  |
 -1: -----------------------
(Map 34a2011b-81e3-4942-8418-5209f79fa98f) Update #31: Epoch 31 ended
 y\x  0  1  2  3  4  5  6  7  8  9 10 
 11: -----------------------
 10: |* |  |  |  |  |  |  |  |  |  |  |
  9: |* |  |  |  |  |  |  |  |  |  |  |
  8: |  |  |  |  |  |  |* |  |* |  |  |
  7: |^ |  |* |  |  |  |  |  |  |  |  |
  6: |^ |^ |* |^ |  |  |* |^ |^ |^ |^ |
  5: |^ |^ |^ |^ |^ |* |* |  |^ |* |  |
  4: |  |^ |* |^ |  |^ |* |^ |* |^ |^ |
  3: |  |  |  |  |  |  |  |  |  |  |  |
  2: |5|  |  |^ |  |  |  |  |  |  |  |
  1: |  |1|  |  |  |  |* |  |  |  |6|
  0: |  |4|  |  |2|  |  |  |5|  |  |
 -1: -----------------------
(Map 34a2011b-81e3-4942-8418-5209f79fa98f) Update #32: Epoch 32 ended
 y\x  0  1  2  3  4  5  6  7  8  9 10 
 11: -----------------------
 10: |* |  |* |  |  |  |  |  |  |  |  |
  9: |* |  |  |  |  |  |  |  |  |  |  |
  8: |  |  |  |  |  |  |* |  |^ |  |  |
  7: |  |  |^ |  |  |  |  |  |  |  |  |
  6: |^ |  |* |^ |  |  |* |^ |^ |* |^ |
  5: |^ |^ |^ |* |^ |* |* |  |^ |^ |  |
  4: |  |^ |^ |^ |  |^ |* |^ |* |^ |  |
  3: |1|  |  |  |  |  |  |  |  |  |  |
  2: |  |  |2|^ |  |* |  |  |  |  |1|
  1: |8|  |  |8|  |  |* |8|  |  |  |
  0: |6|  |  |  |  |  |  |  |  |  |  |
 -1: -----------------------
