(Map a4b3ed96-4888-4e10-8151-89cdb1447a77) Update #1: Epoch 1 ended
 y\x  0  1  2  3  4  5  6  7  8  9 10 
 11: -----------------------
 10: |  |  |  |  |  |  |  |  |  |  |  |
  9: |  |  |1|2|  |  |  |  |  |  |  |
  8: |  |  |  |  |5|4|  |  |  |  |  |
  7: |  |4|* |7|  |  |  |  |  |  |  |
  6: |* |* |  |6|  |  |  |* |  |  |  |
  5: |  |  |* |  |* |  |  |1|* |  |  |
  4: |* |  |  |* |  |  |  |  |3|* |* |
  3: |  |  |  |  |  |  |  |  |  |* |* |
  2: |  |  |  |  |  |  |  |  |  |  |  |
  1: |  |  |  |  |  |  |  |  |  |  |3|
  0: |  |  |  |  |  |  |  |  |  |5|  |
 -1: -----------------------
(Map a4b3ed96-4888-4e10-8151-89cdb1447a77) Update #2: Epoch 2 ended
 y\x  0  1  2  3  4  5  6  7  8  9 10 
 11: -----------------------
 10: |  |  |8|  |  |  |  |  |  |  |  |
  9: |  |  |  |  |  |  |2|  |  |  |  |
  8: |  |1|  |4|  |  |  |  |  |  |  |
  7: |  |  |8|6|  |  |  |  |  |  |  |
  6: |* |^ |4|  |4|  |* |* |  |  |  |
  5: |  |  |* |* |* |  |  |* |3|* |  |
  4: |* |  |  |* |  |  |  |  |  |* |* |
  3: |  |  |  |  |  |  |  |  |  |4|* |
  2: |  |  |  |  |  |  |  |  |  |  |  |
  1: |  |  |  |* |  |  |  |  |8|7|  |
  0: |  |  |  |  |  |  |  |  |  |  |  |
 -1: -----------------------
(Map a4b3ed96-4888-4e10-8151-89cdb1447a77) Update #3: Epoch 3 ended
 y\x  0  1  2  3  4  5  6  7  8  9 10 
 11: -----------------------
 10: |  |  |  |  |  |  |  |2|  |  |  |
  9: |  |  |  |4|2|  |  |  |  |  |  |
  8: |  |  |  |2|  |  |  |  |  |  |  |
  7: |  |  |4|  |3|  |  |  |  |  |  |
  6: |^ |^ |* |7|  |* |* |* |  |  |* |
  5: |  |  |* |* |* |  |  |* |  |* |  |
  4: |* |  |  |* |  |  |  |* |  |4|* |
  3: |  |  |  |  |  |  |  |  |  |  |* |
  2: |  |  |  |  |  |  |  |  |  |  |2|
  1: |  |  |  |* |  |  |  |  |  |  |  |
  0: |  |  |  |  |  |  |  |  |5|  |  |
 -1: -----------------------
(Map a4b3ed96-4888-4e10-8151-89cdb1447a77) Update #4: Epoch 4 ended
 y\x  0  1  2  3  4  5  6  7  8  9 10 
 11: -----------------------
 10: |  |  |  |  |  |  |  |  |6|  |  |
  9: |  |  |  |7|2|  |  |  |  |  |  |
  8: |  |  |  |5|  |  |  |  |  |  |  |
  7: |  |  |  |  |  |  |  |  |  |  |  |
  6: |^ |^ |* |4|5|* |* |* |  |  |* |
  5: |* |  |^ |5|* |  |  |* |  |* |2|
  4: |* |* |* |* |* |  |  |* |  |  |* |
  3: |* |  |  |  |  |  |  |  |  |8|* |
  2: |  |  |  |  |  |  |  |  |  |  |* |
  1: |  |  |  |^ |  |  |  |  |  |6|  |
  0: |  |  |  |  |  |  |  |  |  |3|  |
 -1: -----------------------
