(Map f12a22c1-9203-4c99-ad80-b00fc268d6cd) Update #1: Epoch 1 ended
 y\x  0  1  2  3  4  5  6  7  8  9 10 
 11: -----------------------
 10: |  |  |  |* |  |  |  |  |  |  |  |
  9: |  |  |  |  |  |  |  |  |  |  |  |
  8: |  |2|  |  |  |  |  |  |  |  |  |
  7: |  |3|  |* |  |  |  |  |  |  |7|
  6: |  |  |* |  |  |* |  |* |* |* |  |
  5: |  |  |  |* |  |  |  |  |  |* |* |
  4: |  |* |  |7|* |  |* |2|  |  |  |
  3: |  |  |  |  |  |  |  |  |  |  |  |
  2: |  |  |  |  |  |6|  |  |  |  |  |
  1: |  |6|  |4|  |* |  |  |  |  |  |
  0: |  |  |  |  |  |7|  |8|  |  |  |
 -1: -----------------------
(Map f12a22c1-9203-4c99-ad80-b00fc268d6cd) Update #2: Epoch 2 ended
 y\x  0  1  2  3  4  5  6  7  8  9 10 
 11: -----------------------
 10: |  |  |  |* |  |  |  |  |  |  |  |
  9: |  |  |  |  |  |  |  |  |  |  |  |
  8: |  |  |  |  |  |  |  |  |  |  |  |
  7: |  |  |4|* |  |  |  |  |  |  |  |
  6: |6|  |* |  |  |* |  |^ |* |* |5|
  5: |  |  |  |1|  |* |  |* |2|* |* |
  4: |  |* |  |  |3|  |* |  |* |  |  |
  3: |  |  |  |  |* |  |  |  |  |  |  |
  2: |  |1|  |  |  |  |  |  |  |  |  |
  1: |  |  |  |  |  |* |4|  |  |  |  |
  0: |  |  |  |  |4|1|2|  |  |  |  |
 -1: -----------------------
(Map f12a22c1-9203-4c99-ad80-b00fc268d6cd) Update #3: Epoch 3 ended
 y\x  0  1  2  3  4  5  6  7  8  9 10 
 11: -----------------------
 10: |  |  |  |* |  |  |  |  |  |  |  |
  9: |  |  |  |  |  |  |  |  |  |  |  |
  8: |  |  |  |  |  |  |  |  |  |  |  |
  7: |  |7|  |* |  |  |  |  |  |  |1|
  6: |  |  |* |  |* |* |  |^ |^ |* |  |
  5: |  |4|  |  |3|* |  |^ |* |* |* |
  4: |  |* |  |* |  |3|* |  |* |4|  |
  3: |  |  |  |  |* |  |  |  |  |  |  |
  2: |  |  |  |  |  |  |1|  |  |  |  |
  1: |6|  |* |  |  |8|  |  |  |  |  |
  0: |  |  |  |  |2|  |  |  |  |  |  |
 -1: -----------------------
(Map f12a22c1-9203-4c99-ad80-b00fc268d6cd) Update #4: Epoch 4 ended
 y\x  0  1  2  3  4  5  6  7  8  9 10 
 11: -----------------------
 10: |  |  |  |* |  |  |  |  |* |  |  |
  9: |  |  |  |  |  |  |  |  |  |  |  |
  8: |  |  |  |  |  |  |  |  |  |  |  |
  7: |7|  |  |* |  |  |  |  |  |  |  |
  6: |4|  |4|8|* |* |  |^ |^ |^ |  |
  5: |  |  |* |  |  |* |  |* |* |* |2|
  4: |  |* |4|* |  |* |* |  |* |  |  |
  3: |  |  |  |  |* |  |4|  |  |  |  |
  2: |  |  |  |  |  |  |  |  |  |  |  |
  1: |  |3|^ |  |  |  |3|  |  |  |  |
  0: |  |  |  |2|  |  |  |  |  |  |  |
 -1: -----------------------
(Map f12a22c1-9203-4c99-ad80-b00fc268d6cd) Update #5: Epoch 5 ended
 y\x  0  1  2  3  4  5  6  7  8  9 10 
 11: -----------------------
 10: |  |  |  |* |  |  |  |  |* |  |  |
  9: |  |  |  |  |  |  |  |  |  |  |  |
  8: |  |  |  |  |  |  |  |  |  |  |  |
  7: |  |  |  |* |  |  |  |  |  |  |8|
  6: |5|7|  |  |* |* |  |^ |^ |8|  |
  5: |  |  |* |  |4|* |  |* |* |^ |  |
  4: |  |* |  |* |  |* |* |2|* |  |  |
  3: |  |* |5|  |* |  |  |  |  |  |  |
  2: |  |  |  |  |  |6|  |  |  |  |  |
  1: |  |  |^ |  |2|  |  |  |  |  |  |
  0: |  |  |4|  |8|  |5|  |  |  |  |
 -1: -----------------------
(Map f12a22c1-9203-4c99-ad80-b00fc268d6cd) Update #6: Epoch 6 ended
 y\x  0  1  2  3  4  5  6  7  8  9 10 
 11: -----------------------
 10: |  |  |  |* |  |  |  |  |* |  |  |
  9: |  |  |  |  |  |  |  |* |  |  |  |
  8: |  |  |  |  |  |  |  |  |  |  |  |
  7: |  |1|  |* |  |  |  |  |  |1|  |
  6: |* |* |  |* |* |2|  |^ |^ |6|  |
  5: |  |* |* |  |  |* |  |* |* |^ |6|
  4: |  |* |  |* |  |* |* |^ |* |  |  |
  3: |  |7|  |  |* |  |  |  |  |  |  |
  2: |  |  |  |  |  |  |3|  |  |  |  |
  1: |  |  |1|  |  |8|  |  |  |  |  |
  0: |  |  |  |2|5|  |  |  |  |  |  |
 -1: -----------------------
(Map f12a22c1-9203-4c99-ad80-b00fc268d6cd) Update #7: Epoch 7 ended
 y\x  0  1  2  3  4  5  6  7  8  9 10 
 11: -----------------------
 10: |  |  |  |* |  |  |  |  |* |  |  |
  9: |  |  |  |  |  |  |  |* |  |  |  |
  8: |  |  |  |  |  |  |  |  |  |1|  |
  7: |  |  |  |* |  |  |  |  |  |* |  |
  6: |* |* |4|* |* |  |  |^ |^ |8|* |
  5: |  |* |* |* |  |* |4|* |* |^ |4|
  4: |  |* |2|* |  |^ |^ |^ |* |  |  |
  3: |  |  |  |  |* |  |1|  |  |  |  |
  2: |  |  |  |  |  |  |  |  |  |  |  |
  1: |  |  |8|  |  |  |  |  |  |  |  |
  0: |  |  |  |4|1|  |  |  |  |  |  |
 -1: -----------------------
(Map f12a22c1-9203-4c99-ad80-b00fc268d6cd) Update #8: Epoch 8 ended
 y\x  0  1  2  3  4  5  6  7  8  9 10 
 11: -----------------------
 10: |  |  |  |* |  |  |  |  |* |  |  |
  9: |  |  |* |  |  |  |  |* |  |  |  |
  8: |  |  |  |  |  |  |  |  |  |  |3|
  7: |  |  |  |* |  |  |  |  |  |^ |  |
  6: |* |* |* |* |* |  |  |* |^ |8|3|
  5: |  |8|* |* |* |* |  |* |* |^ |  |
  4: |  |* |  |* |* |6|^ |^ |* |  |  |
  3: |  |  |  |  |* |  |  |  |  |  |  |
  2: |  |  |  |  |  |6|  |  |  |  |  |
  1: |  |  |^ |1|  |2|  |  |  |  |  |
  0: |  |  |5|  |  |8|  |  |  |  |  |
 -1: -----------------------
(Map f12a22c1-9203-4c99-ad80-b00fc268d6cd) Update #9: Epoch 9 ended
 y\x  0  1  2  3  4  5  6  7  8  9 10 
 11: -----------------------
 10: |  |  |  |* |  |  |  |  |* |  |  |
  9: |  |  |* |  |  |  |  |* |  |  |1|
  8: |  |  |  |  |* |  |  |  |  |  |  |
  7: |  |  |  |* |  |  |  |  |  |^ |  |
  6: |8|^ |* |^ |* |  |* |* |  |^ |3|
  5: |  |  |^ |* |* |* |  |^ |* |* |  |
  4: |* |* |  |* |^ |^ |3|^ |* |  |  |
  3: |  |  |  |  |* |  |  |  |  |  |  |
  2: |  |  |  |  |  |  |  |  |  |  |  |
  1: |  |  |1|  |7|  |  |  |  |  |  |
  0: |  |  |6|  |  |  |3|  |  |  |  |
 -1: -----------------------
(Map f12a22c1-9203-4c99-ad80-b00fc268d6cd) Update #10: Epoch 10 ended
 y\x  0  1  2  3  4  5  6  7  8  9 10 
 11: -----------------------
 10: |  |  |  |* |  |  |  |  |^ |  |  |
  9: |  |  |* |  |  |* |  |* |  |7|  |
  8: |  |  |  |  |* |  |  |  |  |  |  |
  7: |1|  |  |^ |  |  |  |  |  |^ |  |
  6: |  |^ |* |^ |^ |* |* |^ |  |7|^ |
  5: |  |  |* |^ |* |* |  |^ |^ |* |  |
  4: |* |* |  |^ |^ |7|^ |^ |* |  |* |
  3: |  |  |  |  |^ |  |  |  |  |  |  |
  2: |  |  |  |  |  |  |  |  |  |  |  |
  1: |  |  |  |3|  |3|  |  |  |  |  |
  0: |  |7|  |  |  |  |1|  |  |  |  |
 -1: -----------------------
(Map f12a22c1-9203-4c99-ad80-b00fc268d6cd) Update #11: Epoch 11 ended
 y\x  0  1  2  3  4  5  6  7  8  9 10 
 11: -----------------------
 10: |  |  |  |* |  |  |  |  |8|  |  |
  9: |* |  |* |  |  |* |  |* |  |  |  |
  8: |  |2|  |  |* |  |  |  |  |  |  |
  7: |  |3|  |^ |  |  |  |  |  |^ |  |
  6: |  |* |* |^ |^ |^ |^ |^ |* |  |^ |
  5: |  |  |* |* |* |* |  |^ |^ |5|  |
  4: |* |* |  |^ |^ |* |^ |^ |^ |* |* |
  3: |  |  |  |  |^ |5|  |  |  |  |  |
  2: |  |  |  |1|8|  |  |  |  |  |  |
  1: |  |  |  |  |  |  |  |  |  |  |  |
  0: |  |  |8|  |  |  |  |8|  |  |  |
 -1: -----------------------
(Map f12a22c1-9203-4c99-ad80-b00fc268d6cd) Update #12: Epoch 12 ended
 y\x  0  1  2  3  4  5  6  7  8  9 10 
 11: -----------------------
 10: |  |  |  |* |  |  |  |4|^ |  |  |
  9: |^ |  |* |  |  |* |  |* |  |  |  |
  8: |  |  |  |  |* |  |  |  |  |  |  |
  7: |  |  |4|^ |  |  |  |  |  |^ |  |
  6: |6|* |* |^ |^ |^ |^ |* |^ |  |^ |
  5: |  |  |* |* |* |^ |  |^ |^ |^ |3|
  4: |* |* |  |^ |^ |* |^ |  |^ |^ |* |
  3: |  |* |  |* |7|2|  |  |  |  |  |
  2: |  |  |7|  |  |  |  |  |  |  |  |
  1: |* |  |  |6|  |  |  |  |  |  |  |
  0: |  |  |  |3|  |  |2|  |  |  |  |
 -1: -----------------------
(Map f12a22c1-9203-4c99-ad80-b00fc268d6cd) Update #13: Epoch 13 ended
 y\x  0  1  2  3  4  5  6  7  8  9 10 
 11: -----------------------
 10: |  |* |  |* |  |  |  |* |^ |  |  |
  9: |^ |  |* |  |  |* |6|* |  |  |  |
  8: |  |  |  |  |* |  |  |  |  |  |  |
  7: |  |7|  |^ |  |  |  |  |  |^ |  |
  6: |^ |* |* |^ |^ |^ |^ |* |^ |  |^ |
  5: |  |  |* |* |* |^ |  |^ |^ |7|  |
  4: |* |* |  |^ |1|^ |* |* |^ |^ |^ |
  3: |  |* |  |^ |^ |  |3|  |  |  |  |
  2: |  |  |  |  |  |  |  |  |  |  |  |
  1: |* |  |8|4|3|8|  |* |  |  |  |
  0: |  |  |  |  |  |  |  |  |  |  |  |
 -1: -----------------------
(Map f12a22c1-9203-4c99-ad80-b00fc268d6cd) Update #14: Epoch 14 ended
 y\x  0  1  2  3  4  5  6  7  8  9 10 
 11: -----------------------
 10: |  |* |  |* |  |  |  |^ |^ |  |  |
  9: |^ |  |* |  |  |* |  |* |  |  |  |
  8: |  |  |  |  |* |  |* |4|  |  |  |
  7: |7|  |  |^ |  |  |  |  |  |  |  |
  6: |* |* |^ |^ |^ |^ |^ |* |^ |  |2|
  5: |  |  |* |* |* |^ |  |^ |* |^ |  |
  4: |* |* |  |^ |^ |8|^ |^ |^ |^ |^ |
  3: |  |* |  |6|^ |  |  |  |  |  |  |
  2: |* |  |8|  |  |  |  |  |  |  |  |
  1: |* |  |  |  |  |3|3|^ |  |  |  |
  0: |* |  |5|  |  |  |  |  |  |  |  |
 -1: -----------------------
(Map f12a22c1-9203-4c99-ad80-b00fc268d6cd) Update #15: Epoch 15 ended
 y\x  0  1  2  3  4  5  6  7  8  9 10 
 11: -----------------------
 10: |  |* |  |* |  |  |  |^ |* |  |  |
  9: |^ |  |* |  |  |* |  |^ |2|  |  |
  8: |  |  |  |  |* |  |* |  |  |  |  |
  7: |  |  |  |^ |  |  |  |  |  |  |  |
  6: |5|^ |* |  |^ |^ |* |* |^ |  |  |
  5: |  |* |^ |* |8|^ |  |  |* |6|  |
  4: |* |* |  |^ |2|^ |^ |^ |* |^ |^ |
  3: |  |* |  |2|^ |  |  |  |  |  |  |
  2: |* |  |  |  |8|  |  |  |  |  |  |
  1: |* |  |  |  |  |  |  |^ |  |  |  |
  0: |* |2|  |  |  |  |5|  |  |  |  |
 -1: -----------------------
(Map f12a22c1-9203-4c99-ad80-b00fc268d6cd) Update #16: Epoch 16 ended
 y\x  0  1  2  3  4  5  6  7  8  9 10 
 11: -----------------------
 10: |  |* |  |* |  |  |  |^ |^ |  |  |
  9: |^ |  |* |  |  |* |  |^ |  |3|  |
  8: |  |  |  |  |* |  |* |  |  |  |  |
  7: |  |  |  |  |  |  |  |  |  |  |  |
  6: |^ |^ |* |  |  |^ |* |^ |^ |  |* |
  5: |  |^ |^ |8|^ |3|  |* |^ |^ |6|
  4: |* |* |8|  |  |* |^ |^ |* |^ |4|
  3: |  |* |  |^ |  |  |  |  |  |  |  |
  2: |^ |  |  |  |  |  |  |  |  |  |  |
  1: |* |  |  |  |5|8|  |^ |  |  |  |
  0: |7|  |  |  |  |  |* |  |  |  |  |
 -1: -----------------------
(Map f12a22c1-9203-4c99-ad80-b00fc268d6cd) Update #17: Epoch 17 ended
 y\x  0  1  2  3  4  5  6  7  8  9 10 
 11: -----------------------
 10: |  |* |  |* |  |  |  |^ |^ |  |  |
  9: |^ |  |* |  |  |* |  |^ |  |  |3|
  8: |  |  |  |  |* |  |* |  |  |  |  |
  7: |  |  |  |  |  |  |  |  |  |  |  |
  6: |^ |^ |* |  |2|* |^ |^ |^ |8|* |
  5: |2|^ |^ |^ |^ |^ |3|^ |^ |  |  |
  4: |* |* |  |  |* |* |^ |^ |^ |^ |* |
  3: |  |6|  |^ |  |  |  |  |  |  |  |
  2: |^ |* |  |  |  |  |  |  |  |  |  |
  1: |^ |2|  |  |  |3|  |^ |  |  |  |
  0: |  |  |  |  |6|  |* |  |  |  |  |
 -1: -----------------------
(Map f12a22c1-9203-4c99-ad80-b00fc268d6cd) Update #18: Epoch 18 ended
 y\x  0  1  2  3  4  5  6  7  8  9 10 
 11: -----------------------
 10: |  |* |  |* |  |  |  |^ |^ |  |  |
  9: |  |  |* |  |* |* |  |^ |  |  |  |
  8: |  |  |  |  |* |  |* |  |  |  |5|
  7: |  |  |  |  |  |  |  |  |  |  |  |
  6: |^ |^ |* |  |^ |^ |^ |^ |  |  |3|
  5: |* |^ |* |^ |^ |* |  |^ |^ |  |  |
  4: |^ |* |  |  |^ |* |^ |4|* |  |6|
  3: |  |  |3|^ |  |  |  |  |  |  |  |
  2: |^ |^ |  |  |8|  |  |  |  |  |  |
  1: |7|  |  |  |  |  |  |^ |  |  |  |
  0: |  |  |  |  |  |8|* |  |  |  |  |
 -1: -----------------------
(Map f12a22c1-9203-4c99-ad80-b00fc268d6cd) Update #19: Epoch 19 ended
 y\x  0  1  2  3  4  5  6  7  8  9 10 
 11: -----------------------
 10: |  |* |  |* |  |  |  |^ |^ |  |  |
  9: |  |  |* |  |* |* |  |^ |  |  |  |
  8: |3|  |  |  |* |  |* |  |  |  |  |
  7: |  |  |  |  |  |  |  |  |  |  |  |
  6: |3|^ |* |  |^ |^ |* |^ |  |  |  |
  5: |^ |^ |* |* |^ |^ |  |1|^ |  |1|
  4: |^ |* |  |  |^ |^ |^ |^ |* |* |  |
  3: |  |7|  |8|  |  |  |  |  |  |  |
  2: |^ |^ |  |  |  |  |  |  |  |  |  |
  1: |^ |  |  |  |  |  |  |* |  |  |  |
  0: |  |4|  |  |  |  |3|  |  |  |  |
 -1: -----------------------
(Map f12a22c1-9203-4c99-ad80-b00fc268d6cd) Update #20: Epoch 20 ended
 y\x  0  1  2  3  4  5  6  7  8  9 10 
 11: -----------------------
 10: |  |* |  |* |  |  |  |  |^ |  |  |
  9: |1|  |* |  |* |* |  |^ |  |  |  |
  8: |  |  |  |  |* |  |* |  |  |  |  |
  7: |1|  |  |  |  |  |  |  |  |  |  |
  6: |  |^ |^ |  |^ |^ |* |1|  |* |  |
  5: |^ |^ |* |* |^ |^ |* |* |^ |  |* |
  4: |^ |1|  |  |^ |^ |  |  |* |^ |5|
  3: |  |  |  |  |  |  |  |  |* |  |  |
  2: |^ |^ |  |5|  |  |  |  |  |  |  |
  1: |^ |  |  |  |  |  |  |* |  |  |  |
  0: |  |1|  |  |  |  |1|  |  |  |  |
 -1: -----------------------
(Map f12a22c1-9203-4c99-ad80-b00fc268d6cd) Update #21: Epoch 21 ended
 y\x  0  1  2  3  4  5  6  7  8  9 10 
 11: -----------------------
 10: |  |2|  |* |  |  |  |  |^ |  |  |
  9: |  |  |* |  |* |* |  |  |  |  |  |
  8: |  |2|  |  |* |  |* |  |  |  |  |
  7: |  |  |  |  |  |  |  |  |  |  |  |
  6: |  |  |^ |  |^ |^ |* |* |  |* |  |
  5: |^ |^ |^ |* |  |^ |^ |* |4|* |* |
  4: |7|^ |  |  |^ |^ |* |  |* |* |* |
  3: |  |  |  |  |2|  |  |  |^ |  |  |
  2: |^ |^ |  |  |  |  |  |  |  |  |  |
  1: |^ |  |  |  |  |  |  |* |  |  |  |
  0: |2|  |  |  |* |  |  |8|  |  |  |
 -1: -----------------------
(Map f12a22c1-9203-4c99-ad80-b00fc268d6cd) Update #22: Epoch 22 ended
 y\x  0  1  2  3  4  5  6  7  8  9 10 
 11: -----------------------
 10: |  |  |6|* |  |  |  |  |  |  |  |
  9: |  |  |* |  |* |* |  |  |  |  |  |
  8: |  |  |  |  |^ |  |* |  |  |  |  |
  7: |  |  |4|  |  |  |  |  |  |  |  |
  6: |  |  |^ |  |^ |^ |* |^ |  |* |  |
  5: |1|  |^ |^ |  |^ |^ |* |  |^ |* |
  4: |^ |* |* |8|* |* |^ |  |* |4|^ |
  3: |5|  |  |  |  |  |  |  |^ |  |  |
  2: |  |^ |  |  |  |  |  |  |  |  |  |
  1: |* |  |  |  |  |  |  |* |  |  |  |
  0: |1|  |  |  |* |  |2|  |  |  |  |
 -1: -----------------------
(Map f12a22c1-9203-4c99-ad80-b00fc268d6cd) Update #23: Epoch 23 ended
 y\x  0  1  2  3  4  5  6  7  8  9 10 
 11: -----------------------
 10: |  |4|  |* |  |  |  |  |  |  |  |
  9: |  |  |* |  |^ |* |  |  |  |  |  |
  8: |  |  |  |  |^ |  |* |  |  |  |  |
  7: |  |7|  |  |  |  |  |  |  |  |  |
  6: |  |  |^ |  |^ |* |^ |* |  |^ |  |
  5: |^ |* |^ |^ |  |^ |* |^ |  |^ |^ |
  4: |5|2|^ |  |* |* |^ |  |^ |^ |^ |
  3: |  |  |  |5|  |  |  |  |^ |5|  |
  2: |  |^ |  |  |  |  |  |  |  |  |  |
  1: |* |  |  |  |  |8|  |* |  |  |  |
  0: |  |  |  |  |* |  |  |  |  |  |  |
 -1: -----------------------
(Map f12a22c1-9203-4c99-ad80-b00fc268d6cd) Update #24: Epoch 24 ended
 y\x  0  1  2  3  4  5  6  7  8  9 10 
 11: -----------------------
 10: |  |  |6|* |  |  |  |  |  |  |  |
  9: |  |  |* |  |^ |^ |  |  |  |  |  |
  8: |  |  |  |  |^ |  |* |  |  |  |  |
  7: |7|* |  |  |  |  |  |  |  |  |  |
  6: |  |  |^ |  |  |^ |^ |* |  |^ |  |
  5: |^ |^ |^ |^ |  |* |* |^ |* |^ |8|
  4: |  |^ |^ |  |* |* |^ |  |^ |* |2|
  3: |6|  |  |  |  |  |  |  |^ |  |  |
  2: |  |  |  |5|  |  |  |  |  |  |  |
  1: |^ |  |  |  |  |  |3|* |  |  |  |
  0: |  |  |  |  |* |  |  |  |  |  |7|
 -1: -----------------------
(Map f12a22c1-9203-4c99-ad80-b00fc268d6cd) Update #25: Epoch 25 ended
 y\x  0  1  2  3  4  5  6  7  8  9 10 
 11: -----------------------
 10: |  |  |  |* |  |  |  |  |  |  |  |
  9: |  |  |* |4|^ |* |  |  |  |  |  |
  8: |  |  |  |  |^ |  |* |  |  |  |  |
  7: |  |* |  |  |  |  |  |  |  |  |  |
  6: |5|  |^ |  |  |^ |^ |* |  |* |  |
  5: |2|^ |^ |^ |  |^ |* |* |^ |^ |^ |
  4: |4|^ |^ |  |* |^ |* |  |^ |* |8|
  3: |  |  |  |  |2|  |  |  |^ |  |  |
  2: |  |  |  |  |  |  |  |  |  |  |  |
  1: |^ |  |  |  |  |  |* |* |  |8|  |
  0: |  |  |  |  |* |  |5|  |  |  |  |
 -1: -----------------------
(Map f12a22c1-9203-4c99-ad80-b00fc268d6cd) Update #26: Epoch 26 ended
 y\x  0  1  2  3  4  5  6  7  8  9 10 
 11: -----------------------
 10: |  |  |  |^ |  |  |  |  |  |  |  |
  9: |  |  |* |  |^ |* |  |  |  |  |  |
  8: |  |  |  |5|^ |  |* |  |  |  |  |
  7: |  |* |  |  |  |  |  |  |  |  |  |
  6: |  |* |  |  |  |^ |^ |* |  |* |  |
  5: |^ |2|^ |^ |  |^ |* |* |^ |^ |6|
  4: |* |^ |^ |* |* |^ |* |* |^ |^ |^ |
  3: |  |  |  |7|  |  |  |  |^ |6|  |
  2: |  |  |  |  |  |  |  |  |  |  |  |
  1: |^ |  |* |  |  |8|* |* |  |  |  |
  0: |  |  |  |  |* |  |  |  |  |5|  |
 -1: -----------------------
(Map f12a22c1-9203-4c99-ad80-b00fc268d6cd) Update #27: Epoch 27 ended
 y\x  0  1  2  3  4  5  6  7  8  9 10 
 11: -----------------------
 10: |  |  |  |^ |  |  |  |  |  |  |  |
  9: |  |  |* |  |^ |* |  |  |  |  |  |
  8: |  |  |  |  |^ |  |* |  |  |  |  |
  7: |  |* |  |5|  |  |  |  |  |  |  |
  6: |8|^ |  |  |* |^ |^ |* |  |8|  |
  5: |^ |^ |  |^ |  |^ |^ |* |^ |^ |^ |
  4: |* |^ |* |^ |* |^ |* |* |^ |^ |^ |
  3: |  |  |  |  |  |  |  |  |  |  |  |
  2: |  |  |  |5|* |  |  |  |  |  |4|
  1: |^ |  |* |  |  |  |* |* |8|  |  |
  0: |  |  |  |  |6|  |  |  |  |  |  |
 -1: -----------------------
(Map f12a22c1-9203-4c99-ad80-b00fc268d6cd) Update #28: Epoch 28 ended
 y\x  0  1  2  3  4  5  6  7  8  9 10 
 11: -----------------------
 10: |  |  |  |^ |  |  |  |  |  |  |  |
  9: |  |  |* |  |^ |* |  |  |  |  |  |
  8: |  |  |  |  |  |  |* |  |  |  |  |
  7: |  |^ |7|  |  |  |  |  |  |  |  |
  6: |  |^ |  |  |^ |^ |^ |^ |  |^ |3|
  5: |* |4|  |  |* |^ |^ |* |^ |  |^ |
  4: |* |^ |* |^ |* |^ |^ |* |^ |* |  |
  3: |  |  |  |  |2|  |  |  |  |  |1|
  2: |  |  |  |  |* |  |  |  |  |  |  |
  1: |* |  |* |  |  |  |* |* |  |  |  |
  0: |  |  |  |  |  |8|  |  |5|  |  |
 -1: -----------------------
(Map f12a22c1-9203-4c99-ad80-b00fc268d6cd) Update #29: Epoch 29 ended
 y\x  0  1  2  3  4  5  6  7  8  9 10 
 11: -----------------------
 10: |  |  |  |^ |  |  |  |  |  |  |  |
  9: |  |  |* |  |  |* |  |  |  |  |  |
  8: |  |  |  |  |  |  |* |  |  |  |  |
  7: |  |^ |  |  |  |  |  |  |  |  |  |
  6: |3|^ |5|  |^ |^ |  |^ |  |  |* |
  5: |7|^ |  |  |^ |* |^ |^ |^ |  |* |
  4: |* |  |^ |^ |* |2|^ |* |* |* |  |
  3: |  |  |  |  |  |  |  |  |  |  |  |
  2: |  |  |  |  |* |  |  |  |  |* |5|
  1: |* |  |* |  |  |  |* |* |  |2|  |
  0: |  |  |  |  |  |  |3|  |  |  |  |
 -1: -----------------------
(Map f12a22c1-9203-4c99-ad80-b00fc268d6cd) Update #30: Epoch 30 ended
 y\x  0  1  2  3  4  5  6  7  8  9 10 
 11: -----------------------
 10: |  |  |  |^ |  |  |  |  |  |  |  |
  9: |  |  |* |  |  |* |  |  |  |* |  |
  8: |  |  |  |  |  |  |^ |  |  |  |  |
  7: |1|^ |  |  |  |  |  |  |  |  |  |
  6: |  |^ |* |3|^ |  |  |^ |  |  |* |
  5: |* |3|  |  |* |* |^ |^ |^ |  |* |
  4: |* |  |^ |^ |7|* |* |* |^ |* |  |
  3: |  |  |  |  |  |  |  |  |  |  |  |
  2: |  |  |  |  |* |  |  |  |  |7|  |
  1: |* |  |* |  |  |  |* |* |  |  |3|
  0: |  |  |  |  |  |  |1|  |  |  |  |
 -1: -----------------------
(Map f12a22c1-9203-4c99-ad80-b00fc268d6cd) Update #31: Epoch 31 ended
 y\x  0  1  2  3  4  5  6  7  8  9 10 
 11: -----------------------
 10: |  |  |  |^ |  |  |  |  |  |  |  |
  9: |  |  |* |  |  |* |  |  |  |* |  |
  8: |  |2|  |  |  |  |^ |  |  |* |  |
  7: |  |^ |  |  |  |  |  |  |  |  |  |
  6: |* |1|^ |  |* |  |  |^ |  |  |* |
  5: |* |  |  |  |4|^ |^ |^ |  |  |* |
  4: |* |  |^ |^ |^ |^ |* |* |* |* |  |
  3: |  |  |  |  |  |4|  |  |  |  |  |
  2: |  |  |  |  |* |  |  |  |  |8|  |
  1: |* |  |* |  |  |  |* |* |  |5|  |
  0: |  |  |  |  |  |  |  |8|  |  |  |
 -1: -----------------------
(Map f12a22c1-9203-4c99-ad80-b00fc268d6cd) Update #32: Epoch 32 ended
 y\x  0  1  2  3  4  5  6  7  8  9 10 
 11: -----------------------
 10: |  |  |  |  |  |  |  |  |  |  |  |
  9: |  |  |* |  |  |* |  |  |  |* |* |
  8: |  |  |  |  |  |  |^ |  |  |* |  |
  7: |  |^ |4|  |  |  |  |  |  |  |  |
  6: |7|^ |^ |  |* |  |  |^ |  |  |* |
  5: |^ |* |  |  |* |^ |^ |^ |  |  |* |
  4: |* |* |^ |* |^ |4|2|* |* |* |  |
  3: |  |  |  |  |  |  |  |  |  |  |  |
  2: |  |  |  |  |* |  |  |  |  |  |3|
  1: |* |  |* |  |  |  |* |* |  |  |3|
  0: |  |  |  |  |  |  |2|  |  |  |  |
 -1: -----------------------
(Map f12a22c1-9203-4c99-ad80-b00fc268d6cd) Update #33: Epoch 33 ended
 y\x  0  1  2  3  4  5  6  7  8  9 10 
 11: -----------------------
 10: |  |  |  |  |  |  |  |  |  |  |  |
  9: |  |  |* |  |  |* |  |  |  |* |* |
  8: |  |  |  |  |  |  |^ |  |  |* |  |
  7: |  |7|* |  |  |  |  |  |  |  |  |
  6: |^ |3|^ |  |* |  |  |* |  |  |* |
  5: |^ |^ |* |  |* |^ |  |^ |  |  |* |
  4: |^ |^ |^ |* |* |7|^ |^ |* |* |  |
  3: |  |  |  |  |6|  |  |  |  |8|  |
  2: |  |  |  |  |* |  |  |  |  |8|  |
  1: |* |  |* |  |  |8|* |* |  |  |  |
  0: |  |  |  |  |  |  |  |  |  |  |  |
 -1: -----------------------
(Map f12a22c1-9203-4c99-ad80-b00fc268d6cd) Update #34: Epoch 34 ended
 y\x  0  1  2  3  4  5  6  7  8  9 10 
 11: -----------------------
 10: |  |  |  |  |  |  |  |  |  |  |  |
  9: |  |  |* |  |  |* |  |  |  |* |* |
  8: |  |  |  |  |  |  |^ |  |  |* |  |
  7: |7|  |^ |  |  |  |  |  |  |  |  |
  6: |^ |  |^ |* |^ |  |* |^ |  |  |* |
  5: |6|^ |^ |  |* |^ |* |^ |  |  |* |
  4: |^ |^ |^ |* |7|* |  |^ |* |* |  |
  3: |  |  |  |  |  |  |  |  |  |  |* |
  2: |  |  |  |  |* |4|  |  |  |5|  |
  1: |* |  |* |  |  |  |3|* |  |  |4|
  0: |  |  |  |  |  |  |  |  |  |  |  |
 -1: -----------------------
(Map f12a22c1-9203-4c99-ad80-b00fc268d6cd) Update #35: Epoch 35 ended
 y\x  0  1  2  3  4  5  6  7  8  9 10 
 11: -----------------------
 10: |  |  |  |  |  |  |  |  |  |  |  |
  9: |  |  |* |  |  |* |  |  |  |* |* |
  8: |  |  |  |  |  |  |^ |  |  |* |  |
  7: |  |  |^ |  |  |  |  |  |  |  |  |
  6: |5|2|^ |^ |^ |* |* |^ |  |* |* |
  5: |^ |^ |^ |* |^ |^ |^ |  |  |  |* |
  4: |^ |^ |  |* |^ |* |  |^ |* |* |  |
  3: |  |  |  |  |  |4|2|  |  |  |* |
  2: |* |  |  |  |* |  |  |  |  |  |  |
  1: |* |  |* |  |  |  |  |* |6|  |  |
  0: |  |  |  |  |  |  |5|  |  |6|  |
 -1: -----------------------
(Map f12a22c1-9203-4c99-ad80-b00fc268d6cd) Update #36: Epoch 36 ended
 y\x  0  1  2  3  4  5  6  7  8  9 10 
 11: -----------------------
 10: |  |  |  |  |  |  |  |  |  |  |  |
  9: |  |  |* |  |  |* |  |  |  |* |* |
  8: |  |  |  |  |  |  |  |  |* |* |  |
  7: |8|  |^ |  |  |  |  |  |  |  |  |
  6: |* |  |^ |^ |^ |^ |* |^ |  |* |* |
  5: |^ |^ |^ |^ |* |^ |^ |  |  |  |6|
  4: |^ |^ |* |* |  |1|  |^ |^ |* |  |
  3: |  |  |  |  |  |  |  |3|  |  |* |
  2: |* |  |  |  |* |  |  |  |  |  |  |
  1: |* |  |* |  |  |8|  |* |  |3|  |
  0: |  |  |  |  |  |  |  |  |  |  |8|
 -1: -----------------------
(Map f12a22c1-9203-4c99-ad80-b00fc268d6cd) Update #37: Epoch 37 ended
 y\x  0  1  2  3  4  5  6  7  8  9 10 
 11: -----------------------
 10: |  |  |  |  |  |  |  |  |  |  |  |
  9: |  |  |* |  |  |* |  |  |  |* |* |
  8: |  |  |  |  |  |  |  |  |* |* |  |
  7: |  |  |^ |  |  |  |  |  |  |  |  |
  6: |* |  |  |^ |^ |^ |* |^ |* |8|6|
  5: |^ |^ |* |^ |* |  |^ |  |  |  |  |
  4: |^ |* |^ |* |7|* |  |^ |^ |* |  |
  3: |  |  |  |  |  |  |  |  |3|  |* |
  2: |* |  |  |  |* |  |  |  |  |  |  |
  1: |* |  |* |* |  |  |  |* |  |  |  |
  0: |  |  |  |  |6|  |  |  |6|2|  |
 -1: -----------------------
(Map f12a22c1-9203-4c99-ad80-b00fc268d6cd) Update #38: Epoch 38 ended
 y\x  0  1  2  3  4  5  6  7  8  9 10 
 11: -----------------------
 10: |  |  |  |  |  |  |  |  |  |  |  |
  9: |  |  |* |  |  |* |  |  |  |* |* |
  8: |  |  |  |  |  |  |  |  |* |* |  |
  7: |2|  |^ |  |  |  |  |  |  |  |  |
  6: |* |  |  |^ |^ |^ |* |^ |^ |* |3|
  5: |  |^ |* |* |* |  |^ |  |  |  |* |
  4: |^ |* |^ |* |  |* |* |^ |^ |^ |  |
  3: |  |  |  |  |  |4|  |  |  |  |* |
  2: |* |  |  |  |* |  |  |  |5|  |  |
  1: |* |  |* |* |  |  |  |* |  |  |  |
  0: |  |  |  |  |  |8|* |  |7|3|  |
 -1: -----------------------
(Map f12a22c1-9203-4c99-ad80-b00fc268d6cd) Update #39: Epoch 39 ended
 y\x  0  1  2  3  4  5  6  7  8  9 10 
 11: -----------------------
 10: |  |  |  |  |  |  |  |  |  |  |  |
  9: |  |  |* |  |  |* |  |  |  |* |* |
  8: |  |  |  |  |  |  |  |  |* |* |  |
  7: |  |  |^ |  |  |  |  |  |  |  |  |
  6: |5|  |  |^ |^ |* |* |^ |^ |^ |* |
  5: |  |  |* |* |* |  |^ |* |  |  |* |
  4: |  |* |^ |^ |  |* |^ |* |^ |^ |  |
  3: |  |  |  |  |  |  |  |  |  |  |* |
  2: |* |  |  |  |* |  |4|  |  |3|  |
  1: |* |  |* |* |  |  |  |* |8|  |  |
  0: |  |  |  |  |  |  |3|  |  |3|* |
 -1: -----------------------
(Map f12a22c1-9203-4c99-ad80-b00fc268d6cd) Update #40: Epoch 40 ended
 y\x  0  1  2  3  4  5  6  7  8  9 10 
 11: -----------------------
 10: |  |  |  |  |  |  |  |  |  |  |  |
  9: |  |  |* |  |  |* |  |  |  |* |* |
  8: |  |  |  |  |  |  |  |  |* |* |  |
  7: |1|  |  |  |  |  |  |  |  |  |  |
  6: |  |  |  |^ |  |* |* |* |^ |^ |^ |
  5: |  |  |^ |* |* |  |^ |^ |* |  |* |
  4: |  |* |^ |* |* |^ |^ |^ |^ |^ |  |
  3: |  |  |  |  |  |  |1|  |  |1|* |
  2: |* |  |  |  |* |  |  |  |1|  |  |
  1: |* |  |* |* |  |  |  |* |  |  |  |
  0: |  |  |  |  |  |  |1|  |  |1|* |
 -1: -----------------------
(Map f12a22c1-9203-4c99-ad80-b00fc268d6cd) Update #41: Epoch 41 ended
 y\x  0  1  2  3  4  5  6  7  8  9 10 
 11: -----------------------
 10: |  |  |  |  |  |  |  |  |  |  |  |
  9: |  |  |* |  |  |* |  |  |  |* |* |
  8: |  |2|  |  |  |  |  |  |* |* |  |
  7: |  |  |  |  |  |* |  |  |  |  |7|
  6: |* |  |  |  |  |* |^ |^ |^ |* |^ |
  5: |  |  |^ |* |^ |  |* |* |^ |  |^ |
  4: |  |* |^ |* |^ |^ |^ |^ |^ |^ |2|
  3: |  |  |  |  |  |  |  |  |  |  |* |
  2: |* |  |  |  |* |6|  |  |  |  |  |
  1: |* |  |* |* |  |  |  |6|  |  |  |
  0: |  |  |  |  |  |  |  |8|7|* |* |
 -1: -----------------------
(Map f12a22c1-9203-4c99-ad80-b00fc268d6cd) Update #42: Epoch 42 ended
 y\x  0  1  2  3  4  5  6  7  8  9 10 
 11: -----------------------
 10: |  |  |  |  |  |  |  |  |  |  |  |
  9: |  |  |* |  |  |* |  |  |  |* |* |
  8: |  |  |  |  |  |  |  |  |* |* |  |
  7: |  |  |4|  |  |* |  |  |  |  |  |
  6: |* |  |  |  |  |^ |^ |^ |^ |* |5|
  5: |2|  |* |^ |* |  |* |* |^ |  |^ |
  4: |  |* |* |* |^ |^ |^ |^ |  |^ |  |
  3: |  |  |  |  |  |  |  |  |  |  |* |
  2: |* |  |  |  |^ |  |  |1|  |  |  |
  1: |* |  |* |* |  |  |4|  |  |* |  |
  0: |  |  |  |  |  |  |2|  |1|* |* |
 -1: -----------------------
(Map f12a22c1-9203-4c99-ad80-b00fc268d6cd) Update #43: Epoch 43 ended
 y\x  0  1  2  3  4  5  6  7  8  9 10 
 11: -----------------------
 10: |  |  |  |  |  |  |  |  |  |  |  |
  9: |  |  |* |  |  |* |  |  |  |* |* |
  8: |  |  |  |  |  |  |  |  |* |* |  |
  7: |  |7|  |  |  |^ |  |  |  |  |1|
  6: |* |  |  |  |* |^ |* |^ |^ |* |^ |
  5: |  |  |* |^ |* |  |* |* |^ |  |^ |
  4: |* |4|* |* |^ |^ |^ |^ |  |^ |  |
  3: |  |  |  |  |  |  |  |  |  |  |* |
  2: |* |  |  |  |^ |  |1|  |  |  |  |
  1: |* |  |* |* |  |8|6|  |  |* |  |
  0: |  |  |  |* |  |  |  |2|  |* |* |
 -1: -----------------------
