(Map 2fc41ad8-ee63-4aee-bff5-334c950508d0) Update #1: Epoch 1 ended
 y\x  0  1  2  3  4  5  6  7  8  9 10 
 11: -----------------------
 10: |  |  |  |  |* |  |  |  |  |  |  |
  9: |  |  |  |  |2|  |  |  |* |  |  |
  8: |  |  |  |  |  |  |  |  |  |  |* |
  7: |  |  |  |1|7|  |  |  |  |  |  |
  6: |  |  |* |  |* |5|  |  |* |  |* |
  5: |  |  |* |3|  |  |  |  |* |* |* |
  4: |  |  |  |4|  |  |* |* |  |* |  |
  3: |  |  |  |  |  |  |  |  |  |  |  |
  2: |  |  |  |  |4|  |  |  |  |  |  |
  1: |  |  |  |1|  |  |  |  |  |  |  |
  0: |  |  |  |1|  |  |  |  |  |  |  |
 -1: -----------------------
(Map 2fc41ad8-ee63-4aee-bff5-334c950508d0) Update #2: Epoch 2 ended
 y\x  0  1  2  3  4  5  6  7  8  9 10 
 11: -----------------------
 10: |  |  |  |  |* |  |  |  |  |  |  |
  9: |  |  |  |  |  |3|  |  |* |  |  |
  8: |  |  |  |  |2|  |  |  |  |  |^ |
  7: |  |  |7|7|8|3|  |  |  |  |  |
  6: |  |  |* |  |* |  |  |  |* |  |* |
  5: |  |  |* |1|  |  |* |  |* |* |* |
  4: |  |  |  |5|* |* |* |* |  |* |  |
  3: |  |  |  |  |1|  |  |  |  |  |  |
  2: |  |  |  |  |  |  |  |  |  |  |  |
  1: |  |  |  |  |  |4|  |  |  |  |  |
  0: |  |  |7|  |4|  |  |  |  |  |* |
 -1: -----------------------
(Map 2fc41ad8-ee63-4aee-bff5-334c950508d0) Update #3: Epoch 3 ended
 y\x  0  1  2  3  4  5  6  7  8  9 10 
 11: -----------------------
 10: |  |  |  |  |* |  |  |  |  |  |  |
  9: |  |  |  |  |  |  |  |  |* |  |  |
  8: |  |  |  |1|1|5|  |  |  |  |^ |
  7: |  |  |  |6|  |  |3|  |  |  |  |
  6: |  |  |* |4|2|  |* |  |* |  |* |
  5: |  |  |* |1|  |  |* |  |* |* |* |
  4: |  |* |  |* |* |* |* |* |* |* |* |
  3: |  |* |  |  |  |3|  |  |  |  |  |
  2: |  |  |  |  |  |1|  |  |  |  |  |
  1: |  |  |  |  |  |  |  |  |  |  |  |
  0: |  |7|  |  |  |8|  |  |  |  |* |
 -1: -----------------------
(Map 2fc41ad8-ee63-4aee-bff5-334c950508d0) Update #4: Epoch 4 ended
 y\x  0  1  2  3  4  5  6  7  8  9 10 
 11: -----------------------
 10: |  |  |  |  |* |  |  |  |  |  |  |
  9: |  |  |  |  |1|  |  |  |* |  |  |
  8: |  |  |7|1|7|  |  |  |  |  |^ |
  7: |  |  |  |  |  |7|  |  |  |  |  |
  6: |  |  |* |  |2|  |* |  |* |  |* |
  5: |* |  |* |5|  |4|* |  |* |* |* |
  4: |  |* |  |* |* |* |^ |* |* |* |* |
  3: |  |* |  |  |  |  |  |  |  |  |  |
  2: |  |  |  |  |7|5|  |  |  |  |  |
  1: |8|  |  |  |8|  |  |  |  |  |  |
  0: |  |  |  |  |  |  |  |  |  |  |* |
 -1: -----------------------
(Map 2fc41ad8-ee63-4aee-bff5-334c950508d0) Update #5: Epoch 5 ended
 y\x  0  1  2  3  4  5  6  7  8  9 10 
 11: -----------------------
 10: |  |  |  |  |* |  |  |  |  |  |  |
  9: |  |  |  |2|  |  |  |  |* |  |  |
  8: |  |  |  |6|3|  |2|* |  |  |^ |
  7: |  |  |  |  |5|  |  |  |  |  |  |
  6: |  |  |* |1|  |* |* |  |* |  |* |
  5: |* |  |* |6|  |* |* |  |* |* |* |
  4: |  |* |  |* |6|* |* |^ |* |* |* |
  3: |  |* |  |  |  |  |  |  |  |  |  |
  2: |  |  |  |  |* |2|  |  |  |  |  |
  1: |  |3|  |  |5|5|  |  |  |  |  |
  0: |  |  |  |  |  |  |  |  |  |  |* |
 -1: -----------------------
(Map 2fc41ad8-ee63-4aee-bff5-334c950508d0) Update #6: Epoch 6 ended
 y\x  0  1  2  3  4  5  6  7  8  9 10 
 11: -----------------------
 10: |  |  |* |  |* |  |  |  |  |  |  |
  9: |  |  |  |  |2|8|  |  |* |  |  |
  8: |  |  |  |  |  |3|  |* |  |  |^ |
  7: |  |  |  |  |  |  |  |  |  |  |  |
  6: |  |  |8|6|  |* |^ |  |* |  |* |
  5: |* |  |* |5|1|^ |* |  |* |* |* |
  4: |  |* |  |* |* |* |* |^ |* |* |* |
  3: |  |* |  |  |  |  |2|  |  |  |  |
  2: |  |  |  |8|8|  |  |  |  |  |  |
  1: |7|  |  |  |  |  |  |  |  |  |  |
  0: |  |  |  |  |  |  |  |  |  |  |* |
 -1: -----------------------
(Map 2fc41ad8-ee63-4aee-bff5-334c950508d0) Update #7: Epoch 7 ended
 y\x  0  1  2  3  4  5  6  7  8  9 10 
 11: -----------------------
 10: |  |  |* |8|* |  |  |  |  |  |  |
  9: |  |  |  |  |  |  |  |  |* |  |  |
  8: |  |  |  |  |5|  |4|* |  |  |^ |
  7: |  |  |  |2|  |  |4|  |  |  |  |
  6: |  |  |7|* |  |^ |^ |  |* |  |* |
  5: |* |  |7|* |* |^ |* |  |^ |* |* |
  4: |  |* |  |6|* |* |* |^ |* |* |* |
  3: |  |* |8|  |  |  |  |  |  |  |  |
  2: |  |  |  |  |  |  |5|  |  |  |  |
  1: |  |  |  |  |5|  |  |  |  |  |  |
  0: |5|* |  |  |  |  |  |  |  |  |* |
 -1: -----------------------
(Map 2fc41ad8-ee63-4aee-bff5-334c950508d0) Update #8: Epoch 8 ended
 y\x  0  1  2  3  4  5  6  7  8  9 10 
 11: -----------------------
 10: |  |  |* |  |6|  |  |  |  |  |  |
  9: |  |  |  |  |  |  |  |  |* |  |  |
  8: |  |  |  |  |  |8|  |* |  |  |  |
  7: |  |  |1|6|  |  |  |4|  |  |  |
  6: |  |  |6|* |  |^ |^ |  |^ |  |* |
  5: |* |  |  |* |^ |* |* |  |* |^ |* |
  4: |  |* |7|4|* |* |* |* |* |* |^ |
  3: |  |* |  |  |  |  |  |  |  |* |  |
  2: |  |  |5|  |  |  |  |  |  |  |  |
  1: |  |  |  |7|  |  |5|  |  |  |  |
  0: |1|* |  |  |  |  |  |  |  |  |* |
 -1: -----------------------
(Map 2fc41ad8-ee63-4aee-bff5-334c950508d0) Update #9: Epoch 9 ended
 y\x  0  1  2  3  4  5  6  7  8  9 10 
 11: -----------------------
 10: |  |  |* |  |  |  |  |  |  |  |  |
  9: |  |  |  |* |  |4|  |  |* |  |  |
  8: |  |  |  |  |  |  |8|* |  |  |  |
  7: |  |  |  |3|  |  |  |  |  |  |  |
  6: |* |7|6|* |  |^ |* |  |^ |  |* |
  5: |* |  |1|^ |^ |* |* |  |* |^ |^ |
  4: |  |* |  |^ |* |* |* |* |* |* |^ |
  3: |  |* |* |  |  |  |  |  |  |^ |  |
  2: |  |  |  |3|  |  |  |  |  |  |  |
  1: |  |2|  |  |  |  |* |  |  |  |  |
  0: |  |* |  |  |  |  |5|  |  |  |* |
 -1: -----------------------
(Map 2fc41ad8-ee63-4aee-bff5-334c950508d0) Update #10: Epoch 10 ended
 y\x  0  1  2  3  4  5  6  7  8  9 10 
 11: -----------------------
 10: |  |  |* |  |  |  |  |  |  |  |  |
  9: |  |  |  |* |7|* |  |  |* |  |  |
  8: |  |  |* |1|  |  |  |3|  |  |  |
  7: |  |  |  |  |  |* |5|  |  |  |  |
  6: |* |  |3|3|  |^ |* |  |^ |  |^ |
  5: |* |  |  |3|^ |* |* |  |* |^ |^ |
  4: |  |* |  |^ |* |* |^ |* |* |* |* |
  3: |  |* |* |1|  |  |  |  |  |^ |  |
  2: |  |  |  |  |  |  |  |  |  |  |  |
  1: |  |  |  |  |  |  |^ |  |  |  |* |
  0: |  |5|  |  |  |7|  |  |  |  |* |
 -1: -----------------------
(Map 2fc41ad8-ee63-4aee-bff5-334c950508d0) Update #11: Epoch 11 ended
 y\x  0  1  2  3  4  5  6  7  8  9 10 
 11: -----------------------
 10: |  |  |* |8|  |  |  |  |  |  |  |
  9: |  |  |  |* |2|* |  |1|* |  |  |
  8: |  |  |* |  |  |  |  |  |  |  |  |
  7: |  |  |  |  |  |* |  |  |  |  |  |
  6: |* |  |7|^ |  |^ |5|  |^ |* |^ |
  5: |* |  |5|* |^ |* |^ |* |* |^ |^ |
  4: |  |* |6|^ |* |^ |^ |* |* |* |* |
  3: |  |* |* |  |  |  |  |  |  |^ |  |
  2: |  |  |  |  |4|  |  |  |  |  |  |
  1: |  |1|  |  |  |  |^ |  |  |  |* |
  0: |  |  |  |  |7|  |  |  |  |  |* |
 -1: -----------------------
(Map 2fc41ad8-ee63-4aee-bff5-334c950508d0) Update #12: Epoch 12 ended
 y\x  0  1  2  3  4  5  6  7  8  9 10 
 11: -----------------------
 10: |  |  |* |* |  |  |  |  |  |  |  |
  9: |  |  |  |5|  |3|  |  |* |  |  |
  8: |  |  |* |  |  |  |  |5|  |  |  |
  7: |  |  |  |2|  |* |  |  |  |  |  |
  6: |* |  |  |^ |  |^ |  |  |^ |^ |* |
  5: |* |7|  |* |^ |6|^ |* |* |^ |^ |
  4: |  |* |  |3|* |* |^ |* |^ |* |* |
  3: |  |* |* |  |1|  |  |  |  |^ |  |
  2: |  |  |  |  |  |  |  |  |  |  |  |
  1: |7|  |  |  |* |2|^ |  |  |  |^ |
  0: |  |  |  |  |  |  |  |  |  |  |* |
 -1: -----------------------
(Map 2fc41ad8-ee63-4aee-bff5-334c950508d0) Update #13: Epoch 13 ended
 y\x  0  1  2  3  4  5  6  7  8  9 10 
 11: -----------------------
 10: |  |  |* |* |  |  |  |  |  |  |  |
  9: |  |  |7|  |  |  |  |  |* |  |  |
  8: |  |  |* |  |  |5|  |  |  |  |  |
  7: |  |  |* |  |3|* |  |5|  |  |  |
  6: |* |  |  |^ |  |  |2|  |^ |^ |* |
  5: |* |  |3|* |* |^ |^ |* |^ |* |^ |
  4: |  |* |  |^ |^ |* |* |* |^ |* |* |
  3: |  |* |* |  |4|3|  |  |  |^ |  |
  2: |  |  |  |  |  |1|2|  |  |  |  |
  1: |  |  |  |  |* |  |^ |  |  |  |7|
  0: |  |  |  |  |  |  |  |  |  |  |^ |
 -1: -----------------------
(Map 2fc41ad8-ee63-4aee-bff5-334c950508d0) Update #14: Epoch 14 ended
 y\x  0  1  2  3  4  5  6  7  8  9 10 
 11: -----------------------
 10: |  |  |* |* |  |  |  |  |  |  |  |
  9: |  |  |  |  |  |  |  |  |* |  |  |
  8: |  |  |5|  |7|  |  |1|  |  |  |
  7: |  |  |* |  |  |3|  |  |  |  |  |
  6: |* |  |  |^ |* |  |  |  |  |^ |* |
  5: |* |  |  |* |^ |* |5|* |^ |^ |^ |
  4: |  |* |* |4|^ |* |* |* |* |* |^ |
  3: |  |^ |* |  |  |  |  |2|  |^ |  |
  2: |  |  |  |6|7|5|  |  |  |8|  |
  1: |  |  |  |  |* |  |^ |  |  |  |* |
  0: |  |  |  |  |  |  |  |  |  |  |^ |
 -1: -----------------------
(Map 2fc41ad8-ee63-4aee-bff5-334c950508d0) Update #15: Epoch 15 ended
 y\x  0  1  2  3  4  5  6  7  8  9 10 
 11: -----------------------
 10: |  |  |* |* |  |  |  |  |  |  |* |
  9: |  |8|  |  |  |  |  |  |* |  |  |
  8: |  |  |  |  |8|  |  |  |  |  |  |
  7: |  |  |* |  |5|^ |  |  |4|  |  |
  6: |* |  |* |^ |^ |  |  |* |  |^ |* |
  5: |* |  |8|^ |^ |7|^ |* |^ |^ |* |
  4: |* |^ |* |  |^ |* |* |* |* |* |^ |
  3: |  |^ |8|  |  |  |  |  |  |  |  |
  2: |  |  |  |  |  |  |  |  |4|  |3|
  1: |  |  |  |  |5|5|^ |  |  |  |* |
  0: |  |  |  |  |  |  |  |  |  |  |^ |
 -1: -----------------------
(Map 2fc41ad8-ee63-4aee-bff5-334c950508d0) Update #16: Epoch 16 ended
 y\x  0  1  2  3  4  5  6  7  8  9 10 
 11: -----------------------
 10: |  |1|^ |* |  |  |  |  |  |  |* |
  9: |  |  |  |  |  |  |  |* |* |  |  |
  8: |  |  |  |  |  |  |  |  |  |2|  |
  7: |  |  |* |  |  |4|  |  |  |  |  |
  6: |* |  |* |6|^ |  |  |^ |  |^ |^ |
  5: |* |  |  |^ |7|^ |^ |* |^ |^ |^ |
  4: |^ |* |* |* |^ |* |^ |* |* |* |^ |
  3: |  |^ |^ |3|  |  |  |  |  |  |  |
  2: |  |  |  |8|8|  |  |  |  |7|  |
  1: |  |  |  |  |  |  |  |  |  |4|* |
  0: |  |  |  |  |  |  |  |  |  |  |^ |
 -1: -----------------------
